[0.264s] Invoking command in '/root/ros_workspace/build/dynamic_obstacle_detector_interfaces': CMAKE_PREFIX_PATH=${CMAKE_PREFIX_PATH}:/root/ros_workspace/install/multi_robot_bringup:/root/ros_workspace/install/dynamic_obstacle_detector:/opt/ros/jazzy /usr/bin/cmake --build /root/ros_workspace/build/dynamic_obstacle_detector_interfaces -- -j12 -l12
[0.412s] [  2%] Built target dynamic_obstacle_detector_interfaces__rosidl_generator_type_description
[0.435s] [  2%] Built target ament_cmake_python_copy_dynamic_obstacle_detector_interfaces
[0.450s] [  4%] Built target dynamic_obstacle_detector_interfaces__cpp
[0.454s] [ 22%] Built target dynamic_obstacle_detector_interfaces__rosidl_generator_c
[0.524s] [ 34%] Built target dynamic_obstacle_detector_interfaces__rosidl_typesupport_c
[0.524s] [ 47%] Built target dynamic_obstacle_detector_interfaces__rosidl_typesupport_fastrtps_cpp
[0.524s] [ 50%] Built target dynamic_obstacle_detector_interfaces__rosidl_typesupport_introspection_c
[0.527s] [ 68%] Built target dynamic_obstacle_detector_interfaces__rosidl_typesupport_cpp
[0.527s] [ 68%] Built target dynamic_obstacle_detector_interfaces__rosidl_typesupport_introspection_cpp
[0.528s] [ 77%] Built target dynamic_obstacle_detector_interfaces__rosidl_typesupport_fastrtps_c
[0.533s] [ 77%] Built target dynamic_obstacle_detector_interfaces
[0.560s] [ 79%] Built target dynamic_obstacle_detector_interfaces__py
[0.590s] [ 86%] Built target dynamic_obstacle_detector_interfaces__rosidl_generator_py
[0.621s] [ 90%] Built target dynamic_obstacle_detector_interfaces_s__rosidl_typesupport_c
[0.624s] [ 95%] Built target dynamic_obstacle_detector_interfaces_s__rosidl_typesupport_introspection_c
[0.624s] [100%] Built target dynamic_obstacle_detector_interfaces_s__rosidl_typesupport_fastrtps_c
[0.681s] running egg_info
[0.699s] writing dynamic_obstacle_detector_interfaces.egg-info/PKG-INFO
[0.699s] writing dependency_links to dynamic_obstacle_detector_interfaces.egg-info/dependency_links.txt
[0.700s] writing top-level names to dynamic_obstacle_detector_interfaces.egg-info/top_level.txt
[0.751s] reading manifest file 'dynamic_obstacle_detector_interfaces.egg-info/SOURCES.txt'
[0.752s] writing manifest file 'dynamic_obstacle_detector_interfaces.egg-info/SOURCES.txt'
[0.784s] [100%] Built target ament_cmake_python_build_dynamic_obstacle_detector_interfaces_egg
[0.800s] Invoked command in '/root/ros_workspace/build/dynamic_obstacle_detector_interfaces' returned '0': CMAKE_PREFIX_PATH=${CMAKE_PREFIX_PATH}:/root/ros_workspace/install/multi_robot_bringup:/root/ros_workspace/install/dynamic_obstacle_detector:/opt/ros/jazzy /usr/bin/cmake --build /root/ros_workspace/build/dynamic_obstacle_detector_interfaces -- -j12 -l12
[0.802s] Invoking command in '/root/ros_workspace/build/dynamic_obstacle_detector_interfaces': CMAKE_PREFIX_PATH=${CMAKE_PREFIX_PATH}:/root/ros_workspace/install/multi_robot_bringup:/root/ros_workspace/install/dynamic_obstacle_detector:/opt/ros/jazzy /usr/bin/cmake --install /root/ros_workspace/build/dynamic_obstacle_detector_interfaces
[0.815s] -- Install configuration: ""
[0.815s] -- Up-to-date: /root/ros_workspace/install/dynamic_obstacle_detector_interfaces/share/ament_index/resource_index/rosidl_interfaces/dynamic_obstacle_detector_interfaces
[0.815s] -- Up-to-date: /root/ros_workspace/install/dynamic_obstacle_detector_interfaces/share/dynamic_obstacle_detector_interfaces/msg/TrackedObject.json
[0.815s] -- Up-to-date: /root/ros_workspace/install/dynamic_obstacle_detector_interfaces/share/dynamic_obstacle_detector_interfaces/msg/TrackedObjectArray.json
[0.816s] -- Up-to-date: /root/ros_workspace/install/dynamic_obstacle_detector_interfaces/include/dynamic_obstacle_detector_interfaces/dynamic_obstacle_detector_interfaces
[0.816s] -- Up-to-date: /root/ros_workspace/install/dynamic_obstacle_detector_interfaces/include/dynamic_obstacle_detector_interfaces/dynamic_obstacle_detector_interfaces/msg
[0.816s] -- Up-to-date: /root/ros_workspace/install/dynamic_obstacle_detector_interfaces/include/dynamic_obstacle_detector_interfaces/dynamic_obstacle_detector_interfaces/msg/tracked_object.h
[0.816s] -- Up-to-date: /root/ros_workspace/install/dynamic_obstacle_detector_interfaces/include/dynamic_obstacle_detector_interfaces/dynamic_obstacle_detector_interfaces/msg/rosidl_generator_c__visibility_control.h
[0.817s] -- Up-to-date: /root/ros_workspace/install/dynamic_obstacle_detector_interfaces/include/dynamic_obstacle_detector_interfaces/dynamic_obstacle_detector_interfaces/msg/tracked_object_array.h
[0.817s] -- Up-to-date: /root/ros_workspace/install/dynamic_obstacle_detector_interfaces/include/dynamic_obstacle_detector_interfaces/dynamic_obstacle_detector_interfaces/msg/detail
[0.817s] -- Up-to-date: /root/ros_workspace/install/dynamic_obstacle_detector_interfaces/include/dynamic_obstacle_detector_interfaces/dynamic_obstacle_detector_interfaces/msg/detail/tracked_object__type_support.c
[0.817s] -- Up-to-date: /root/ros_workspace/install/dynamic_obstacle_detector_interfaces/include/dynamic_obstacle_detector_interfaces/dynamic_obstacle_detector_interfaces/msg/detail/tracked_object_array__type_support.c
[0.817s] -- Up-to-date: /root/ros_workspace/install/dynamic_obstacle_detector_interfaces/include/dynamic_obstacle_detector_interfaces/dynamic_obstacle_detector_interfaces/msg/detail/tracked_object__type_support.h
[0.817s] -- Up-to-date: /root/ros_workspace/install/dynamic_obstacle_detector_interfaces/include/dynamic_obstacle_detector_interfaces/dynamic_obstacle_detector_interfaces/msg/detail/tracked_object__functions.c
[0.818s] -- Up-to-date: /root/ros_workspace/install/dynamic_obstacle_detector_interfaces/include/dynamic_obstacle_detector_interfaces/dynamic_obstacle_detector_interfaces/msg/detail/tracked_object_array__description.c
[0.818s] -- Up-to-date: /root/ros_workspace/install/dynamic_obstacle_detector_interfaces/include/dynamic_obstacle_detector_interfaces/dynamic_obstacle_detector_interfaces/msg/detail/tracked_object_array__functions.h
[0.818s] -- Up-to-date: /root/ros_workspace/install/dynamic_obstacle_detector_interfaces/include/dynamic_obstacle_detector_interfaces/dynamic_obstacle_detector_interfaces/msg/detail/tracked_object__description.c
[0.818s] -- Up-to-date: /root/ros_workspace/install/dynamic_obstacle_detector_interfaces/include/dynamic_obstacle_detector_interfaces/dynamic_obstacle_detector_interfaces/msg/detail/tracked_object_array__struct.h
[0.818s] -- Up-to-date: /root/ros_workspace/install/dynamic_obstacle_detector_interfaces/include/dynamic_obstacle_detector_interfaces/dynamic_obstacle_detector_interfaces/msg/detail/tracked_object__struct.h
[0.818s] -- Up-to-date: /root/ros_workspace/install/dynamic_obstacle_detector_interfaces/include/dynamic_obstacle_detector_interfaces/dynamic_obstacle_detector_interfaces/msg/detail/tracked_object__functions.h
[0.818s] -- Up-to-date: /root/ros_workspace/install/dynamic_obstacle_detector_interfaces/include/dynamic_obstacle_detector_interfaces/dynamic_obstacle_detector_interfaces/msg/detail/tracked_object_array__type_support.h
[0.818s] -- Up-to-date: /root/ros_workspace/install/dynamic_obstacle_detector_interfaces/include/dynamic_obstacle_detector_interfaces/dynamic_obstacle_detector_interfaces/msg/detail/tracked_object_array__functions.c
[0.818s] -- Up-to-date: /root/ros_workspace/install/dynamic_obstacle_detector_interfaces/share/dynamic_obstacle_detector_interfaces/environment/library_path.sh
[0.818s] -- Up-to-date: /root/ros_workspace/install/dynamic_obstacle_detector_interfaces/share/dynamic_obstacle_detector_interfaces/environment/library_path.dsv
[0.818s] -- Up-to-date: /root/ros_workspace/install/dynamic_obstacle_detector_interfaces/lib/libdynamic_obstacle_detector_interfaces__rosidl_generator_c.so
[0.818s] -- Up-to-date: /root/ros_workspace/install/dynamic_obstacle_detector_interfaces/include/dynamic_obstacle_detector_interfaces/dynamic_obstacle_detector_interfaces
[0.819s] -- Up-to-date: /root/ros_workspace/install/dynamic_obstacle_detector_interfaces/include/dynamic_obstacle_detector_interfaces/dynamic_obstacle_detector_interfaces/msg
[0.819s] -- Up-to-date: /root/ros_workspace/install/dynamic_obstacle_detector_interfaces/include/dynamic_obstacle_detector_interfaces/dynamic_obstacle_detector_interfaces/msg/rosidl_typesupport_fastrtps_c__visibility_control.h
[0.819s] -- Up-to-date: /root/ros_workspace/install/dynamic_obstacle_detector_interfaces/include/dynamic_obstacle_detector_interfaces/dynamic_obstacle_detector_interfaces/msg/detail
[0.819s] -- Up-to-date: /root/ros_workspace/install/dynamic_obstacle_detector_interfaces/include/dynamic_obstacle_detector_interfaces/dynamic_obstacle_detector_interfaces/msg/detail/tracked_object_array__rosidl_typesupport_fastrtps_c.h
[0.819s] -- Up-to-date: /root/ros_workspace/install/dynamic_obstacle_detector_interfaces/include/dynamic_obstacle_detector_interfaces/dynamic_obstacle_detector_interfaces/msg/detail/tracked_object__rosidl_typesupport_fastrtps_c.h
[0.820s] -- Up-to-date: /root/ros_workspace/install/dynamic_obstacle_detector_interfaces/lib/libdynamic_obstacle_detector_interfaces__rosidl_typesupport_fastrtps_c.so
[0.820s] -- Up-to-date: /root/ros_workspace/install/dynamic_obstacle_detector_interfaces/include/dynamic_obstacle_detector_interfaces/dynamic_obstacle_detector_interfaces
[0.820s] -- Up-to-date: /root/ros_workspace/install/dynamic_obstacle_detector_interfaces/include/dynamic_obstacle_detector_interfaces/dynamic_obstacle_detector_interfaces/msg
[0.821s] -- Up-to-date: /root/ros_workspace/install/dynamic_obstacle_detector_interfaces/include/dynamic_obstacle_detector_interfaces/dynamic_obstacle_detector_interfaces/msg/rosidl_typesupport_introspection_c__visibility_control.h
[0.821s] -- Up-to-date: /root/ros_workspace/install/dynamic_obstacle_detector_interfaces/include/dynamic_obstacle_detector_interfaces/dynamic_obstacle_detector_interfaces/msg/detail
[0.821s] -- Up-to-date: /root/ros_workspace/install/dynamic_obstacle_detector_interfaces/include/dynamic_obstacle_detector_interfaces/dynamic_obstacle_detector_interfaces/msg/detail/tracked_object__type_support.c
[0.821s] -- Up-to-date: /root/ros_workspace/install/dynamic_obstacle_detector_interfaces/include/dynamic_obstacle_detector_interfaces/dynamic_obstacle_detector_interfaces/msg/detail/tracked_object_array__type_support.c
[0.821s] -- Up-to-date: /root/ros_workspace/install/dynamic_obstacle_detector_interfaces/include/dynamic_obstacle_detector_interfaces/dynamic_obstacle_detector_interfaces/msg/detail/tracked_object__rosidl_typesupport_introspection_c.h
[0.821s] -- Up-to-date: /root/ros_workspace/install/dynamic_obstacle_detector_interfaces/include/dynamic_obstacle_detector_interfaces/dynamic_obstacle_detector_interfaces/msg/detail/tracked_object_array__rosidl_typesupport_introspection_c.h
[0.821s] -- Up-to-date: /root/ros_workspace/install/dynamic_obstacle_detector_interfaces/lib/libdynamic_obstacle_detector_interfaces__rosidl_typesupport_introspection_c.so
[0.822s] -- Up-to-date: /root/ros_workspace/install/dynamic_obstacle_detector_interfaces/lib/libdynamic_obstacle_detector_interfaces__rosidl_typesupport_c.so
[0.822s] -- Up-to-date: /root/ros_workspace/install/dynamic_obstacle_detector_interfaces/include/dynamic_obstacle_detector_interfaces/dynamic_obstacle_detector_interfaces
[0.822s] -- Up-to-date: /root/ros_workspace/install/dynamic_obstacle_detector_interfaces/include/dynamic_obstacle_detector_interfaces/dynamic_obstacle_detector_interfaces/msg
[0.822s] -- Up-to-date: /root/ros_workspace/install/dynamic_obstacle_detector_interfaces/include/dynamic_obstacle_detector_interfaces/dynamic_obstacle_detector_interfaces/msg/rosidl_generator_cpp__visibility_control.hpp
[0.823s] -- Up-to-date: /root/ros_workspace/install/dynamic_obstacle_detector_interfaces/include/dynamic_obstacle_detector_interfaces/dynamic_obstacle_detector_interfaces/msg/tracked_object.hpp
[0.823s] -- Up-to-date: /root/ros_workspace/install/dynamic_obstacle_detector_interfaces/include/dynamic_obstacle_detector_interfaces/dynamic_obstacle_detector_interfaces/msg/tracked_object_array.hpp
[0.823s] -- Up-to-date: /root/ros_workspace/install/dynamic_obstacle_detector_interfaces/include/dynamic_obstacle_detector_interfaces/dynamic_obstacle_detector_interfaces/msg/detail
[0.823s] -- Up-to-date: /root/ros_workspace/install/dynamic_obstacle_detector_interfaces/include/dynamic_obstacle_detector_interfaces/dynamic_obstacle_detector_interfaces/msg/detail/tracked_object__traits.hpp
[0.823s] -- Up-to-date: /root/ros_workspace/install/dynamic_obstacle_detector_interfaces/include/dynamic_obstacle_detector_interfaces/dynamic_obstacle_detector_interfaces/msg/detail/tracked_object__type_support.hpp
[0.823s] -- Up-to-date: /root/ros_workspace/install/dynamic_obstacle_detector_interfaces/include/dynamic_obstacle_detector_interfaces/dynamic_obstacle_detector_interfaces/msg/detail/tracked_object__struct.hpp
[0.823s] -- Up-to-date: /root/ros_workspace/install/dynamic_obstacle_detector_interfaces/include/dynamic_obstacle_detector_interfaces/dynamic_obstacle_detector_interfaces/msg/detail/tracked_object_array__traits.hpp
[0.824s] -- Up-to-date: /root/ros_workspace/install/dynamic_obstacle_detector_interfaces/include/dynamic_obstacle_detector_interfaces/dynamic_obstacle_detector_interfaces/msg/detail/tracked_object_array__builder.hpp
[0.824s] -- Up-to-date: /root/ros_workspace/install/dynamic_obstacle_detector_interfaces/include/dynamic_obstacle_detector_interfaces/dynamic_obstacle_detector_interfaces/msg/detail/tracked_object__builder.hpp
[0.824s] -- Up-to-date: /root/ros_workspace/install/dynamic_obstacle_detector_interfaces/include/dynamic_obstacle_detector_interfaces/dynamic_obstacle_detector_interfaces/msg/detail/tracked_object_array__type_support.hpp
[0.824s] -- Up-to-date: /root/ros_workspace/install/dynamic_obstacle_detector_interfaces/include/dynamic_obstacle_detector_interfaces/dynamic_obstacle_detector_interfaces/msg/detail/tracked_object_array__struct.hpp
[0.824s] -- Up-to-date: /root/ros_workspace/install/dynamic_obstacle_detector_interfaces/include/dynamic_obstacle_detector_interfaces/dynamic_obstacle_detector_interfaces
[0.824s] -- Up-to-date: /root/ros_workspace/install/dynamic_obstacle_detector_interfaces/include/dynamic_obstacle_detector_interfaces/dynamic_obstacle_detector_interfaces/msg
[0.824s] -- Up-to-date: /root/ros_workspace/install/dynamic_obstacle_detector_interfaces/include/dynamic_obstacle_detector_interfaces/dynamic_obstacle_detector_interfaces/msg/rosidl_typesupport_fastrtps_cpp__visibility_control.h
[0.824s] -- Up-to-date: /root/ros_workspace/install/dynamic_obstacle_detector_interfaces/include/dynamic_obstacle_detector_interfaces/dynamic_obstacle_detector_interfaces/msg/detail
[0.825s] -- Up-to-date: /root/ros_workspace/install/dynamic_obstacle_detector_interfaces/include/dynamic_obstacle_detector_interfaces/dynamic_obstacle_detector_interfaces/msg/detail/tracked_object__rosidl_typesupport_fastrtps_cpp.hpp
[0.825s] -- Up-to-date: /root/ros_workspace/install/dynamic_obstacle_detector_interfaces/include/dynamic_obstacle_detector_interfaces/dynamic_obstacle_detector_interfaces/msg/detail/tracked_object_array__rosidl_typesupport_fastrtps_cpp.hpp
[0.825s] -- Up-to-date: /root/ros_workspace/install/dynamic_obstacle_detector_interfaces/include/dynamic_obstacle_detector_interfaces/dynamic_obstacle_detector_interfaces/msg/detail/dds_fastrtps
[0.825s] -- Up-to-date: /root/ros_workspace/install/dynamic_obstacle_detector_interfaces/lib/libdynamic_obstacle_detector_interfaces__rosidl_typesupport_fastrtps_cpp.so
[0.825s] -- Up-to-date: /root/ros_workspace/install/dynamic_obstacle_detector_interfaces/include/dynamic_obstacle_detector_interfaces/dynamic_obstacle_detector_interfaces
[0.826s] -- Up-to-date: /root/ros_workspace/install/dynamic_obstacle_detector_interfaces/include/dynamic_obstacle_detector_interfaces/dynamic_obstacle_detector_interfaces/msg
[0.826s] -- Up-to-date: /root/ros_workspace/install/dynamic_obstacle_detector_interfaces/include/dynamic_obstacle_detector_interfaces/dynamic_obstacle_detector_interfaces/msg/detail
[0.826s] -- Up-to-date: /root/ros_workspace/install/dynamic_obstacle_detector_interfaces/include/dynamic_obstacle_detector_interfaces/dynamic_obstacle_detector_interfaces/msg/detail/tracked_object__rosidl_typesupport_introspection_cpp.hpp
[0.826s] -- Up-to-date: /root/ros_workspace/install/dynamic_obstacle_detector_interfaces/include/dynamic_obstacle_detector_interfaces/dynamic_obstacle_detector_interfaces/msg/detail/tracked_object__type_support.cpp
[0.826s] -- Up-to-date: /root/ros_workspace/install/dynamic_obstacle_detector_interfaces/include/dynamic_obstacle_detector_interfaces/dynamic_obstacle_detector_interfaces/msg/detail/tracked_object_array__rosidl_typesupport_introspection_cpp.hpp
[0.826s] -- Up-to-date: /root/ros_workspace/install/dynamic_obstacle_detector_interfaces/include/dynamic_obstacle_detector_interfaces/dynamic_obstacle_detector_interfaces/msg/detail/tracked_object_array__type_support.cpp
[0.826s] -- Up-to-date: /root/ros_workspace/install/dynamic_obstacle_detector_interfaces/lib/libdynamic_obstacle_detector_interfaces__rosidl_typesupport_introspection_cpp.so
[0.826s] -- Up-to-date: /root/ros_workspace/install/dynamic_obstacle_detector_interfaces/lib/libdynamic_obstacle_detector_interfaces__rosidl_typesupport_cpp.so
[0.826s] -- Up-to-date: /root/ros_workspace/install/dynamic_obstacle_detector_interfaces/share/dynamic_obstacle_detector_interfaces/environment/pythonpath.sh
[0.827s] -- Up-to-date: /root/ros_workspace/install/dynamic_obstacle_detector_interfaces/share/dynamic_obstacle_detector_interfaces/environment/pythonpath.dsv
[0.827s] -- Up-to-date: /root/ros_workspace/install/dynamic_obstacle_detector_interfaces/lib/python3.12/site-packages/dynamic_obstacle_detector_interfaces-0.0.0-py3.12.egg-info
[0.827s] -- Installing: /root/ros_workspace/install/dynamic_obstacle_detector_interfaces/lib/python3.12/site-packages/dynamic_obstacle_detector_interfaces-0.0.0-py3.12.egg-info/top_level.txt
[0.827s] -- Installing: /root/ros_workspace/install/dynamic_obstacle_detector_interfaces/lib/python3.12/site-packages/dynamic_obstacle_detector_interfaces-0.0.0-py3.12.egg-info/dependency_links.txt
[0.827s] -- Installing: /root/ros_workspace/install/dynamic_obstacle_detector_interfaces/lib/python3.12/site-packages/dynamic_obstacle_detector_interfaces-0.0.0-py3.12.egg-info/SOURCES.txt
[0.828s] -- Installing: /root/ros_workspace/install/dynamic_obstacle_detector_interfaces/lib/python3.12/site-packages/dynamic_obstacle_detector_interfaces-0.0.0-py3.12.egg-info/PKG-INFO
[0.828s] -- Up-to-date: /root/ros_workspace/install/dynamic_obstacle_detector_interfaces/lib/python3.12/site-packages/dynamic_obstacle_detector_interfaces
[0.828s] -- Up-to-date: /root/ros_workspace/install/dynamic_obstacle_detector_interfaces/lib/python3.12/site-packages/dynamic_obstacle_detector_interfaces/dynamic_obstacle_detector_interfaces_s__rosidl_typesupport_introspection_c.so
[0.828s] -- Up-to-date: /root/ros_workspace/install/dynamic_obstacle_detector_interfaces/lib/python3.12/site-packages/dynamic_obstacle_detector_interfaces/_dynamic_obstacle_detector_interfaces_s.ep.rosidl_typesupport_introspection_c.c
[0.828s] -- Up-to-date: /root/ros_workspace/install/dynamic_obstacle_detector_interfaces/lib/python3.12/site-packages/dynamic_obstacle_detector_interfaces/_dynamic_obstacle_detector_interfaces_s.ep.rosidl_typesupport_c.c
[0.828s] -- Up-to-date: /root/ros_workspace/install/dynamic_obstacle_detector_interfaces/lib/python3.12/site-packages/dynamic_obstacle_detector_interfaces/dynamic_obstacle_detector_interfaces_s__rosidl_typesupport_fastrtps_c.so
[0.829s] -- Up-to-date: /root/ros_workspace/install/dynamic_obstacle_detector_interfaces/lib/python3.12/site-packages/dynamic_obstacle_detector_interfaces/dynamic_obstacle_detector_interfaces_s__rosidl_typesupport_c.so
[0.829s] -- Up-to-date: /root/ros_workspace/install/dynamic_obstacle_detector_interfaces/lib/python3.12/site-packages/dynamic_obstacle_detector_interfaces/msg
[0.829s] -- Up-to-date: /root/ros_workspace/install/dynamic_obstacle_detector_interfaces/lib/python3.12/site-packages/dynamic_obstacle_detector_interfaces/msg/_tracked_object_s.c
[0.829s] -- Up-to-date: /root/ros_workspace/install/dynamic_obstacle_detector_interfaces/lib/python3.12/site-packages/dynamic_obstacle_detector_interfaces/msg/_tracked_object_array_s.c
[0.829s] -- Up-to-date: /root/ros_workspace/install/dynamic_obstacle_detector_interfaces/lib/python3.12/site-packages/dynamic_obstacle_detector_interfaces/msg/_tracked_object.py
[0.829s] -- Up-to-date: /root/ros_workspace/install/dynamic_obstacle_detector_interfaces/lib/python3.12/site-packages/dynamic_obstacle_detector_interfaces/msg/_tracked_object_array.py
[0.829s] -- Up-to-date: /root/ros_workspace/install/dynamic_obstacle_detector_interfaces/lib/python3.12/site-packages/dynamic_obstacle_detector_interfaces/msg/__init__.py
[0.830s] -- Up-to-date: /root/ros_workspace/install/dynamic_obstacle_detector_interfaces/lib/python3.12/site-packages/dynamic_obstacle_detector_interfaces/_dynamic_obstacle_detector_interfaces_s.ep.rosidl_typesupport_fastrtps_c.c
[0.830s] -- Up-to-date: /root/ros_workspace/install/dynamic_obstacle_detector_interfaces/lib/python3.12/site-packages/dynamic_obstacle_detector_interfaces/__init__.py
[0.864s] Listing '/root/ros_workspace/install/dynamic_obstacle_detector_interfaces/lib/python3.12/site-packages/dynamic_obstacle_detector_interfaces'...
[0.864s] Listing '/root/ros_workspace/install/dynamic_obstacle_detector_interfaces/lib/python3.12/site-packages/dynamic_obstacle_detector_interfaces/msg'...
[0.870s] -- Up-to-date: /root/ros_workspace/install/dynamic_obstacle_detector_interfaces/lib/python3.12/site-packages/dynamic_obstacle_detector_interfaces/dynamic_obstacle_detector_interfaces_s__rosidl_typesupport_fastrtps_c.so
[0.870s] -- Up-to-date: /root/ros_workspace/install/dynamic_obstacle_detector_interfaces/lib/python3.12/site-packages/dynamic_obstacle_detector_interfaces/dynamic_obstacle_detector_interfaces_s__rosidl_typesupport_introspection_c.so
[0.871s] -- Up-to-date: /root/ros_workspace/install/dynamic_obstacle_detector_interfaces/lib/python3.12/site-packages/dynamic_obstacle_detector_interfaces/dynamic_obstacle_detector_interfaces_s__rosidl_typesupport_c.so
[0.872s] -- Up-to-date: /root/ros_workspace/install/dynamic_obstacle_detector_interfaces/lib/libdynamic_obstacle_detector_interfaces__rosidl_generator_py.so
[0.872s] -- Up-to-date: /root/ros_workspace/install/dynamic_obstacle_detector_interfaces/share/dynamic_obstacle_detector_interfaces/msg/TrackedObject.idl
[0.872s] -- Up-to-date: /root/ros_workspace/install/dynamic_obstacle_detector_interfaces/share/dynamic_obstacle_detector_interfaces/msg/TrackedObjectArray.idl
[0.872s] -- Up-to-date: /root/ros_workspace/install/dynamic_obstacle_detector_interfaces/share/dynamic_obstacle_detector_interfaces/msg/TrackedObject.msg
[0.873s] -- Up-to-date: /root/ros_workspace/install/dynamic_obstacle_detector_interfaces/share/dynamic_obstacle_detector_interfaces/msg/TrackedObjectArray.msg
[0.873s] -- Up-to-date: /root/ros_workspace/install/dynamic_obstacle_detector_interfaces/share/ament_index/resource_index/package_run_dependencies/dynamic_obstacle_detector_interfaces
[0.873s] -- Up-to-date: /root/ros_workspace/install/dynamic_obstacle_detector_interfaces/share/ament_index/resource_index/parent_prefix_path/dynamic_obstacle_detector_interfaces
[0.873s] -- Up-to-date: /root/ros_workspace/install/dynamic_obstacle_detector_interfaces/share/dynamic_obstacle_detector_interfaces/environment/ament_prefix_path.sh
[0.873s] -- Up-to-date: /root/ros_workspace/install/dynamic_obstacle_detector_interfaces/share/dynamic_obstacle_detector_interfaces/environment/ament_prefix_path.dsv
[0.873s] -- Up-to-date: /root/ros_workspace/install/dynamic_obstacle_detector_interfaces/share/dynamic_obstacle_detector_interfaces/environment/path.sh
[0.873s] -- Up-to-date: /root/ros_workspace/install/dynamic_obstacle_detector_interfaces/share/dynamic_obstacle_detector_interfaces/environment/path.dsv
[0.873s] -- Up-to-date: /root/ros_workspace/install/dynamic_obstacle_detector_interfaces/share/dynamic_obstacle_detector_interfaces/local_setup.bash
[0.874s] -- Up-to-date: /root/ros_workspace/install/dynamic_obstacle_detector_interfaces/share/dynamic_obstacle_detector_interfaces/local_setup.sh
[0.874s] -- Up-to-date: /root/ros_workspace/install/dynamic_obstacle_detector_interfaces/share/dynamic_obstacle_detector_interfaces/local_setup.zsh
[0.874s] -- Up-to-date: /root/ros_workspace/install/dynamic_obstacle_detector_interfaces/share/dynamic_obstacle_detector_interfaces/local_setup.dsv
[0.874s] -- Installing: /root/ros_workspace/install/dynamic_obstacle_detector_interfaces/share/dynamic_obstacle_detector_interfaces/package.dsv
[0.874s] -- Up-to-date: /root/ros_workspace/install/dynamic_obstacle_detector_interfaces/share/ament_index/resource_index/packages/dynamic_obstacle_detector_interfaces
[0.874s] -- Up-to-date: /root/ros_workspace/install/dynamic_obstacle_detector_interfaces/share/dynamic_obstacle_detector_interfaces/cmake/export_dynamic_obstacle_detector_interfaces__rosidl_generator_cExport.cmake
[0.874s] -- Up-to-date: /root/ros_workspace/install/dynamic_obstacle_detector_interfaces/share/dynamic_obstacle_detector_interfaces/cmake/export_dynamic_obstacle_detector_interfaces__rosidl_generator_cExport-noconfig.cmake
[0.875s] -- Up-to-date: /root/ros_workspace/install/dynamic_obstacle_detector_interfaces/share/dynamic_obstacle_detector_interfaces/cmake/export_dynamic_obstacle_detector_interfaces__rosidl_typesupport_fastrtps_cExport.cmake
[0.875s] -- Up-to-date: /root/ros_workspace/install/dynamic_obstacle_detector_interfaces/share/dynamic_obstacle_detector_interfaces/cmake/export_dynamic_obstacle_detector_interfaces__rosidl_typesupport_fastrtps_cExport-noconfig.cmake
[0.875s] -- Up-to-date: /root/ros_workspace/install/dynamic_obstacle_detector_interfaces/share/dynamic_obstacle_detector_interfaces/cmake/dynamic_obstacle_detector_interfaces__rosidl_typesupport_introspection_cExport.cmake
[0.875s] -- Up-to-date: /root/ros_workspace/install/dynamic_obstacle_detector_interfaces/share/dynamic_obstacle_detector_interfaces/cmake/dynamic_obstacle_detector_interfaces__rosidl_typesupport_introspection_cExport-noconfig.cmake
[0.875s] -- Up-to-date: /root/ros_workspace/install/dynamic_obstacle_detector_interfaces/share/dynamic_obstacle_detector_interfaces/cmake/dynamic_obstacle_detector_interfaces__rosidl_typesupport_cExport.cmake
[0.875s] -- Up-to-date: /root/ros_workspace/install/dynamic_obstacle_detector_interfaces/share/dynamic_obstacle_detector_interfaces/cmake/dynamic_obstacle_detector_interfaces__rosidl_typesupport_cExport-noconfig.cmake
[0.876s] -- Up-to-date: /root/ros_workspace/install/dynamic_obstacle_detector_interfaces/share/dynamic_obstacle_detector_interfaces/cmake/export_dynamic_obstacle_detector_interfaces__rosidl_generator_cppExport.cmake
[0.876s] -- Up-to-date: /root/ros_workspace/install/dynamic_obstacle_detector_interfaces/share/dynamic_obstacle_detector_interfaces/cmake/export_dynamic_obstacle_detector_interfaces__rosidl_typesupport_fastrtps_cppExport.cmake
[0.876s] -- Up-to-date: /root/ros_workspace/install/dynamic_obstacle_detector_interfaces/share/dynamic_obstacle_detector_interfaces/cmake/export_dynamic_obstacle_detector_interfaces__rosidl_typesupport_fastrtps_cppExport-noconfig.cmake
[0.877s] -- Up-to-date: /root/ros_workspace/install/dynamic_obstacle_detector_interfaces/share/dynamic_obstacle_detector_interfaces/cmake/dynamic_obstacle_detector_interfaces__rosidl_typesupport_introspection_cppExport.cmake
[0.877s] -- Up-to-date: /root/ros_workspace/install/dynamic_obstacle_detector_interfaces/share/dynamic_obstacle_detector_interfaces/cmake/dynamic_obstacle_detector_interfaces__rosidl_typesupport_introspection_cppExport-noconfig.cmake
[0.877s] -- Up-to-date: /root/ros_workspace/install/dynamic_obstacle_detector_interfaces/share/dynamic_obstacle_detector_interfaces/cmake/dynamic_obstacle_detector_interfaces__rosidl_typesupport_cppExport.cmake
[0.877s] -- Up-to-date: /root/ros_workspace/install/dynamic_obstacle_detector_interfaces/share/dynamic_obstacle_detector_interfaces/cmake/dynamic_obstacle_detector_interfaces__rosidl_typesupport_cppExport-noconfig.cmake
[0.878s] -- Up-to-date: /root/ros_workspace/install/dynamic_obstacle_detector_interfaces/share/dynamic_obstacle_detector_interfaces/cmake/export_dynamic_obstacle_detector_interfaces__rosidl_generator_pyExport.cmake
[0.878s] -- Up-to-date: /root/ros_workspace/install/dynamic_obstacle_detector_interfaces/share/dynamic_obstacle_detector_interfaces/cmake/export_dynamic_obstacle_detector_interfaces__rosidl_generator_pyExport-noconfig.cmake
[0.878s] -- Up-to-date: /root/ros_workspace/install/dynamic_obstacle_detector_interfaces/share/dynamic_obstacle_detector_interfaces/cmake/rosidl_cmake-extras.cmake
[0.878s] -- Up-to-date: /root/ros_workspace/install/dynamic_obstacle_detector_interfaces/share/dynamic_obstacle_detector_interfaces/cmake/ament_cmake_export_dependencies-extras.cmake
[0.879s] -- Up-to-date: /root/ros_workspace/install/dynamic_obstacle_detector_interfaces/share/dynamic_obstacle_detector_interfaces/cmake/ament_cmake_export_include_directories-extras.cmake
[0.879s] -- Up-to-date: /root/ros_workspace/install/dynamic_obstacle_detector_interfaces/share/dynamic_obstacle_detector_interfaces/cmake/ament_cmake_export_libraries-extras.cmake
[0.879s] -- Up-to-date: /root/ros_workspace/install/dynamic_obstacle_detector_interfaces/share/dynamic_obstacle_detector_interfaces/cmake/ament_cmake_export_targets-extras.cmake
[0.879s] -- Up-to-date: /root/ros_workspace/install/dynamic_obstacle_detector_interfaces/share/dynamic_obstacle_detector_interfaces/cmake/rosidl_cmake_export_typesupport_targets-extras.cmake
[0.879s] -- Up-to-date: /root/ros_workspace/install/dynamic_obstacle_detector_interfaces/share/dynamic_obstacle_detector_interfaces/cmake/rosidl_cmake_export_typesupport_libraries-extras.cmake
[0.880s] -- Up-to-date: /root/ros_workspace/install/dynamic_obstacle_detector_interfaces/share/dynamic_obstacle_detector_interfaces/cmake/dynamic_obstacle_detector_interfacesConfig.cmake
[0.880s] -- Up-to-date: /root/ros_workspace/install/dynamic_obstacle_detector_interfaces/share/dynamic_obstacle_detector_interfaces/cmake/dynamic_obstacle_detector_interfacesConfig-version.cmake
[0.880s] -- Up-to-date: /root/ros_workspace/install/dynamic_obstacle_detector_interfaces/share/dynamic_obstacle_detector_interfaces/package.xml
[0.881s] Invoked command in '/root/ros_workspace/build/dynamic_obstacle_detector_interfaces' returned '0': CMAKE_PREFIX_PATH=${CMAKE_PREFIX_PATH}:/root/ros_workspace/install/multi_robot_bringup:/root/ros_workspace/install/dynamic_obstacle_detector:/opt/ros/jazzy /usr/bin/cmake --install /root/ros_workspace/build/dynamic_obstacle_detector_interfaces
