[0.792s] Invoking command in '/root/ros_workspace/src/dynamic_obstacle_detector': PYTHONPATH=/root/ros_workspace/build/dynamic_obstacle_detector/prefix_override:/usr/lib/python3/dist-packages/colcon_core/task/python/colcon_distutils_commands:/root/ros_workspace/install/dynamic_obstacle_detector/lib/python3.12/site-packages:${PYTHONPATH} /usr/bin/python3 -W ignore:setup.py install is deprecated -W ignore:easy_install command is deprecated setup.py egg_info --egg-base ../../build/dynamic_obstacle_detector build --build-base /root/ros_workspace/build/dynamic_obstacle_detector/build install --record /root/ros_workspace/build/dynamic_obstacle_detector/install.log --single-version-externally-managed install_data
[1.037s] running egg_info
[1.037s] creating ../../build/dynamic_obstacle_detector/dynamic_obstacle_detector.egg-info
[1.054s] writing ../../build/dynamic_obstacle_detector/dynamic_obstacle_detector.egg-info/PKG-INFO
[1.054s] writing dependency_links to ../../build/dynamic_obstacle_detector/dynamic_obstacle_detector.egg-info/dependency_links.txt
[1.055s] writing entry points to ../../build/dynamic_obstacle_detector/dynamic_obstacle_detector.egg-info/entry_points.txt
[1.055s] writing requirements to ../../build/dynamic_obstacle_detector/dynamic_obstacle_detector.egg-info/requires.txt
[1.055s] writing top-level names to ../../build/dynamic_obstacle_detector/dynamic_obstacle_detector.egg-info/top_level.txt
[1.055s] writing manifest file '../../build/dynamic_obstacle_detector/dynamic_obstacle_detector.egg-info/SOURCES.txt'
[1.098s] reading manifest file '../../build/dynamic_obstacle_detector/dynamic_obstacle_detector.egg-info/SOURCES.txt'
[1.098s] writing manifest file '../../build/dynamic_obstacle_detector/dynamic_obstacle_detector.egg-info/SOURCES.txt'
[1.099s] running build
[1.099s] running build_py
[1.099s] creating /root/ros_workspace/build/dynamic_obstacle_detector/build
[1.099s] creating /root/ros_workspace/build/dynamic_obstacle_detector/build/lib
[1.099s] creating /root/ros_workspace/build/dynamic_obstacle_detector/build/lib/dynamic_obstacle_detector
[1.100s] copying dynamic_obstacle_detector/obstacle_detector_node.py -> /root/ros_workspace/build/dynamic_obstacle_detector/build/lib/dynamic_obstacle_detector
[1.100s] copying dynamic_obstacle_detector/__init__.py -> /root/ros_workspace/build/dynamic_obstacle_detector/build/lib/dynamic_obstacle_detector
[1.100s] running install
[1.106s] running install_lib
[1.132s] creating /root/ros_workspace/install/dynamic_obstacle_detector/lib/python3.12/site-packages/dynamic_obstacle_detector
[1.133s] copying /root/ros_workspace/build/dynamic_obstacle_detector/build/lib/dynamic_obstacle_detector/obstacle_detector_node.py -> /root/ros_workspace/install/dynamic_obstacle_detector/lib/python3.12/site-packages/dynamic_obstacle_detector
[1.133s] copying /root/ros_workspace/build/dynamic_obstacle_detector/build/lib/dynamic_obstacle_detector/__init__.py -> /root/ros_workspace/install/dynamic_obstacle_detector/lib/python3.12/site-packages/dynamic_obstacle_detector
[1.133s] byte-compiling /root/ros_workspace/install/dynamic_obstacle_detector/lib/python3.12/site-packages/dynamic_obstacle_detector/obstacle_detector_node.py to obstacle_detector_node.cpython-312.pyc
[1.138s] byte-compiling /root/ros_workspace/install/dynamic_obstacle_detector/lib/python3.12/site-packages/dynamic_obstacle_detector/__init__.py to __init__.cpython-312.pyc
[1.139s] running install_data
[1.139s] creating /root/ros_workspace/install/dynamic_obstacle_detector/share/ament_index
[1.139s] creating /root/ros_workspace/install/dynamic_obstacle_detector/share/ament_index/resource_index
[1.140s] creating /root/ros_workspace/install/dynamic_obstacle_detector/share/ament_index/resource_index/packages
[1.140s] copying resource/dynamic_obstacle_detector -> /root/ros_workspace/install/dynamic_obstacle_detector/share/ament_index/resource_index/packages
[1.140s] copying package.xml -> /root/ros_workspace/install/dynamic_obstacle_detector/share/dynamic_obstacle_detector
[1.140s] creating /root/ros_workspace/install/dynamic_obstacle_detector/share/dynamic_obstacle_detector/launch
[1.140s] running install_egg_info
[1.159s] Copying ../../build/dynamic_obstacle_detector/dynamic_obstacle_detector.egg-info to /root/ros_workspace/install/dynamic_obstacle_detector/lib/python3.12/site-packages/dynamic_obstacle_detector-0.0.1-py3.12.egg-info
[1.160s] running install_scripts
[1.277s] Installing obstacle_detector_node script to /root/ros_workspace/install/dynamic_obstacle_detector/lib/dynamic_obstacle_detector
[1.277s] writing list of installed files to '/root/ros_workspace/build/dynamic_obstacle_detector/install.log'
[1.314s] Invoked command in '/root/ros_workspace/src/dynamic_obstacle_detector' returned '0': PYTHONPATH=/root/ros_workspace/build/dynamic_obstacle_detector/prefix_override:/usr/lib/python3/dist-packages/colcon_core/task/python/colcon_distutils_commands:/root/ros_workspace/install/dynamic_obstacle_detector/lib/python3.12/site-packages:${PYTHONPATH} /usr/bin/python3 -W ignore:setup.py install is deprecated -W ignore:easy_install command is deprecated setup.py egg_info --egg-base ../../build/dynamic_obstacle_detector build --build-base /root/ros_workspace/build/dynamic_obstacle_detector/build install --record /root/ros_workspace/build/dynamic_obstacle_detector/install.log --single-version-externally-managed install_data
