[0.236s] DEBUG:colcon:Command line arguments: ['/usr/bin/colcon', 'build']
[0.236s] DEBUG:colcon:Parsed command line arguments: Namespace(log_base=None, log_level=None, verb_name='build', build_base='build', install_base='install', merge_install=False, symlink_install=False, test_result_base=None, continue_on_error=False, executor='parallel', parallel_workers=12, event_handlers=None, ignore_user_meta=False, metas=['./colcon.meta'], base_paths=['.'], packages_ignore=None, packages_ignore_regex=None, paths=None, packages_up_to=None, packages_up_to_regex=None, packages_above=None, packages_above_and_dependencies=None, packages_above_depth=None, packages_select_by_dep=None, packages_skip_by_dep=None, packages_skip_up_to=None, packages_select_build_failed=False, packages_skip_build_finished=False, packages_select_test_failures=False, packages_skip_test_passed=False, packages_select=None, packages_skip=None, packages_select_regex=None, packages_skip_regex=None, packages_start=None, packages_end=None, cmake_args=None, cmake_target=None, cmake_target_skip_unavailable=False, cmake_clean_cache=False, cmake_clean_first=False, cmake_force_configure=False, ament_cmake_args=None, catkin_cmake_args=None, catkin_skip_building_tests=False, mixin_files=None, mixin=None, verb_parser=<colcon_mixin.mixin.mixin_argument.MixinArgumentDecorator object at 0x737eeb260230>, verb_extension=<colcon_core.verb.build.BuildVerb object at 0x737eeb233ef0>, main=<bound method BuildVerb.main of <colcon_core.verb.build.BuildVerb object at 0x737eeb233ef0>>, mixin_verb=('build',))
[0.307s] Level 1:colcon.colcon_core.package_discovery:discover_packages(colcon_meta) check parameters
[0.308s] INFO:colcon.colcon_metadata.package_discovery.colcon_meta:Using configuration from '/root/.colcon/metadata/default/Gazebo.meta'
[0.309s] INFO:colcon.colcon_metadata.package_discovery.colcon_meta:Using configuration from '/root/.colcon/metadata/default/fastdds.meta'
[0.309s] INFO:colcon.colcon_metadata.package_discovery.colcon_meta:Using configuration from '/root/.colcon/metadata/default/fastrtps.meta'
[0.310s] Level 1:colcon.colcon_core.package_discovery:discover_packages(recursive) check parameters
[0.310s] Level 1:colcon.colcon_core.package_discovery:discover_packages(ignore) check parameters
[0.310s] Level 1:colcon.colcon_core.package_discovery:discover_packages(path) check parameters
[0.310s] Level 1:colcon.colcon_core.package_discovery:discover_packages(colcon_meta) discover
[0.310s] Level 1:colcon.colcon_core.package_discovery:discover_packages(recursive) discover
[0.310s] INFO:colcon.colcon_core.package_discovery:Crawling recursively for packages in '/root/ros_workspace'
[0.310s] Level 1:colcon.colcon_core.package_identification:_identify(.) by extensions ['ignore', 'ignore_ament_install']
[0.310s] Level 1:colcon.colcon_core.package_identification:_identify(.) by extension 'ignore'
[0.310s] Level 1:colcon.colcon_core.package_identification:_identify(.) by extension 'ignore_ament_install'
[0.310s] Level 1:colcon.colcon_core.package_identification:_identify(.) by extensions ['colcon_pkg']
[0.310s] Level 1:colcon.colcon_core.package_identification:_identify(.) by extension 'colcon_pkg'
[0.310s] Level 1:colcon.colcon_core.package_identification:_identify(.) by extensions ['colcon_meta']
[0.310s] Level 1:colcon.colcon_core.package_identification:_identify(.) by extension 'colcon_meta'
[0.310s] Level 1:colcon.colcon_core.package_identification:_identify(.) by extensions ['ros']
[0.310s] Level 1:colcon.colcon_core.package_identification:_identify(.) by extension 'ros'
[0.346s] Level 1:colcon.colcon_core.package_identification:_identify(.) by extensions ['cmake', 'python']
[0.347s] Level 1:colcon.colcon_core.package_identification:_identify(.) by extension 'cmake'
[0.347s] Level 1:colcon.colcon_core.package_identification:_identify(.) by extension 'python'
[0.347s] Level 1:colcon.colcon_core.package_identification:_identify(.) by extensions ['python_setup_py']
[0.347s] Level 1:colcon.colcon_core.package_identification:_identify(.) by extension 'python_setup_py'
[0.347s] Level 1:colcon.colcon_core.package_identification:_identify(build) by extensions ['ignore', 'ignore_ament_install']
[0.347s] Level 1:colcon.colcon_core.package_identification:_identify(build) by extension 'ignore'
[0.347s] Level 1:colcon.colcon_core.package_identification:_identify(build) ignored
[0.347s] Level 1:colcon.colcon_core.package_identification:_identify(install) by extensions ['ignore', 'ignore_ament_install']
[0.347s] Level 1:colcon.colcon_core.package_identification:_identify(install) by extension 'ignore'
[0.347s] Level 1:colcon.colcon_core.package_identification:_identify(install) ignored
[0.348s] Level 1:colcon.colcon_core.package_identification:_identify(log) by extensions ['ignore', 'ignore_ament_install']
[0.348s] Level 1:colcon.colcon_core.package_identification:_identify(log) by extension 'ignore'
[0.348s] Level 1:colcon.colcon_core.package_identification:_identify(log) ignored
[0.348s] Level 1:colcon.colcon_core.package_identification:_identify(src) by extensions ['ignore', 'ignore_ament_install']
[0.348s] Level 1:colcon.colcon_core.package_identification:_identify(src) by extension 'ignore'
[0.348s] Level 1:colcon.colcon_core.package_identification:_identify(src) by extension 'ignore_ament_install'
[0.348s] Level 1:colcon.colcon_core.package_identification:_identify(src) by extensions ['colcon_pkg']
[0.348s] Level 1:colcon.colcon_core.package_identification:_identify(src) by extension 'colcon_pkg'
[0.348s] Level 1:colcon.colcon_core.package_identification:_identify(src) by extensions ['colcon_meta']
[0.348s] Level 1:colcon.colcon_core.package_identification:_identify(src) by extension 'colcon_meta'
[0.348s] Level 1:colcon.colcon_core.package_identification:_identify(src) by extensions ['ros']
[0.348s] Level 1:colcon.colcon_core.package_identification:_identify(src) by extension 'ros'
[0.348s] Level 1:colcon.colcon_core.package_identification:_identify(src) by extensions ['cmake', 'python']
[0.348s] Level 1:colcon.colcon_core.package_identification:_identify(src) by extension 'cmake'
[0.348s] Level 1:colcon.colcon_core.package_identification:_identify(src) by extension 'python'
[0.348s] Level 1:colcon.colcon_core.package_identification:_identify(src) by extensions ['python_setup_py']
[0.348s] Level 1:colcon.colcon_core.package_identification:_identify(src) by extension 'python_setup_py'
[0.348s] Level 1:colcon.colcon_core.package_identification:_identify(src/dynamic_obstacle_detector) by extensions ['ignore', 'ignore_ament_install']
[0.348s] Level 1:colcon.colcon_core.package_identification:_identify(src/dynamic_obstacle_detector) by extension 'ignore'
[0.349s] Level 1:colcon.colcon_core.package_identification:_identify(src/dynamic_obstacle_detector) by extension 'ignore_ament_install'
[0.349s] Level 1:colcon.colcon_core.package_identification:_identify(src/dynamic_obstacle_detector) by extensions ['colcon_pkg']
[0.349s] Level 1:colcon.colcon_core.package_identification:_identify(src/dynamic_obstacle_detector) by extension 'colcon_pkg'
[0.349s] Level 1:colcon.colcon_core.package_identification:_identify(src/dynamic_obstacle_detector) by extensions ['colcon_meta']
[0.349s] Level 1:colcon.colcon_core.package_identification:_identify(src/dynamic_obstacle_detector) by extension 'colcon_meta'
[0.349s] Level 1:colcon.colcon_core.package_identification:_identify(src/dynamic_obstacle_detector) by extensions ['ros']
[0.349s] Level 1:colcon.colcon_core.package_identification:_identify(src/dynamic_obstacle_detector) by extension 'ros'
[0.353s] DEBUG:colcon.colcon_core.package_identification:Package 'src/dynamic_obstacle_detector' with type 'ros.ament_python' and name 'dynamic_obstacle_detector'
[0.353s] Level 1:colcon.colcon_core.package_identification:_identify(src/dynamic_obstacle_detector_interfaces) by extensions ['ignore', 'ignore_ament_install']
[0.353s] Level 1:colcon.colcon_core.package_identification:_identify(src/dynamic_obstacle_detector_interfaces) by extension 'ignore'
[0.353s] Level 1:colcon.colcon_core.package_identification:_identify(src/dynamic_obstacle_detector_interfaces) by extension 'ignore_ament_install'
[0.353s] Level 1:colcon.colcon_core.package_identification:_identify(src/dynamic_obstacle_detector_interfaces) by extensions ['colcon_pkg']
[0.354s] Level 1:colcon.colcon_core.package_identification:_identify(src/dynamic_obstacle_detector_interfaces) by extension 'colcon_pkg'
[0.354s] Level 1:colcon.colcon_core.package_identification:_identify(src/dynamic_obstacle_detector_interfaces) by extensions ['colcon_meta']
[0.354s] Level 1:colcon.colcon_core.package_identification:_identify(src/dynamic_obstacle_detector_interfaces) by extension 'colcon_meta'
[0.354s] Level 1:colcon.colcon_core.package_identification:_identify(src/dynamic_obstacle_detector_interfaces) by extensions ['ros']
[0.354s] Level 1:colcon.colcon_core.package_identification:_identify(src/dynamic_obstacle_detector_interfaces) by extension 'ros'
[0.355s] DEBUG:colcon.colcon_core.package_identification:Package 'src/dynamic_obstacle_detector_interfaces' with type 'ros.ament_cmake' and name 'dynamic_obstacle_detector_interfaces'
[0.355s] Level 1:colcon.colcon_core.package_identification:_identify(src/multi_robot_bringup) by extensions ['ignore', 'ignore_ament_install']
[0.355s] Level 1:colcon.colcon_core.package_identification:_identify(src/multi_robot_bringup) by extension 'ignore'
[0.355s] Level 1:colcon.colcon_core.package_identification:_identify(src/multi_robot_bringup) by extension 'ignore_ament_install'
[0.355s] Level 1:colcon.colcon_core.package_identification:_identify(src/multi_robot_bringup) by extensions ['colcon_pkg']
[0.355s] Level 1:colcon.colcon_core.package_identification:_identify(src/multi_robot_bringup) by extension 'colcon_pkg'
[0.355s] Level 1:colcon.colcon_core.package_identification:_identify(src/multi_robot_bringup) by extensions ['colcon_meta']
[0.355s] Level 1:colcon.colcon_core.package_identification:_identify(src/multi_robot_bringup) by extension 'colcon_meta'
[0.355s] Level 1:colcon.colcon_core.package_identification:_identify(src/multi_robot_bringup) by extensions ['ros']
[0.355s] Level 1:colcon.colcon_core.package_identification:_identify(src/multi_robot_bringup) by extension 'ros'
[0.356s] DEBUG:colcon.colcon_core.package_identification:Package 'src/multi_robot_bringup' with type 'ros.ament_python' and name 'multi_robot_bringup'
[0.356s] Level 1:colcon.colcon_core.package_identification:_identify(src/turtlebot3_gazebo) by extensions ['ignore', 'ignore_ament_install']
[0.356s] Level 1:colcon.colcon_core.package_identification:_identify(src/turtlebot3_gazebo) by extension 'ignore'
[0.356s] Level 1:colcon.colcon_core.package_identification:_identify(src/turtlebot3_gazebo) by extension 'ignore_ament_install'
[0.356s] Level 1:colcon.colcon_core.package_identification:_identify(src/turtlebot3_gazebo) by extensions ['colcon_pkg']
[0.356s] Level 1:colcon.colcon_core.package_identification:_identify(src/turtlebot3_gazebo) by extension 'colcon_pkg'
[0.357s] Level 1:colcon.colcon_core.package_identification:_identify(src/turtlebot3_gazebo) by extensions ['colcon_meta']
[0.357s] Level 1:colcon.colcon_core.package_identification:_identify(src/turtlebot3_gazebo) by extension 'colcon_meta'
[0.357s] Level 1:colcon.colcon_core.package_identification:_identify(src/turtlebot3_gazebo) by extensions ['ros']
[0.357s] Level 1:colcon.colcon_core.package_identification:_identify(src/turtlebot3_gazebo) by extension 'ros'
[0.358s] DEBUG:colcon.colcon_core.package_identification:Package 'src/turtlebot3_gazebo' with type 'ros.ament_cmake' and name 'turtlebot3_gazebo'
[0.358s] Level 1:colcon.colcon_core.package_discovery:discover_packages(recursive) using defaults
[0.358s] Level 1:colcon.colcon_core.package_discovery:discover_packages(ignore) discover
[0.358s] Level 1:colcon.colcon_core.package_discovery:discover_packages(ignore) using defaults
[0.358s] Level 1:colcon.colcon_core.package_discovery:discover_packages(path) discover
[0.358s] Level 1:colcon.colcon_core.package_discovery:discover_packages(path) using defaults
[0.385s] Level 5:colcon.colcon_core.verb:set package 'dynamic_obstacle_detector' build argument 'cmake_args' from command line to 'None'
[0.385s] Level 5:colcon.colcon_core.verb:set package 'dynamic_obstacle_detector' build argument 'cmake_target' from command line to 'None'
[0.385s] Level 5:colcon.colcon_core.verb:set package 'dynamic_obstacle_detector' build argument 'cmake_target_skip_unavailable' from command line to 'False'
[0.385s] Level 5:colcon.colcon_core.verb:set package 'dynamic_obstacle_detector' build argument 'cmake_clean_cache' from command line to 'False'
[0.385s] Level 5:colcon.colcon_core.verb:set package 'dynamic_obstacle_detector' build argument 'cmake_clean_first' from command line to 'False'
[0.385s] Level 5:colcon.colcon_core.verb:set package 'dynamic_obstacle_detector' build argument 'cmake_force_configure' from command line to 'False'
[0.385s] Level 5:colcon.colcon_core.verb:set package 'dynamic_obstacle_detector' build argument 'ament_cmake_args' from command line to 'None'
[0.385s] Level 5:colcon.colcon_core.verb:set package 'dynamic_obstacle_detector' build argument 'catkin_cmake_args' from command line to 'None'
[0.385s] Level 5:colcon.colcon_core.verb:set package 'dynamic_obstacle_detector' build argument 'catkin_skip_building_tests' from command line to 'False'
[0.385s] DEBUG:colcon.colcon_core.verb:Building package 'dynamic_obstacle_detector' with the following arguments: {'ament_cmake_args': None, 'build_base': '/root/ros_workspace/build/dynamic_obstacle_detector', 'catkin_cmake_args': None, 'catkin_skip_building_tests': False, 'cmake_args': None, 'cmake_clean_cache': False, 'cmake_clean_first': False, 'cmake_force_configure': False, 'cmake_target': None, 'cmake_target_skip_unavailable': False, 'install_base': '/root/ros_workspace/install/dynamic_obstacle_detector', 'merge_install': False, 'path': '/root/ros_workspace/src/dynamic_obstacle_detector', 'symlink_install': False, 'test_result_base': None}
[0.385s] Level 5:colcon.colcon_core.verb:set package 'dynamic_obstacle_detector_interfaces' build argument 'cmake_args' from command line to 'None'
[0.385s] Level 5:colcon.colcon_core.verb:set package 'dynamic_obstacle_detector_interfaces' build argument 'cmake_target' from command line to 'None'
[0.385s] Level 5:colcon.colcon_core.verb:set package 'dynamic_obstacle_detector_interfaces' build argument 'cmake_target_skip_unavailable' from command line to 'False'
[0.385s] Level 5:colcon.colcon_core.verb:set package 'dynamic_obstacle_detector_interfaces' build argument 'cmake_clean_cache' from command line to 'False'
[0.385s] Level 5:colcon.colcon_core.verb:set package 'dynamic_obstacle_detector_interfaces' build argument 'cmake_clean_first' from command line to 'False'
[0.385s] Level 5:colcon.colcon_core.verb:set package 'dynamic_obstacle_detector_interfaces' build argument 'cmake_force_configure' from command line to 'False'
[0.385s] Level 5:colcon.colcon_core.verb:set package 'dynamic_obstacle_detector_interfaces' build argument 'ament_cmake_args' from command line to 'None'
[0.385s] Level 5:colcon.colcon_core.verb:set package 'dynamic_obstacle_detector_interfaces' build argument 'catkin_cmake_args' from command line to 'None'
[0.385s] Level 5:colcon.colcon_core.verb:set package 'dynamic_obstacle_detector_interfaces' build argument 'catkin_skip_building_tests' from command line to 'False'
[0.386s] DEBUG:colcon.colcon_core.verb:Building package 'dynamic_obstacle_detector_interfaces' with the following arguments: {'ament_cmake_args': None, 'build_base': '/root/ros_workspace/build/dynamic_obstacle_detector_interfaces', 'catkin_cmake_args': None, 'catkin_skip_building_tests': False, 'cmake_args': None, 'cmake_clean_cache': False, 'cmake_clean_first': False, 'cmake_force_configure': False, 'cmake_target': None, 'cmake_target_skip_unavailable': False, 'install_base': '/root/ros_workspace/install/dynamic_obstacle_detector_interfaces', 'merge_install': False, 'path': '/root/ros_workspace/src/dynamic_obstacle_detector_interfaces', 'symlink_install': False, 'test_result_base': None}
[0.386s] Level 5:colcon.colcon_core.verb:set package 'turtlebot3_gazebo' build argument 'cmake_args' from command line to 'None'
[0.386s] Level 5:colcon.colcon_core.verb:set package 'turtlebot3_gazebo' build argument 'cmake_target' from command line to 'None'
[0.386s] Level 5:colcon.colcon_core.verb:set package 'turtlebot3_gazebo' build argument 'cmake_target_skip_unavailable' from command line to 'False'
[0.386s] Level 5:colcon.colcon_core.verb:set package 'turtlebot3_gazebo' build argument 'cmake_clean_cache' from command line to 'False'
[0.386s] Level 5:colcon.colcon_core.verb:set package 'turtlebot3_gazebo' build argument 'cmake_clean_first' from command line to 'False'
[0.386s] Level 5:colcon.colcon_core.verb:set package 'turtlebot3_gazebo' build argument 'cmake_force_configure' from command line to 'False'
[0.386s] Level 5:colcon.colcon_core.verb:set package 'turtlebot3_gazebo' build argument 'ament_cmake_args' from command line to 'None'
[0.386s] Level 5:colcon.colcon_core.verb:set package 'turtlebot3_gazebo' build argument 'catkin_cmake_args' from command line to 'None'
[0.386s] Level 5:colcon.colcon_core.verb:set package 'turtlebot3_gazebo' build argument 'catkin_skip_building_tests' from command line to 'False'
[0.386s] DEBUG:colcon.colcon_core.verb:Building package 'turtlebot3_gazebo' with the following arguments: {'ament_cmake_args': None, 'build_base': '/root/ros_workspace/build/turtlebot3_gazebo', 'catkin_cmake_args': None, 'catkin_skip_building_tests': False, 'cmake_args': None, 'cmake_clean_cache': False, 'cmake_clean_first': False, 'cmake_force_configure': False, 'cmake_target': None, 'cmake_target_skip_unavailable': False, 'install_base': '/root/ros_workspace/install/turtlebot3_gazebo', 'merge_install': False, 'path': '/root/ros_workspace/src/turtlebot3_gazebo', 'symlink_install': False, 'test_result_base': None}
[0.386s] Level 5:colcon.colcon_core.verb:set package 'multi_robot_bringup' build argument 'cmake_args' from command line to 'None'
[0.386s] Level 5:colcon.colcon_core.verb:set package 'multi_robot_bringup' build argument 'cmake_target' from command line to 'None'
[0.386s] Level 5:colcon.colcon_core.verb:set package 'multi_robot_bringup' build argument 'cmake_target_skip_unavailable' from command line to 'False'
[0.386s] Level 5:colcon.colcon_core.verb:set package 'multi_robot_bringup' build argument 'cmake_clean_cache' from command line to 'False'
[0.386s] Level 5:colcon.colcon_core.verb:set package 'multi_robot_bringup' build argument 'cmake_clean_first' from command line to 'False'
[0.386s] Level 5:colcon.colcon_core.verb:set package 'multi_robot_bringup' build argument 'cmake_force_configure' from command line to 'False'
[0.386s] Level 5:colcon.colcon_core.verb:set package 'multi_robot_bringup' build argument 'ament_cmake_args' from command line to 'None'
[0.386s] Level 5:colcon.colcon_core.verb:set package 'multi_robot_bringup' build argument 'catkin_cmake_args' from command line to 'None'
[0.386s] Level 5:colcon.colcon_core.verb:set package 'multi_robot_bringup' build argument 'catkin_skip_building_tests' from command line to 'False'
[0.386s] DEBUG:colcon.colcon_core.verb:Building package 'multi_robot_bringup' with the following arguments: {'ament_cmake_args': None, 'build_base': '/root/ros_workspace/build/multi_robot_bringup', 'catkin_cmake_args': None, 'catkin_skip_building_tests': False, 'cmake_args': None, 'cmake_clean_cache': False, 'cmake_clean_first': False, 'cmake_force_configure': False, 'cmake_target': None, 'cmake_target_skip_unavailable': False, 'install_base': '/root/ros_workspace/install/multi_robot_bringup', 'merge_install': False, 'path': '/root/ros_workspace/src/multi_robot_bringup', 'symlink_install': False, 'test_result_base': None}
[0.386s] INFO:colcon.colcon_core.executor:Executing jobs using 'parallel' executor
[0.387s] DEBUG:colcon.colcon_parallel_executor.executor.parallel:run_until_complete
[0.387s] INFO:colcon.colcon_ros.task.ament_python.build:Building ROS package in '/root/ros_workspace/src/dynamic_obstacle_detector' with build type 'ament_python'
[0.387s] Level 1:colcon.colcon_core.shell:create_environment_hook('dynamic_obstacle_detector', 'ament_prefix_path')
[0.393s] INFO:colcon.colcon_core.plugin_system:Skipping extension 'colcon_core.shell.bat': Not used on non-Windows systems
[0.393s] INFO:colcon.colcon_core.shell:Creating environment hook '/root/ros_workspace/install/dynamic_obstacle_detector/share/dynamic_obstacle_detector/hook/ament_prefix_path.ps1'
[0.394s] INFO:colcon.colcon_core.shell:Creating environment descriptor '/root/ros_workspace/install/dynamic_obstacle_detector/share/dynamic_obstacle_detector/hook/ament_prefix_path.dsv'
[0.395s] INFO:colcon.colcon_core.shell:Creating environment hook '/root/ros_workspace/install/dynamic_obstacle_detector/share/dynamic_obstacle_detector/hook/ament_prefix_path.sh'
[0.396s] INFO:colcon.colcon_core.shell:Skip shell extension 'powershell' for command environment: Not usable outside of PowerShell
[0.396s] DEBUG:colcon.colcon_core.shell:Skip shell extension 'dsv' for command environment
[0.402s] INFO:colcon.colcon_ros.task.ament_cmake.build:Building ROS package in '/root/ros_workspace/src/dynamic_obstacle_detector_interfaces' with build type 'ament_cmake'
[0.402s] INFO:colcon.colcon_cmake.task.cmake.build:Building CMake package in '/root/ros_workspace/src/dynamic_obstacle_detector_interfaces'
[0.402s] INFO:colcon.colcon_core.shell:Skip shell extension 'powershell' for command environment: Not usable outside of PowerShell
[0.403s] DEBUG:colcon.colcon_core.shell:Skip shell extension 'dsv' for command environment
[0.405s] INFO:colcon.colcon_ros.task.ament_cmake.build:Building ROS package in '/root/ros_workspace/src/turtlebot3_gazebo' with build type 'ament_cmake'
[0.406s] INFO:colcon.colcon_cmake.task.cmake.build:Building CMake package in '/root/ros_workspace/src/turtlebot3_gazebo'
[0.406s] INFO:colcon.colcon_core.shell:Skip shell extension 'powershell' for command environment: Not usable outside of PowerShell
[0.406s] DEBUG:colcon.colcon_core.shell:Skip shell extension 'dsv' for command environment
[0.617s] INFO:colcon.colcon_core.task.python.build:Building Python package in '/root/ros_workspace/src/dynamic_obstacle_detector'
[0.617s] INFO:colcon.colcon_core.shell:Skip shell extension 'powershell' for command environment: Not usable outside of PowerShell
[0.617s] DEBUG:colcon.colcon_core.shell:Skip shell extension 'dsv' for command environment
[0.625s] DEBUG:colcon.colcon_core.event_handler.log_command:Invoking command in '/root/ros_workspace/build/dynamic_obstacle_detector_interfaces': CMAKE_PREFIX_PATH=${CMAKE_PREFIX_PATH}:/opt/ros/jazzy /usr/bin/cmake --build /root/ros_workspace/build/dynamic_obstacle_detector_interfaces -- -j12 -l12
[0.632s] DEBUG:colcon.colcon_core.event_handler.log_command:Invoking command in '/root/ros_workspace/build/turtlebot3_gazebo': CMAKE_PREFIX_PATH=${CMAKE_PREFIX_PATH}:/opt/ros/jazzy /usr/bin/cmake --build /root/ros_workspace/build/turtlebot3_gazebo -- -j12 -l12
[0.826s] DEBUG:colcon.colcon_core.event_handler.log_command:Invoked command in '/root/ros_workspace/build/turtlebot3_gazebo' returned '0': CMAKE_PREFIX_PATH=${CMAKE_PREFIX_PATH}:/opt/ros/jazzy /usr/bin/cmake --build /root/ros_workspace/build/turtlebot3_gazebo -- -j12 -l12
[0.842s] DEBUG:colcon.colcon_core.event_handler.log_command:Invoking command in '/root/ros_workspace/build/turtlebot3_gazebo': CMAKE_PREFIX_PATH=${CMAKE_PREFIX_PATH}:/opt/ros/jazzy /usr/bin/cmake --install /root/ros_workspace/build/turtlebot3_gazebo
[0.875s] Level 1:colcon.colcon_core.environment:create_environment_scripts_only(turtlebot3_gazebo)
[0.899s] DEBUG:colcon.colcon_core.event_handler.log_command:Invoked command in '/root/ros_workspace/build/turtlebot3_gazebo' returned '0': CMAKE_PREFIX_PATH=${CMAKE_PREFIX_PATH}:/opt/ros/jazzy /usr/bin/cmake --install /root/ros_workspace/build/turtlebot3_gazebo
[0.904s] Level 1:colcon.colcon_core.environment:checking '/root/ros_workspace/install/turtlebot3_gazebo' for CMake module files
[0.905s] Level 1:colcon.colcon_core.environment:checking '/root/ros_workspace/install/turtlebot3_gazebo' for CMake config files
[0.905s] Level 1:colcon.colcon_core.shell:create_environment_hook('turtlebot3_gazebo', 'cmake_prefix_path')
[0.905s] INFO:colcon.colcon_core.shell:Creating environment hook '/root/ros_workspace/install/turtlebot3_gazebo/share/turtlebot3_gazebo/hook/cmake_prefix_path.ps1'
[0.906s] INFO:colcon.colcon_core.shell:Creating environment descriptor '/root/ros_workspace/install/turtlebot3_gazebo/share/turtlebot3_gazebo/hook/cmake_prefix_path.dsv'
[0.907s] INFO:colcon.colcon_core.shell:Creating environment hook '/root/ros_workspace/install/turtlebot3_gazebo/share/turtlebot3_gazebo/hook/cmake_prefix_path.sh'
[0.907s] Level 1:colcon.colcon_core.environment:checking '/root/ros_workspace/install/turtlebot3_gazebo/lib'
[0.907s] Level 1:colcon.colcon_core.environment:checking '/root/ros_workspace/install/turtlebot3_gazebo/bin'
[0.907s] Level 1:colcon.colcon_core.environment:checking '/root/ros_workspace/install/turtlebot3_gazebo/lib/pkgconfig/turtlebot3_gazebo.pc'
[0.908s] Level 1:colcon.colcon_core.environment:checking '/root/ros_workspace/install/turtlebot3_gazebo/lib/python3.12/site-packages'
[0.908s] Level 1:colcon.colcon_core.environment:checking '/root/ros_workspace/install/turtlebot3_gazebo/bin'
[0.908s] INFO:colcon.colcon_core.shell:Creating package script '/root/ros_workspace/install/turtlebot3_gazebo/share/turtlebot3_gazebo/package.ps1'
[0.909s] INFO:colcon.colcon_core.shell:Creating package descriptor '/root/ros_workspace/install/turtlebot3_gazebo/share/turtlebot3_gazebo/package.dsv'
[0.910s] INFO:colcon.colcon_core.shell:Creating package script '/root/ros_workspace/install/turtlebot3_gazebo/share/turtlebot3_gazebo/package.sh'
[0.911s] INFO:colcon.colcon_core.shell:Creating package script '/root/ros_workspace/install/turtlebot3_gazebo/share/turtlebot3_gazebo/package.bash'
[0.911s] INFO:colcon.colcon_core.shell:Creating package script '/root/ros_workspace/install/turtlebot3_gazebo/share/turtlebot3_gazebo/package.zsh'
[0.912s] Level 1:colcon.colcon_core.environment:create_file_with_runtime_dependencies(/root/ros_workspace/install/turtlebot3_gazebo/share/colcon-core/packages/turtlebot3_gazebo)
[0.913s] Level 1:colcon.colcon_core.environment:create_environment_scripts_only(turtlebot3_gazebo)
[0.913s] Level 1:colcon.colcon_core.environment:checking '/root/ros_workspace/install/turtlebot3_gazebo' for CMake module files
[0.913s] Level 1:colcon.colcon_core.environment:checking '/root/ros_workspace/install/turtlebot3_gazebo' for CMake config files
[0.914s] Level 1:colcon.colcon_core.shell:create_environment_hook('turtlebot3_gazebo', 'cmake_prefix_path')
[0.914s] INFO:colcon.colcon_core.shell:Creating environment hook '/root/ros_workspace/install/turtlebot3_gazebo/share/turtlebot3_gazebo/hook/cmake_prefix_path.ps1'
[0.914s] INFO:colcon.colcon_core.shell:Creating environment descriptor '/root/ros_workspace/install/turtlebot3_gazebo/share/turtlebot3_gazebo/hook/cmake_prefix_path.dsv'
[0.914s] INFO:colcon.colcon_core.shell:Creating environment hook '/root/ros_workspace/install/turtlebot3_gazebo/share/turtlebot3_gazebo/hook/cmake_prefix_path.sh'
[0.915s] Level 1:colcon.colcon_core.environment:checking '/root/ros_workspace/install/turtlebot3_gazebo/lib'
[0.915s] Level 1:colcon.colcon_core.environment:checking '/root/ros_workspace/install/turtlebot3_gazebo/bin'
[0.915s] Level 1:colcon.colcon_core.environment:checking '/root/ros_workspace/install/turtlebot3_gazebo/lib/pkgconfig/turtlebot3_gazebo.pc'
[0.915s] Level 1:colcon.colcon_core.environment:checking '/root/ros_workspace/install/turtlebot3_gazebo/lib/python3.12/site-packages'
[0.916s] Level 1:colcon.colcon_core.environment:checking '/root/ros_workspace/install/turtlebot3_gazebo/bin'
[0.916s] INFO:colcon.colcon_core.shell:Creating package script '/root/ros_workspace/install/turtlebot3_gazebo/share/turtlebot3_gazebo/package.ps1'
[0.916s] INFO:colcon.colcon_core.shell:Creating package descriptor '/root/ros_workspace/install/turtlebot3_gazebo/share/turtlebot3_gazebo/package.dsv'
[0.917s] INFO:colcon.colcon_core.shell:Creating package script '/root/ros_workspace/install/turtlebot3_gazebo/share/turtlebot3_gazebo/package.sh'
[0.918s] INFO:colcon.colcon_core.shell:Creating package script '/root/ros_workspace/install/turtlebot3_gazebo/share/turtlebot3_gazebo/package.bash'
[0.918s] INFO:colcon.colcon_core.shell:Creating package script '/root/ros_workspace/install/turtlebot3_gazebo/share/turtlebot3_gazebo/package.zsh'
[0.919s] Level 1:colcon.colcon_core.environment:create_file_with_runtime_dependencies(/root/ros_workspace/install/turtlebot3_gazebo/share/colcon-core/packages/turtlebot3_gazebo)
[1.158s] DEBUG:colcon.colcon_core.event_handler.log_command:Invoked command in '/root/ros_workspace/build/dynamic_obstacle_detector_interfaces' returned '0': CMAKE_PREFIX_PATH=${CMAKE_PREFIX_PATH}:/opt/ros/jazzy /usr/bin/cmake --build /root/ros_workspace/build/dynamic_obstacle_detector_interfaces -- -j12 -l12
[1.160s] DEBUG:colcon.colcon_core.event_handler.log_command:Invoking command in '/root/ros_workspace/build/dynamic_obstacle_detector_interfaces': CMAKE_PREFIX_PATH=${CMAKE_PREFIX_PATH}:/opt/ros/jazzy /usr/bin/cmake --install /root/ros_workspace/build/dynamic_obstacle_detector_interfaces
[1.233s] Level 1:colcon.colcon_core.environment:create_environment_scripts_only(dynamic_obstacle_detector_interfaces)
[1.234s] DEBUG:colcon.colcon_core.event_handler.log_command:Invoked command in '/root/ros_workspace/build/dynamic_obstacle_detector_interfaces' returned '0': CMAKE_PREFIX_PATH=${CMAKE_PREFIX_PATH}:/opt/ros/jazzy /usr/bin/cmake --install /root/ros_workspace/build/dynamic_obstacle_detector_interfaces
[1.234s] Level 1:colcon.colcon_core.environment:checking '/root/ros_workspace/install/dynamic_obstacle_detector_interfaces' for CMake module files
[1.235s] Level 1:colcon.colcon_core.environment:checking '/root/ros_workspace/install/dynamic_obstacle_detector_interfaces' for CMake config files
[1.235s] Level 1:colcon.colcon_core.shell:create_environment_hook('dynamic_obstacle_detector_interfaces', 'cmake_prefix_path')
[1.235s] INFO:colcon.colcon_core.shell:Creating environment hook '/root/ros_workspace/install/dynamic_obstacle_detector_interfaces/share/dynamic_obstacle_detector_interfaces/hook/cmake_prefix_path.ps1'
[1.236s] INFO:colcon.colcon_core.shell:Creating environment descriptor '/root/ros_workspace/install/dynamic_obstacle_detector_interfaces/share/dynamic_obstacle_detector_interfaces/hook/cmake_prefix_path.dsv'
[1.236s] INFO:colcon.colcon_core.shell:Creating environment hook '/root/ros_workspace/install/dynamic_obstacle_detector_interfaces/share/dynamic_obstacle_detector_interfaces/hook/cmake_prefix_path.sh'
[1.236s] Level 1:colcon.colcon_core.environment:checking '/root/ros_workspace/install/dynamic_obstacle_detector_interfaces/lib'
[1.237s] Level 1:colcon.colcon_core.shell:create_environment_hook('dynamic_obstacle_detector_interfaces', 'ld_library_path_lib')
[1.237s] INFO:colcon.colcon_core.shell:Creating environment hook '/root/ros_workspace/install/dynamic_obstacle_detector_interfaces/share/dynamic_obstacle_detector_interfaces/hook/ld_library_path_lib.ps1'
[1.237s] INFO:colcon.colcon_core.shell:Creating environment descriptor '/root/ros_workspace/install/dynamic_obstacle_detector_interfaces/share/dynamic_obstacle_detector_interfaces/hook/ld_library_path_lib.dsv'
[1.237s] INFO:colcon.colcon_core.shell:Creating environment hook '/root/ros_workspace/install/dynamic_obstacle_detector_interfaces/share/dynamic_obstacle_detector_interfaces/hook/ld_library_path_lib.sh'
[1.238s] Level 1:colcon.colcon_core.environment:checking '/root/ros_workspace/install/dynamic_obstacle_detector_interfaces/bin'
[1.238s] Level 1:colcon.colcon_core.environment:checking '/root/ros_workspace/install/dynamic_obstacle_detector_interfaces/lib/pkgconfig/dynamic_obstacle_detector_interfaces.pc'
[1.238s] Level 1:colcon.colcon_core.environment:checking '/root/ros_workspace/install/dynamic_obstacle_detector_interfaces/lib/python3.12/site-packages'
[1.238s] Level 1:colcon.colcon_core.shell:create_environment_hook('dynamic_obstacle_detector_interfaces', 'pythonpath')
[1.238s] INFO:colcon.colcon_core.shell:Creating environment hook '/root/ros_workspace/install/dynamic_obstacle_detector_interfaces/share/dynamic_obstacle_detector_interfaces/hook/pythonpath.ps1'
[1.239s] INFO:colcon.colcon_core.shell:Creating environment descriptor '/root/ros_workspace/install/dynamic_obstacle_detector_interfaces/share/dynamic_obstacle_detector_interfaces/hook/pythonpath.dsv'
[1.239s] INFO:colcon.colcon_core.shell:Creating environment hook '/root/ros_workspace/install/dynamic_obstacle_detector_interfaces/share/dynamic_obstacle_detector_interfaces/hook/pythonpath.sh'
[1.239s] Level 1:colcon.colcon_core.environment:checking '/root/ros_workspace/install/dynamic_obstacle_detector_interfaces/bin'
[1.240s] INFO:colcon.colcon_core.shell:Creating package script '/root/ros_workspace/install/dynamic_obstacle_detector_interfaces/share/dynamic_obstacle_detector_interfaces/package.ps1'
[1.240s] INFO:colcon.colcon_core.shell:Creating package descriptor '/root/ros_workspace/install/dynamic_obstacle_detector_interfaces/share/dynamic_obstacle_detector_interfaces/package.dsv'
[1.241s] INFO:colcon.colcon_core.shell:Creating package script '/root/ros_workspace/install/dynamic_obstacle_detector_interfaces/share/dynamic_obstacle_detector_interfaces/package.sh'
[1.241s] INFO:colcon.colcon_core.shell:Creating package script '/root/ros_workspace/install/dynamic_obstacle_detector_interfaces/share/dynamic_obstacle_detector_interfaces/package.bash'
[1.242s] INFO:colcon.colcon_core.shell:Creating package script '/root/ros_workspace/install/dynamic_obstacle_detector_interfaces/share/dynamic_obstacle_detector_interfaces/package.zsh'
[1.242s] Level 1:colcon.colcon_core.environment:create_file_with_runtime_dependencies(/root/ros_workspace/install/dynamic_obstacle_detector_interfaces/share/colcon-core/packages/dynamic_obstacle_detector_interfaces)
[1.243s] Level 1:colcon.colcon_core.environment:create_environment_scripts_only(dynamic_obstacle_detector_interfaces)
[1.243s] Level 1:colcon.colcon_core.environment:checking '/root/ros_workspace/install/dynamic_obstacle_detector_interfaces' for CMake module files
[1.243s] Level 1:colcon.colcon_core.environment:checking '/root/ros_workspace/install/dynamic_obstacle_detector_interfaces' for CMake config files
[1.244s] Level 1:colcon.colcon_core.shell:create_environment_hook('dynamic_obstacle_detector_interfaces', 'cmake_prefix_path')
[1.244s] INFO:colcon.colcon_core.shell:Creating environment hook '/root/ros_workspace/install/dynamic_obstacle_detector_interfaces/share/dynamic_obstacle_detector_interfaces/hook/cmake_prefix_path.ps1'
[1.244s] INFO:colcon.colcon_core.shell:Creating environment descriptor '/root/ros_workspace/install/dynamic_obstacle_detector_interfaces/share/dynamic_obstacle_detector_interfaces/hook/cmake_prefix_path.dsv'
[1.245s] INFO:colcon.colcon_core.shell:Creating environment hook '/root/ros_workspace/install/dynamic_obstacle_detector_interfaces/share/dynamic_obstacle_detector_interfaces/hook/cmake_prefix_path.sh'
[1.245s] Level 1:colcon.colcon_core.environment:checking '/root/ros_workspace/install/dynamic_obstacle_detector_interfaces/lib'
[1.246s] Level 1:colcon.colcon_core.shell:create_environment_hook('dynamic_obstacle_detector_interfaces', 'ld_library_path_lib')
[1.246s] INFO:colcon.colcon_core.shell:Creating environment hook '/root/ros_workspace/install/dynamic_obstacle_detector_interfaces/share/dynamic_obstacle_detector_interfaces/hook/ld_library_path_lib.ps1'
[1.246s] INFO:colcon.colcon_core.shell:Creating environment descriptor '/root/ros_workspace/install/dynamic_obstacle_detector_interfaces/share/dynamic_obstacle_detector_interfaces/hook/ld_library_path_lib.dsv'
[1.246s] INFO:colcon.colcon_core.shell:Creating environment hook '/root/ros_workspace/install/dynamic_obstacle_detector_interfaces/share/dynamic_obstacle_detector_interfaces/hook/ld_library_path_lib.sh'
[1.247s] Level 1:colcon.colcon_core.environment:checking '/root/ros_workspace/install/dynamic_obstacle_detector_interfaces/bin'
[1.247s] Level 1:colcon.colcon_core.environment:checking '/root/ros_workspace/install/dynamic_obstacle_detector_interfaces/lib/pkgconfig/dynamic_obstacle_detector_interfaces.pc'
[1.247s] Level 1:colcon.colcon_core.environment:checking '/root/ros_workspace/install/dynamic_obstacle_detector_interfaces/lib/python3.12/site-packages'
[1.247s] Level 1:colcon.colcon_core.shell:create_environment_hook('dynamic_obstacle_detector_interfaces', 'pythonpath')
[1.247s] INFO:colcon.colcon_core.shell:Creating environment hook '/root/ros_workspace/install/dynamic_obstacle_detector_interfaces/share/dynamic_obstacle_detector_interfaces/hook/pythonpath.ps1'
[1.248s] INFO:colcon.colcon_core.shell:Creating environment descriptor '/root/ros_workspace/install/dynamic_obstacle_detector_interfaces/share/dynamic_obstacle_detector_interfaces/hook/pythonpath.dsv'
[1.248s] INFO:colcon.colcon_core.shell:Creating environment hook '/root/ros_workspace/install/dynamic_obstacle_detector_interfaces/share/dynamic_obstacle_detector_interfaces/hook/pythonpath.sh'
[1.249s] Level 1:colcon.colcon_core.environment:checking '/root/ros_workspace/install/dynamic_obstacle_detector_interfaces/bin'
[1.249s] INFO:colcon.colcon_core.shell:Creating package script '/root/ros_workspace/install/dynamic_obstacle_detector_interfaces/share/dynamic_obstacle_detector_interfaces/package.ps1'
[1.249s] INFO:colcon.colcon_core.shell:Creating package descriptor '/root/ros_workspace/install/dynamic_obstacle_detector_interfaces/share/dynamic_obstacle_detector_interfaces/package.dsv'
[1.250s] INFO:colcon.colcon_core.shell:Creating package script '/root/ros_workspace/install/dynamic_obstacle_detector_interfaces/share/dynamic_obstacle_detector_interfaces/package.sh'
[1.250s] INFO:colcon.colcon_core.shell:Creating package script '/root/ros_workspace/install/dynamic_obstacle_detector_interfaces/share/dynamic_obstacle_detector_interfaces/package.bash'
[1.251s] INFO:colcon.colcon_core.shell:Creating package script '/root/ros_workspace/install/dynamic_obstacle_detector_interfaces/share/dynamic_obstacle_detector_interfaces/package.zsh'
[1.251s] Level 1:colcon.colcon_core.environment:create_file_with_runtime_dependencies(/root/ros_workspace/install/dynamic_obstacle_detector_interfaces/share/colcon-core/packages/dynamic_obstacle_detector_interfaces)
[1.458s] DEBUG:colcon.colcon_core.event_handler.log_command:Invoking command in '/root/ros_workspace/src/dynamic_obstacle_detector': PYTHONPATH=/root/ros_workspace/build/dynamic_obstacle_detector/prefix_override:/usr/lib/python3/dist-packages/colcon_core/task/python/colcon_distutils_commands:/root/ros_workspace/install/dynamic_obstacle_detector/lib/python3.12/site-packages:${PYTHONPATH} /usr/bin/python3 -W ignore:setup.py install is deprecated -W ignore:easy_install command is deprecated setup.py egg_info --egg-base ../../build/dynamic_obstacle_detector build --build-base /root/ros_workspace/build/dynamic_obstacle_detector/build install --record /root/ros_workspace/build/dynamic_obstacle_detector/install.log --single-version-externally-managed install_data
[1.975s] Level 1:colcon.colcon_core.environment:checking '/root/ros_workspace/install/dynamic_obstacle_detector' for CMake module files
[1.976s] DEBUG:colcon.colcon_core.event_handler.log_command:Invoked command in '/root/ros_workspace/src/dynamic_obstacle_detector' returned '0': PYTHONPATH=/root/ros_workspace/build/dynamic_obstacle_detector/prefix_override:/usr/lib/python3/dist-packages/colcon_core/task/python/colcon_distutils_commands:/root/ros_workspace/install/dynamic_obstacle_detector/lib/python3.12/site-packages:${PYTHONPATH} /usr/bin/python3 -W ignore:setup.py install is deprecated -W ignore:easy_install command is deprecated setup.py egg_info --egg-base ../../build/dynamic_obstacle_detector build --build-base /root/ros_workspace/build/dynamic_obstacle_detector/build install --record /root/ros_workspace/build/dynamic_obstacle_detector/install.log --single-version-externally-managed install_data
[1.976s] Level 1:colcon.colcon_core.environment:checking '/root/ros_workspace/install/dynamic_obstacle_detector' for CMake config files
[1.977s] Level 1:colcon.colcon_core.environment:checking '/root/ros_workspace/install/dynamic_obstacle_detector/lib'
[1.977s] Level 1:colcon.colcon_core.environment:checking '/root/ros_workspace/install/dynamic_obstacle_detector/bin'
[1.977s] Level 1:colcon.colcon_core.environment:checking '/root/ros_workspace/install/dynamic_obstacle_detector/lib/pkgconfig/dynamic_obstacle_detector.pc'
[1.977s] Level 1:colcon.colcon_core.environment:checking '/root/ros_workspace/install/dynamic_obstacle_detector/lib/python3.12/site-packages'
[1.977s] Level 1:colcon.colcon_core.shell:create_environment_hook('dynamic_obstacle_detector', 'pythonpath')
[1.977s] INFO:colcon.colcon_core.shell:Creating environment hook '/root/ros_workspace/install/dynamic_obstacle_detector/share/dynamic_obstacle_detector/hook/pythonpath.ps1'
[1.978s] INFO:colcon.colcon_core.shell:Creating environment descriptor '/root/ros_workspace/install/dynamic_obstacle_detector/share/dynamic_obstacle_detector/hook/pythonpath.dsv'
[1.978s] INFO:colcon.colcon_core.shell:Creating environment hook '/root/ros_workspace/install/dynamic_obstacle_detector/share/dynamic_obstacle_detector/hook/pythonpath.sh'
[1.979s] Level 1:colcon.colcon_core.environment:checking '/root/ros_workspace/install/dynamic_obstacle_detector/bin'
[1.979s] Level 1:colcon.colcon_core.environment:create_environment_scripts_only(dynamic_obstacle_detector)
[1.979s] INFO:colcon.colcon_core.shell:Creating package script '/root/ros_workspace/install/dynamic_obstacle_detector/share/dynamic_obstacle_detector/package.ps1'
[1.980s] INFO:colcon.colcon_core.shell:Creating package descriptor '/root/ros_workspace/install/dynamic_obstacle_detector/share/dynamic_obstacle_detector/package.dsv'
[1.980s] INFO:colcon.colcon_core.shell:Creating package script '/root/ros_workspace/install/dynamic_obstacle_detector/share/dynamic_obstacle_detector/package.sh'
[1.981s] INFO:colcon.colcon_core.shell:Creating package script '/root/ros_workspace/install/dynamic_obstacle_detector/share/dynamic_obstacle_detector/package.bash'
[1.981s] INFO:colcon.colcon_core.shell:Creating package script '/root/ros_workspace/install/dynamic_obstacle_detector/share/dynamic_obstacle_detector/package.zsh'
[1.981s] Level 1:colcon.colcon_core.environment:create_file_with_runtime_dependencies(/root/ros_workspace/install/dynamic_obstacle_detector/share/colcon-core/packages/dynamic_obstacle_detector)
[1.982s] INFO:colcon.colcon_ros.task.ament_python.build:Building ROS package in '/root/ros_workspace/src/multi_robot_bringup' with build type 'ament_python'
[1.982s] Level 1:colcon.colcon_core.shell:create_environment_hook('multi_robot_bringup', 'ament_prefix_path')
[1.983s] INFO:colcon.colcon_core.shell:Creating environment hook '/root/ros_workspace/install/multi_robot_bringup/share/multi_robot_bringup/hook/ament_prefix_path.ps1'
[1.984s] INFO:colcon.colcon_core.shell:Creating environment descriptor '/root/ros_workspace/install/multi_robot_bringup/share/multi_robot_bringup/hook/ament_prefix_path.dsv'
[1.984s] INFO:colcon.colcon_core.shell:Creating environment hook '/root/ros_workspace/install/multi_robot_bringup/share/multi_robot_bringup/hook/ament_prefix_path.sh'
[1.985s] INFO:colcon.colcon_core.shell:Skip shell extension 'powershell' for command environment: Not usable outside of PowerShell
[1.985s] DEBUG:colcon.colcon_core.shell:Skip shell extension 'dsv' for command environment
[2.212s] INFO:colcon.colcon_core.task.python.build:Building Python package in '/root/ros_workspace/src/multi_robot_bringup'
[2.212s] INFO:colcon.colcon_core.shell:Skip shell extension 'powershell' for command environment: Not usable outside of PowerShell
[2.212s] DEBUG:colcon.colcon_core.shell:Skip shell extension 'dsv' for command environment
[2.703s] DEBUG:colcon.colcon_core.event_handler.log_command:Invoking command in '/root/ros_workspace/src/multi_robot_bringup': AMENT_PREFIX_PATH=/root/ros_workspace/install/dynamic_obstacle_detector:${AMENT_PREFIX_PATH} PYTHONPATH=/root/ros_workspace/build/multi_robot_bringup/prefix_override:/usr/lib/python3/dist-packages/colcon_core/task/python/colcon_distutils_commands:/root/ros_workspace/install/multi_robot_bringup/lib/python3.12/site-packages:/root/ros_workspace/install/dynamic_obstacle_detector/lib/python3.12/site-packages:${PYTHONPATH} /usr/bin/python3 -W ignore:setup.py install is deprecated -W ignore:easy_install command is deprecated setup.py egg_info --egg-base ../../build/multi_robot_bringup build --build-base /root/ros_workspace/build/multi_robot_bringup/build install --record /root/ros_workspace/build/multi_robot_bringup/install.log --single-version-externally-managed install_data
[3.165s] Level 1:colcon.colcon_core.environment:checking '/root/ros_workspace/install/multi_robot_bringup' for CMake module files
[3.166s] DEBUG:colcon.colcon_core.event_handler.log_command:Invoked command in '/root/ros_workspace/src/multi_robot_bringup' returned '0': AMENT_PREFIX_PATH=/root/ros_workspace/install/dynamic_obstacle_detector:${AMENT_PREFIX_PATH} PYTHONPATH=/root/ros_workspace/build/multi_robot_bringup/prefix_override:/usr/lib/python3/dist-packages/colcon_core/task/python/colcon_distutils_commands:/root/ros_workspace/install/multi_robot_bringup/lib/python3.12/site-packages:/root/ros_workspace/install/dynamic_obstacle_detector/lib/python3.12/site-packages:${PYTHONPATH} /usr/bin/python3 -W ignore:setup.py install is deprecated -W ignore:easy_install command is deprecated setup.py egg_info --egg-base ../../build/multi_robot_bringup build --build-base /root/ros_workspace/build/multi_robot_bringup/build install --record /root/ros_workspace/build/multi_robot_bringup/install.log --single-version-externally-managed install_data
[3.167s] Level 1:colcon.colcon_core.environment:checking '/root/ros_workspace/install/multi_robot_bringup' for CMake config files
[3.167s] Level 1:colcon.colcon_core.environment:checking '/root/ros_workspace/install/multi_robot_bringup/lib'
[3.167s] Level 1:colcon.colcon_core.environment:checking '/root/ros_workspace/install/multi_robot_bringup/bin'
[3.167s] Level 1:colcon.colcon_core.environment:checking '/root/ros_workspace/install/multi_robot_bringup/lib/pkgconfig/multi_robot_bringup.pc'
[3.168s] Level 1:colcon.colcon_core.environment:checking '/root/ros_workspace/install/multi_robot_bringup/lib/python3.12/site-packages'
[3.168s] Level 1:colcon.colcon_core.shell:create_environment_hook('multi_robot_bringup', 'pythonpath')
[3.168s] INFO:colcon.colcon_core.shell:Creating environment hook '/root/ros_workspace/install/multi_robot_bringup/share/multi_robot_bringup/hook/pythonpath.ps1'
[3.169s] INFO:colcon.colcon_core.shell:Creating environment descriptor '/root/ros_workspace/install/multi_robot_bringup/share/multi_robot_bringup/hook/pythonpath.dsv'
[3.169s] INFO:colcon.colcon_core.shell:Creating environment hook '/root/ros_workspace/install/multi_robot_bringup/share/multi_robot_bringup/hook/pythonpath.sh'
[3.169s] Level 1:colcon.colcon_core.environment:checking '/root/ros_workspace/install/multi_robot_bringup/bin'
[3.170s] Level 1:colcon.colcon_core.environment:create_environment_scripts_only(multi_robot_bringup)
[3.170s] INFO:colcon.colcon_core.shell:Creating package script '/root/ros_workspace/install/multi_robot_bringup/share/multi_robot_bringup/package.ps1'
[3.170s] INFO:colcon.colcon_core.shell:Creating package descriptor '/root/ros_workspace/install/multi_robot_bringup/share/multi_robot_bringup/package.dsv'
[3.171s] INFO:colcon.colcon_core.shell:Creating package script '/root/ros_workspace/install/multi_robot_bringup/share/multi_robot_bringup/package.sh'
[3.171s] INFO:colcon.colcon_core.shell:Creating package script '/root/ros_workspace/install/multi_robot_bringup/share/multi_robot_bringup/package.bash'
[3.172s] INFO:colcon.colcon_core.shell:Creating package script '/root/ros_workspace/install/multi_robot_bringup/share/multi_robot_bringup/package.zsh'
[3.172s] Level 1:colcon.colcon_core.environment:create_file_with_runtime_dependencies(/root/ros_workspace/install/multi_robot_bringup/share/colcon-core/packages/multi_robot_bringup)
[3.173s] DEBUG:colcon.colcon_parallel_executor.executor.parallel:closing loop
[3.173s] DEBUG:colcon.colcon_parallel_executor.executor.parallel:loop closed
[3.173s] DEBUG:colcon.colcon_parallel_executor.executor.parallel:run_until_complete finished with '0'
[3.174s] DEBUG:colcon.colcon_core.event_reactor:joining thread
[3.191s] INFO:colcon.colcon_core.plugin_system:Skipping extension 'colcon_notification.desktop_notification.notify_send': Could not find 'notify-send'
[3.191s] INFO:colcon.colcon_core.plugin_system:Skipping extension 'colcon_notification.desktop_notification.terminal_notifier': Not used on non-Darwin systems
[3.191s] INFO:colcon.colcon_core.plugin_system:Skipping extension 'colcon_notification.desktop_notification.win32': Not used on non-Windows systems
[3.191s] INFO:colcon.colcon_notification.desktop_notification:Sending desktop notification using 'notify2'
[3.193s] DEBUG:colcon.colcon_notification.desktop_notification.notify2:Failed to initialize notify2: org.freedesktop.DBus.Error.Spawn.ExecFailed: /usr/bin/dbus-launch terminated abnormally without any error message
[3.194s] DEBUG:colcon.colcon_core.event_reactor:joined thread
[3.194s] INFO:colcon.colcon_core.shell:Creating prefix script '/root/ros_workspace/install/local_setup.ps1'
[3.196s] INFO:colcon.colcon_core.shell:Creating prefix util module '/root/ros_workspace/install/_local_setup_util_ps1.py'
[3.197s] INFO:colcon.colcon_core.shell:Creating prefix chain script '/root/ros_workspace/install/setup.ps1'
[3.198s] INFO:colcon.colcon_core.shell:Creating prefix script '/root/ros_workspace/install/local_setup.sh'
[3.199s] INFO:colcon.colcon_core.shell:Creating prefix util module '/root/ros_workspace/install/_local_setup_util_sh.py'
[3.199s] INFO:colcon.colcon_core.shell:Creating prefix chain script '/root/ros_workspace/install/setup.sh'
[3.200s] INFO:colcon.colcon_core.shell:Creating prefix script '/root/ros_workspace/install/local_setup.bash'
[3.201s] INFO:colcon.colcon_core.shell:Creating prefix chain script '/root/ros_workspace/install/setup.bash'
[3.202s] INFO:colcon.colcon_core.shell:Creating prefix script '/root/ros_workspace/install/local_setup.zsh'
[3.203s] INFO:colcon.colcon_core.shell:Creating prefix chain script '/root/ros_workspace/install/setup.zsh'
