running egg_info
creating ../../build/multi_robot_bringup/multi_robot_bringup.egg-info
writing ../../build/multi_robot_bringup/multi_robot_bringup.egg-info/PKG-INFO
writing dependency_links to ../../build/multi_robot_bringup/multi_robot_bringup.egg-info/dependency_links.txt
writing requirements to ../../build/multi_robot_bringup/multi_robot_bringup.egg-info/requires.txt
writing top-level names to ../../build/multi_robot_bringup/multi_robot_bringup.egg-info/top_level.txt
writing manifest file '../../build/multi_robot_bringup/multi_robot_bringup.egg-info/SOURCES.txt'
reading manifest file '../../build/multi_robot_bringup/multi_robot_bringup.egg-info/SOURCES.txt'
writing manifest file '../../build/multi_robot_bringup/multi_robot_bringup.egg-info/SOURCES.txt'
running build
running build_py
creating /root/ros_workspace/build/multi_robot_bringup/build
creating /root/ros_workspace/build/multi_robot_bringup/build/lib
creating /root/ros_workspace/build/multi_robot_bringup/build/lib/multi_robot_scripts
copying multi_robot_scripts/utils.py -> /root/ros_workspace/build/multi_robot_bringup/build/lib/multi_robot_scripts
copying multi_robot_scripts/__init__.py -> /root/ros_workspace/build/multi_robot_bringup/build/lib/multi_robot_scripts
creating /root/ros_workspace/build/multi_robot_bringup/build/lib/multi_robot_bringup
copying multi_robot_bringup/__init__.py -> /root/ros_workspace/build/multi_robot_bringup/build/lib/multi_robot_bringup
running install
running install_lib
creating /root/ros_workspace/install/multi_robot_bringup/lib/python3.12/site-packages/multi_robot_scripts
copying /root/ros_workspace/build/multi_robot_bringup/build/lib/multi_robot_scripts/utils.py -> /root/ros_workspace/install/multi_robot_bringup/lib/python3.12/site-packages/multi_robot_scripts
copying /root/ros_workspace/build/multi_robot_bringup/build/lib/multi_robot_scripts/__init__.py -> /root/ros_workspace/install/multi_robot_bringup/lib/python3.12/site-packages/multi_robot_scripts
creating /root/ros_workspace/install/multi_robot_bringup/lib/python3.12/site-packages/multi_robot_bringup
copying /root/ros_workspace/build/multi_robot_bringup/build/lib/multi_robot_bringup/__init__.py -> /root/ros_workspace/install/multi_robot_bringup/lib/python3.12/site-packages/multi_robot_bringup
byte-compiling /root/ros_workspace/install/multi_robot_bringup/lib/python3.12/site-packages/multi_robot_scripts/utils.py to utils.cpython-312.pyc
byte-compiling /root/ros_workspace/install/multi_robot_bringup/lib/python3.12/site-packages/multi_robot_scripts/__init__.py to __init__.cpython-312.pyc
byte-compiling /root/ros_workspace/install/multi_robot_bringup/lib/python3.12/site-packages/multi_robot_bringup/__init__.py to __init__.cpython-312.pyc
running install_data
creating /root/ros_workspace/install/multi_robot_bringup/share/ament_index
creating /root/ros_workspace/install/multi_robot_bringup/share/ament_index/resource_index
creating /root/ros_workspace/install/multi_robot_bringup/share/ament_index/resource_index/packages
copying resource/multi_robot_bringup -> /root/ros_workspace/install/multi_robot_bringup/share/ament_index/resource_index/packages
copying package.xml -> /root/ros_workspace/install/multi_robot_bringup/share/multi_robot_bringup
creating /root/ros_workspace/install/multi_robot_bringup/share/multi_robot_bringup/launch
copying launch/tb3_nav2.launch.py -> /root/ros_workspace/install/multi_robot_bringup/share/multi_robot_bringup/launch
copying launch/tb3_world.launch.py -> /root/ros_workspace/install/multi_robot_bringup/share/multi_robot_bringup/launch
creating /root/ros_workspace/install/multi_robot_bringup/share/multi_robot_bringup/params
copying params/burger_nav2_params.yaml -> /root/ros_workspace/install/multi_robot_bringup/share/multi_robot_bringup/params
creating /root/ros_workspace/install/multi_robot_bringup/share/multi_robot_bringup/rviz
copying rviz/tb3_navigation2.rviz -> /root/ros_workspace/install/multi_robot_bringup/share/multi_robot_bringup/rviz
creating /root/ros_workspace/install/multi_robot_bringup/share/multi_robot_bringup/config
copying config/robots.yaml -> /root/ros_workspace/install/multi_robot_bringup/share/multi_robot_bringup/config
creating /root/ros_workspace/install/multi_robot_bringup/share/multi_robot_bringup/map
copying map/map.yaml -> /root/ros_workspace/install/multi_robot_bringup/share/multi_robot_bringup/map
copying map/map2.yaml -> /root/ros_workspace/install/multi_robot_bringup/share/multi_robot_bringup/map
copying map/map.pgm -> /root/ros_workspace/install/multi_robot_bringup/share/multi_robot_bringup/map
copying map/map2.pgm -> /root/ros_workspace/install/multi_robot_bringup/share/multi_robot_bringup/map
creating /root/ros_workspace/install/multi_robot_bringup/share/multi_robot_bringup/launch/nav2_custom
running install_egg_info
Copying ../../build/multi_robot_bringup/multi_robot_bringup.egg-info to /root/ros_workspace/install/multi_robot_bringup/lib/python3.12/site-packages/multi_robot_bringup-0.0.0-py3.12.egg-info
running install_scripts
writing list of installed files to '/root/ros_workspace/build/multi_robot_bringup/install.log'
