[0.470s] Invoking command in '/root/ros_workspace/build/dynamic_obstacle_detector_interfaces': CMAKE_PREFIX_PATH=${CMAKE_PREFIX_PATH}:/root/ros_workspace/install/multi_robot_bringup:/root/ros_workspace/install/dynamic_obstacle_detector:/opt/ros/jazzy /usr/bin/cmake --build /root/ros_workspace/build/dynamic_obstacle_detector_interfaces -- -j12 -l12
[0.655s] [  2%] Built target dynamic_obstacle_detector_interfaces__rosidl_generator_type_description
[0.738s] [  2%] Built target ament_cmake_python_copy_dynamic_obstacle_detector_interfaces
[0.798s] [  4%] Built target dynamic_obstacle_detector_interfaces__cpp
[1.350s] running egg_info
[1.406s] writing dynamic_obstacle_detector_interfaces.egg-info/PKG-INFO
[1.407s] writing dependency_links to dynamic_obstacle_detector_interfaces.egg-info/dependency_links.txt
[1.407s] writing top-level names to dynamic_obstacle_detector_interfaces.egg-info/top_level.txt
[1.590s] reading manifest file 'dynamic_obstacle_detector_interfaces.egg-info/SOURCES.txt'
[1.591s] writing manifest file 'dynamic_obstacle_detector_interfaces.egg-info/SOURCES.txt'
[1.698s] [  4%] Built target ament_cmake_python_build_dynamic_obstacle_detector_interfaces_egg
[1.757s] [ 22%] Built target dynamic_obstacle_detector_interfaces__rosidl_generator_c
[1.808s] [ 31%] Built target dynamic_obstacle_detector_interfaces__rosidl_typesupport_introspection_c
[1.867s] [ 40%] Built target dynamic_obstacle_detector_interfaces__rosidl_typesupport_fastrtps_c
[1.930s] [ 50%] Built target dynamic_obstacle_detector_interfaces__rosidl_typesupport_cpp
[1.983s] [ 59%] Built target dynamic_obstacle_detector_interfaces__rosidl_typesupport_introspection_cpp
[2.030s] [ 68%] Built target dynamic_obstacle_detector_interfaces__rosidl_typesupport_fastrtps_cpp
[2.079s] [ 77%] Built target dynamic_obstacle_detector_interfaces__rosidl_typesupport_c
[2.119s] [ 77%] Built target dynamic_obstacle_detector_interfaces
[2.169s] [ 79%] Built target dynamic_obstacle_detector_interfaces__py
[2.229s] [ 86%] Built target dynamic_obstacle_detector_interfaces__rosidl_generator_py
[2.278s] [ 90%] Built target dynamic_obstacle_detector_interfaces_s__rosidl_typesupport_fastrtps_c
[2.337s] [ 95%] Built target dynamic_obstacle_detector_interfaces_s__rosidl_typesupport_c
[2.413s] [100%] Built target dynamic_obstacle_detector_interfaces_s__rosidl_typesupport_introspection_c
[2.442s] Invoked command in '/root/ros_workspace/build/dynamic_obstacle_detector_interfaces' returned '0': CMAKE_PREFIX_PATH=${CMAKE_PREFIX_PATH}:/root/ros_workspace/install/multi_robot_bringup:/root/ros_workspace/install/dynamic_obstacle_detector:/opt/ros/jazzy /usr/bin/cmake --build /root/ros_workspace/build/dynamic_obstacle_detector_interfaces -- -j12 -l12
[2.445s] Invoking command in '/root/ros_workspace/build/dynamic_obstacle_detector_interfaces': CMAKE_PREFIX_PATH=${CMAKE_PREFIX_PATH}:/root/ros_workspace/install/multi_robot_bringup:/root/ros_workspace/install/dynamic_obstacle_detector:/opt/ros/jazzy /usr/bin/cmake --install /root/ros_workspace/build/dynamic_obstacle_detector_interfaces
[2.466s] -- Install configuration: ""
[2.466s] -- Up-to-date: /root/ros_workspace/install/dynamic_obstacle_detector_interfaces/share/ament_index/resource_index/rosidl_interfaces/dynamic_obstacle_detector_interfaces
[2.466s] -- Up-to-date: /root/ros_workspace/install/dynamic_obstacle_detector_interfaces/share/dynamic_obstacle_detector_interfaces/msg/TrackedObject.json
[2.467s] -- Up-to-date: /root/ros_workspace/install/dynamic_obstacle_detector_interfaces/share/dynamic_obstacle_detector_interfaces/msg/TrackedObjectArray.json
[2.467s] -- Up-to-date: /root/ros_workspace/install/dynamic_obstacle_detector_interfaces/include/dynamic_obstacle_detector_interfaces/dynamic_obstacle_detector_interfaces
[2.467s] -- Up-to-date: /root/ros_workspace/install/dynamic_obstacle_detector_interfaces/include/dynamic_obstacle_detector_interfaces/dynamic_obstacle_detector_interfaces/msg
[2.473s] -- Up-to-date: /root/ros_workspace/install/dynamic_obstacle_detector_interfaces/include/dynamic_obstacle_detector_interfaces/dynamic_obstacle_detector_interfaces/msg/tracked_object.h
[2.474s] -- Up-to-date: /root/ros_workspace/install/dynamic_obstacle_detector_interfaces/include/dynamic_obstacle_detector_interfaces/dynamic_obstacle_detector_interfaces/msg/rosidl_generator_c__visibility_control.h
[2.474s] -- Up-to-date: /root/ros_workspace/install/dynamic_obstacle_detector_interfaces/include/dynamic_obstacle_detector_interfaces/dynamic_obstacle_detector_interfaces/msg/tracked_object_array.h
[2.474s] -- Up-to-date: /root/ros_workspace/install/dynamic_obstacle_detector_interfaces/include/dynamic_obstacle_detector_interfaces/dynamic_obstacle_detector_interfaces/msg/detail
[2.475s] -- Up-to-date: /root/ros_workspace/install/dynamic_obstacle_detector_interfaces/include/dynamic_obstacle_detector_interfaces/dynamic_obstacle_detector_interfaces/msg/detail/tracked_object__type_support.c
[2.475s] -- Up-to-date: /root/ros_workspace/install/dynamic_obstacle_detector_interfaces/include/dynamic_obstacle_detector_interfaces/dynamic_obstacle_detector_interfaces/msg/detail/tracked_object_array__type_support.c
[2.475s] -- Up-to-date: /root/ros_workspace/install/dynamic_obstacle_detector_interfaces/include/dynamic_obstacle_detector_interfaces/dynamic_obstacle_detector_interfaces/msg/detail/tracked_object__type_support.h
[2.475s] -- Up-to-date: /root/ros_workspace/install/dynamic_obstacle_detector_interfaces/include/dynamic_obstacle_detector_interfaces/dynamic_obstacle_detector_interfaces/msg/detail/tracked_object__functions.c
[2.476s] -- Up-to-date: /root/ros_workspace/install/dynamic_obstacle_detector_interfaces/include/dynamic_obstacle_detector_interfaces/dynamic_obstacle_detector_interfaces/msg/detail/tracked_object_array__description.c
[2.476s] -- Up-to-date: /root/ros_workspace/install/dynamic_obstacle_detector_interfaces/include/dynamic_obstacle_detector_interfaces/dynamic_obstacle_detector_interfaces/msg/detail/tracked_object_array__functions.h
[2.476s] -- Up-to-date: /root/ros_workspace/install/dynamic_obstacle_detector_interfaces/include/dynamic_obstacle_detector_interfaces/dynamic_obstacle_detector_interfaces/msg/detail/tracked_object__description.c
[2.476s] -- Up-to-date: /root/ros_workspace/install/dynamic_obstacle_detector_interfaces/include/dynamic_obstacle_detector_interfaces/dynamic_obstacle_detector_interfaces/msg/detail/tracked_object_array__struct.h
[2.477s] -- Up-to-date: /root/ros_workspace/install/dynamic_obstacle_detector_interfaces/include/dynamic_obstacle_detector_interfaces/dynamic_obstacle_detector_interfaces/msg/detail/tracked_object__struct.h
[2.477s] -- Up-to-date: /root/ros_workspace/install/dynamic_obstacle_detector_interfaces/include/dynamic_obstacle_detector_interfaces/dynamic_obstacle_detector_interfaces/msg/detail/tracked_object__functions.h
[2.477s] -- Up-to-date: /root/ros_workspace/install/dynamic_obstacle_detector_interfaces/include/dynamic_obstacle_detector_interfaces/dynamic_obstacle_detector_interfaces/msg/detail/tracked_object_array__type_support.h
[2.477s] -- Up-to-date: /root/ros_workspace/install/dynamic_obstacle_detector_interfaces/include/dynamic_obstacle_detector_interfaces/dynamic_obstacle_detector_interfaces/msg/detail/tracked_object_array__functions.c
[2.478s] -- Up-to-date: /root/ros_workspace/install/dynamic_obstacle_detector_interfaces/share/dynamic_obstacle_detector_interfaces/environment/library_path.sh
[2.478s] -- Up-to-date: /root/ros_workspace/install/dynamic_obstacle_detector_interfaces/share/dynamic_obstacle_detector_interfaces/environment/library_path.dsv
[2.478s] -- Up-to-date: /root/ros_workspace/install/dynamic_obstacle_detector_interfaces/lib/libdynamic_obstacle_detector_interfaces__rosidl_generator_c.so
[2.478s] -- Up-to-date: /root/ros_workspace/install/dynamic_obstacle_detector_interfaces/include/dynamic_obstacle_detector_interfaces/dynamic_obstacle_detector_interfaces
[2.478s] -- Up-to-date: /root/ros_workspace/install/dynamic_obstacle_detector_interfaces/include/dynamic_obstacle_detector_interfaces/dynamic_obstacle_detector_interfaces/msg
[2.479s] -- Up-to-date: /root/ros_workspace/install/dynamic_obstacle_detector_interfaces/include/dynamic_obstacle_detector_interfaces/dynamic_obstacle_detector_interfaces/msg/rosidl_typesupport_fastrtps_c__visibility_control.h
[2.479s] -- Up-to-date: /root/ros_workspace/install/dynamic_obstacle_detector_interfaces/include/dynamic_obstacle_detector_interfaces/dynamic_obstacle_detector_interfaces/msg/detail
[2.479s] -- Up-to-date: /root/ros_workspace/install/dynamic_obstacle_detector_interfaces/include/dynamic_obstacle_detector_interfaces/dynamic_obstacle_detector_interfaces/msg/detail/tracked_object_array__rosidl_typesupport_fastrtps_c.h
[2.479s] -- Up-to-date: /root/ros_workspace/install/dynamic_obstacle_detector_interfaces/include/dynamic_obstacle_detector_interfaces/dynamic_obstacle_detector_interfaces/msg/detail/tracked_object__rosidl_typesupport_fastrtps_c.h
[2.480s] -- Up-to-date: /root/ros_workspace/install/dynamic_obstacle_detector_interfaces/lib/libdynamic_obstacle_detector_interfaces__rosidl_typesupport_fastrtps_c.so
[2.480s] -- Up-to-date: /root/ros_workspace/install/dynamic_obstacle_detector_interfaces/include/dynamic_obstacle_detector_interfaces/dynamic_obstacle_detector_interfaces
[2.480s] -- Up-to-date: /root/ros_workspace/install/dynamic_obstacle_detector_interfaces/include/dynamic_obstacle_detector_interfaces/dynamic_obstacle_detector_interfaces/msg
[2.480s] -- Up-to-date: /root/ros_workspace/install/dynamic_obstacle_detector_interfaces/include/dynamic_obstacle_detector_interfaces/dynamic_obstacle_detector_interfaces/msg/rosidl_typesupport_introspection_c__visibility_control.h
[2.481s] -- Up-to-date: /root/ros_workspace/install/dynamic_obstacle_detector_interfaces/include/dynamic_obstacle_detector_interfaces/dynamic_obstacle_detector_interfaces/msg/detail
[2.481s] -- Up-to-date: /root/ros_workspace/install/dynamic_obstacle_detector_interfaces/include/dynamic_obstacle_detector_interfaces/dynamic_obstacle_detector_interfaces/msg/detail/tracked_object__type_support.c
[2.481s] -- Up-to-date: /root/ros_workspace/install/dynamic_obstacle_detector_interfaces/include/dynamic_obstacle_detector_interfaces/dynamic_obstacle_detector_interfaces/msg/detail/tracked_object_array__type_support.c
[2.481s] -- Up-to-date: /root/ros_workspace/install/dynamic_obstacle_detector_interfaces/include/dynamic_obstacle_detector_interfaces/dynamic_obstacle_detector_interfaces/msg/detail/tracked_object__rosidl_typesupport_introspection_c.h
[2.481s] -- Up-to-date: /root/ros_workspace/install/dynamic_obstacle_detector_interfaces/include/dynamic_obstacle_detector_interfaces/dynamic_obstacle_detector_interfaces/msg/detail/tracked_object_array__rosidl_typesupport_introspection_c.h
[2.481s] -- Up-to-date: /root/ros_workspace/install/dynamic_obstacle_detector_interfaces/lib/libdynamic_obstacle_detector_interfaces__rosidl_typesupport_introspection_c.so
[2.481s] -- Up-to-date: /root/ros_workspace/install/dynamic_obstacle_detector_interfaces/lib/libdynamic_obstacle_detector_interfaces__rosidl_typesupport_c.so
[2.482s] -- Up-to-date: /root/ros_workspace/install/dynamic_obstacle_detector_interfaces/include/dynamic_obstacle_detector_interfaces/dynamic_obstacle_detector_interfaces
[2.482s] -- Up-to-date: /root/ros_workspace/install/dynamic_obstacle_detector_interfaces/include/dynamic_obstacle_detector_interfaces/dynamic_obstacle_detector_interfaces/msg
[2.482s] -- Up-to-date: /root/ros_workspace/install/dynamic_obstacle_detector_interfaces/include/dynamic_obstacle_detector_interfaces/dynamic_obstacle_detector_interfaces/msg/rosidl_generator_cpp__visibility_control.hpp
[2.482s] -- Up-to-date: /root/ros_workspace/install/dynamic_obstacle_detector_interfaces/include/dynamic_obstacle_detector_interfaces/dynamic_obstacle_detector_interfaces/msg/tracked_object.hpp
[2.482s] -- Up-to-date: /root/ros_workspace/install/dynamic_obstacle_detector_interfaces/include/dynamic_obstacle_detector_interfaces/dynamic_obstacle_detector_interfaces/msg/tracked_object_array.hpp
[2.482s] -- Up-to-date: /root/ros_workspace/install/dynamic_obstacle_detector_interfaces/include/dynamic_obstacle_detector_interfaces/dynamic_obstacle_detector_interfaces/msg/detail
[2.483s] -- Up-to-date: /root/ros_workspace/install/dynamic_obstacle_detector_interfaces/include/dynamic_obstacle_detector_interfaces/dynamic_obstacle_detector_interfaces/msg/detail/tracked_object__traits.hpp
[2.483s] -- Up-to-date: /root/ros_workspace/install/dynamic_obstacle_detector_interfaces/include/dynamic_obstacle_detector_interfaces/dynamic_obstacle_detector_interfaces/msg/detail/tracked_object__type_support.hpp
[2.483s] -- Up-to-date: /root/ros_workspace/install/dynamic_obstacle_detector_interfaces/include/dynamic_obstacle_detector_interfaces/dynamic_obstacle_detector_interfaces/msg/detail/tracked_object__struct.hpp
[2.483s] -- Up-to-date: /root/ros_workspace/install/dynamic_obstacle_detector_interfaces/include/dynamic_obstacle_detector_interfaces/dynamic_obstacle_detector_interfaces/msg/detail/tracked_object_array__traits.hpp
[2.483s] -- Up-to-date: /root/ros_workspace/install/dynamic_obstacle_detector_interfaces/include/dynamic_obstacle_detector_interfaces/dynamic_obstacle_detector_interfaces/msg/detail/tracked_object_array__builder.hpp
[2.483s] -- Up-to-date: /root/ros_workspace/install/dynamic_obstacle_detector_interfaces/include/dynamic_obstacle_detector_interfaces/dynamic_obstacle_detector_interfaces/msg/detail/tracked_object__builder.hpp
[2.483s] -- Up-to-date: /root/ros_workspace/install/dynamic_obstacle_detector_interfaces/include/dynamic_obstacle_detector_interfaces/dynamic_obstacle_detector_interfaces/msg/detail/tracked_object_array__type_support.hpp
[2.483s] -- Up-to-date: /root/ros_workspace/install/dynamic_obstacle_detector_interfaces/include/dynamic_obstacle_detector_interfaces/dynamic_obstacle_detector_interfaces/msg/detail/tracked_object_array__struct.hpp
[2.484s] -- Up-to-date: /root/ros_workspace/install/dynamic_obstacle_detector_interfaces/include/dynamic_obstacle_detector_interfaces/dynamic_obstacle_detector_interfaces
[2.484s] -- Up-to-date: /root/ros_workspace/install/dynamic_obstacle_detector_interfaces/include/dynamic_obstacle_detector_interfaces/dynamic_obstacle_detector_interfaces/msg
[2.484s] -- Up-to-date: /root/ros_workspace/install/dynamic_obstacle_detector_interfaces/include/dynamic_obstacle_detector_interfaces/dynamic_obstacle_detector_interfaces/msg/rosidl_typesupport_fastrtps_cpp__visibility_control.h
[2.484s] -- Up-to-date: /root/ros_workspace/install/dynamic_obstacle_detector_interfaces/include/dynamic_obstacle_detector_interfaces/dynamic_obstacle_detector_interfaces/msg/detail
[2.484s] -- Up-to-date: /root/ros_workspace/install/dynamic_obstacle_detector_interfaces/include/dynamic_obstacle_detector_interfaces/dynamic_obstacle_detector_interfaces/msg/detail/tracked_object__rosidl_typesupport_fastrtps_cpp.hpp
[2.484s] -- Up-to-date: /root/ros_workspace/install/dynamic_obstacle_detector_interfaces/include/dynamic_obstacle_detector_interfaces/dynamic_obstacle_detector_interfaces/msg/detail/tracked_object_array__rosidl_typesupport_fastrtps_cpp.hpp
[2.485s] -- Up-to-date: /root/ros_workspace/install/dynamic_obstacle_detector_interfaces/include/dynamic_obstacle_detector_interfaces/dynamic_obstacle_detector_interfaces/msg/detail/dds_fastrtps
[2.485s] -- Up-to-date: /root/ros_workspace/install/dynamic_obstacle_detector_interfaces/lib/libdynamic_obstacle_detector_interfaces__rosidl_typesupport_fastrtps_cpp.so
[2.485s] -- Up-to-date: /root/ros_workspace/install/dynamic_obstacle_detector_interfaces/include/dynamic_obstacle_detector_interfaces/dynamic_obstacle_detector_interfaces
[2.486s] -- Up-to-date: /root/ros_workspace/install/dynamic_obstacle_detector_interfaces/include/dynamic_obstacle_detector_interfaces/dynamic_obstacle_detector_interfaces/msg
[2.486s] -- Up-to-date: /root/ros_workspace/install/dynamic_obstacle_detector_interfaces/include/dynamic_obstacle_detector_interfaces/dynamic_obstacle_detector_interfaces/msg/detail
[2.486s] -- Up-to-date: /root/ros_workspace/install/dynamic_obstacle_detector_interfaces/include/dynamic_obstacle_detector_interfaces/dynamic_obstacle_detector_interfaces/msg/detail/tracked_object__rosidl_typesupport_introspection_cpp.hpp
[2.486s] -- Up-to-date: /root/ros_workspace/install/dynamic_obstacle_detector_interfaces/include/dynamic_obstacle_detector_interfaces/dynamic_obstacle_detector_interfaces/msg/detail/tracked_object__type_support.cpp
[2.486s] -- Up-to-date: /root/ros_workspace/install/dynamic_obstacle_detector_interfaces/include/dynamic_obstacle_detector_interfaces/dynamic_obstacle_detector_interfaces/msg/detail/tracked_object_array__rosidl_typesupport_introspection_cpp.hpp
[2.487s] -- Up-to-date: /root/ros_workspace/install/dynamic_obstacle_detector_interfaces/include/dynamic_obstacle_detector_interfaces/dynamic_obstacle_detector_interfaces/msg/detail/tracked_object_array__type_support.cpp
[2.487s] -- Up-to-date: /root/ros_workspace/install/dynamic_obstacle_detector_interfaces/lib/libdynamic_obstacle_detector_interfaces__rosidl_typesupport_introspection_cpp.so
[2.487s] -- Up-to-date: /root/ros_workspace/install/dynamic_obstacle_detector_interfaces/lib/libdynamic_obstacle_detector_interfaces__rosidl_typesupport_cpp.so
[2.487s] -- Up-to-date: /root/ros_workspace/install/dynamic_obstacle_detector_interfaces/share/dynamic_obstacle_detector_interfaces/environment/pythonpath.sh
[2.488s] -- Up-to-date: /root/ros_workspace/install/dynamic_obstacle_detector_interfaces/share/dynamic_obstacle_detector_interfaces/environment/pythonpath.dsv
[2.488s] -- Up-to-date: /root/ros_workspace/install/dynamic_obstacle_detector_interfaces/lib/python3.12/site-packages/dynamic_obstacle_detector_interfaces-0.0.0-py3.12.egg-info
[2.488s] -- Installing: /root/ros_workspace/install/dynamic_obstacle_detector_interfaces/lib/python3.12/site-packages/dynamic_obstacle_detector_interfaces-0.0.0-py3.12.egg-info/top_level.txt
[2.488s] -- Installing: /root/ros_workspace/install/dynamic_obstacle_detector_interfaces/lib/python3.12/site-packages/dynamic_obstacle_detector_interfaces-0.0.0-py3.12.egg-info/dependency_links.txt
[2.488s] -- Installing: /root/ros_workspace/install/dynamic_obstacle_detector_interfaces/lib/python3.12/site-packages/dynamic_obstacle_detector_interfaces-0.0.0-py3.12.egg-info/SOURCES.txt
[2.488s] -- Installing: /root/ros_workspace/install/dynamic_obstacle_detector_interfaces/lib/python3.12/site-packages/dynamic_obstacle_detector_interfaces-0.0.0-py3.12.egg-info/PKG-INFO
[2.488s] -- Up-to-date: /root/ros_workspace/install/dynamic_obstacle_detector_interfaces/lib/python3.12/site-packages/dynamic_obstacle_detector_interfaces
[2.489s] -- Up-to-date: /root/ros_workspace/install/dynamic_obstacle_detector_interfaces/lib/python3.12/site-packages/dynamic_obstacle_detector_interfaces/dynamic_obstacle_detector_interfaces_s__rosidl_typesupport_introspection_c.so
[2.489s] -- Up-to-date: /root/ros_workspace/install/dynamic_obstacle_detector_interfaces/lib/python3.12/site-packages/dynamic_obstacle_detector_interfaces/_dynamic_obstacle_detector_interfaces_s.ep.rosidl_typesupport_introspection_c.c
[2.489s] -- Up-to-date: /root/ros_workspace/install/dynamic_obstacle_detector_interfaces/lib/python3.12/site-packages/dynamic_obstacle_detector_interfaces/_dynamic_obstacle_detector_interfaces_s.ep.rosidl_typesupport_c.c
[2.489s] -- Up-to-date: /root/ros_workspace/install/dynamic_obstacle_detector_interfaces/lib/python3.12/site-packages/dynamic_obstacle_detector_interfaces/dynamic_obstacle_detector_interfaces_s__rosidl_typesupport_fastrtps_c.so
[2.489s] -- Up-to-date: /root/ros_workspace/install/dynamic_obstacle_detector_interfaces/lib/python3.12/site-packages/dynamic_obstacle_detector_interfaces/dynamic_obstacle_detector_interfaces_s__rosidl_typesupport_c.so
[2.489s] -- Up-to-date: /root/ros_workspace/install/dynamic_obstacle_detector_interfaces/lib/python3.12/site-packages/dynamic_obstacle_detector_interfaces/msg
[2.490s] -- Up-to-date: /root/ros_workspace/install/dynamic_obstacle_detector_interfaces/lib/python3.12/site-packages/dynamic_obstacle_detector_interfaces/msg/_tracked_object_s.c
[2.490s] -- Up-to-date: /root/ros_workspace/install/dynamic_obstacle_detector_interfaces/lib/python3.12/site-packages/dynamic_obstacle_detector_interfaces/msg/_tracked_object_array_s.c
[2.490s] -- Up-to-date: /root/ros_workspace/install/dynamic_obstacle_detector_interfaces/lib/python3.12/site-packages/dynamic_obstacle_detector_interfaces/msg/_tracked_object.py
[2.490s] -- Up-to-date: /root/ros_workspace/install/dynamic_obstacle_detector_interfaces/lib/python3.12/site-packages/dynamic_obstacle_detector_interfaces/msg/_tracked_object_array.py
[2.490s] -- Up-to-date: /root/ros_workspace/install/dynamic_obstacle_detector_interfaces/lib/python3.12/site-packages/dynamic_obstacle_detector_interfaces/msg/__init__.py
[2.490s] -- Up-to-date: /root/ros_workspace/install/dynamic_obstacle_detector_interfaces/lib/python3.12/site-packages/dynamic_obstacle_detector_interfaces/_dynamic_obstacle_detector_interfaces_s.ep.rosidl_typesupport_fastrtps_c.c
[2.491s] -- Up-to-date: /root/ros_workspace/install/dynamic_obstacle_detector_interfaces/lib/python3.12/site-packages/dynamic_obstacle_detector_interfaces/__init__.py
[2.550s] Listing '/root/ros_workspace/install/dynamic_obstacle_detector_interfaces/lib/python3.12/site-packages/dynamic_obstacle_detector_interfaces'...
[2.550s] Listing '/root/ros_workspace/install/dynamic_obstacle_detector_interfaces/lib/python3.12/site-packages/dynamic_obstacle_detector_interfaces/msg'...
[2.562s] -- Up-to-date: /root/ros_workspace/install/dynamic_obstacle_detector_interfaces/lib/python3.12/site-packages/dynamic_obstacle_detector_interfaces/dynamic_obstacle_detector_interfaces_s__rosidl_typesupport_fastrtps_c.so
[2.562s] -- Up-to-date: /root/ros_workspace/install/dynamic_obstacle_detector_interfaces/lib/python3.12/site-packages/dynamic_obstacle_detector_interfaces/dynamic_obstacle_detector_interfaces_s__rosidl_typesupport_introspection_c.so
[2.563s] -- Up-to-date: /root/ros_workspace/install/dynamic_obstacle_detector_interfaces/lib/python3.12/site-packages/dynamic_obstacle_detector_interfaces/dynamic_obstacle_detector_interfaces_s__rosidl_typesupport_c.so
[2.563s] -- Up-to-date: /root/ros_workspace/install/dynamic_obstacle_detector_interfaces/lib/libdynamic_obstacle_detector_interfaces__rosidl_generator_py.so
[2.563s] -- Up-to-date: /root/ros_workspace/install/dynamic_obstacle_detector_interfaces/share/dynamic_obstacle_detector_interfaces/msg/TrackedObject.idl
[2.564s] -- Up-to-date: /root/ros_workspace/install/dynamic_obstacle_detector_interfaces/share/dynamic_obstacle_detector_interfaces/msg/TrackedObjectArray.idl
[2.564s] -- Up-to-date: /root/ros_workspace/install/dynamic_obstacle_detector_interfaces/share/dynamic_obstacle_detector_interfaces/msg/TrackedObject.msg
[2.564s] -- Up-to-date: /root/ros_workspace/install/dynamic_obstacle_detector_interfaces/share/dynamic_obstacle_detector_interfaces/msg/TrackedObjectArray.msg
[2.564s] -- Up-to-date: /root/ros_workspace/install/dynamic_obstacle_detector_interfaces/share/ament_index/resource_index/package_run_dependencies/dynamic_obstacle_detector_interfaces
[2.565s] -- Up-to-date: /root/ros_workspace/install/dynamic_obstacle_detector_interfaces/share/ament_index/resource_index/parent_prefix_path/dynamic_obstacle_detector_interfaces
[2.565s] -- Up-to-date: /root/ros_workspace/install/dynamic_obstacle_detector_interfaces/share/dynamic_obstacle_detector_interfaces/environment/ament_prefix_path.sh
[2.565s] -- Up-to-date: /root/ros_workspace/install/dynamic_obstacle_detector_interfaces/share/dynamic_obstacle_detector_interfaces/environment/ament_prefix_path.dsv
[2.565s] -- Up-to-date: /root/ros_workspace/install/dynamic_obstacle_detector_interfaces/share/dynamic_obstacle_detector_interfaces/environment/path.sh
[2.566s] -- Up-to-date: /root/ros_workspace/install/dynamic_obstacle_detector_interfaces/share/dynamic_obstacle_detector_interfaces/environment/path.dsv
[2.566s] -- Up-to-date: /root/ros_workspace/install/dynamic_obstacle_detector_interfaces/share/dynamic_obstacle_detector_interfaces/local_setup.bash
[2.566s] -- Up-to-date: /root/ros_workspace/install/dynamic_obstacle_detector_interfaces/share/dynamic_obstacle_detector_interfaces/local_setup.sh
[2.566s] -- Up-to-date: /root/ros_workspace/install/dynamic_obstacle_detector_interfaces/share/dynamic_obstacle_detector_interfaces/local_setup.zsh
[2.566s] -- Up-to-date: /root/ros_workspace/install/dynamic_obstacle_detector_interfaces/share/dynamic_obstacle_detector_interfaces/local_setup.dsv
[2.566s] -- Installing: /root/ros_workspace/install/dynamic_obstacle_detector_interfaces/share/dynamic_obstacle_detector_interfaces/package.dsv
[2.566s] -- Up-to-date: /root/ros_workspace/install/dynamic_obstacle_detector_interfaces/share/ament_index/resource_index/packages/dynamic_obstacle_detector_interfaces
[2.566s] -- Up-to-date: /root/ros_workspace/install/dynamic_obstacle_detector_interfaces/share/dynamic_obstacle_detector_interfaces/cmake/export_dynamic_obstacle_detector_interfaces__rosidl_generator_cExport.cmake
[2.567s] -- Up-to-date: /root/ros_workspace/install/dynamic_obstacle_detector_interfaces/share/dynamic_obstacle_detector_interfaces/cmake/export_dynamic_obstacle_detector_interfaces__rosidl_generator_cExport-noconfig.cmake
[2.567s] -- Up-to-date: /root/ros_workspace/install/dynamic_obstacle_detector_interfaces/share/dynamic_obstacle_detector_interfaces/cmake/export_dynamic_obstacle_detector_interfaces__rosidl_typesupport_fastrtps_cExport.cmake
[2.567s] -- Up-to-date: /root/ros_workspace/install/dynamic_obstacle_detector_interfaces/share/dynamic_obstacle_detector_interfaces/cmake/export_dynamic_obstacle_detector_interfaces__rosidl_typesupport_fastrtps_cExport-noconfig.cmake
[2.567s] -- Up-to-date: /root/ros_workspace/install/dynamic_obstacle_detector_interfaces/share/dynamic_obstacle_detector_interfaces/cmake/dynamic_obstacle_detector_interfaces__rosidl_typesupport_introspection_cExport.cmake
[2.567s] -- Up-to-date: /root/ros_workspace/install/dynamic_obstacle_detector_interfaces/share/dynamic_obstacle_detector_interfaces/cmake/dynamic_obstacle_detector_interfaces__rosidl_typesupport_introspection_cExport-noconfig.cmake
[2.567s] -- Up-to-date: /root/ros_workspace/install/dynamic_obstacle_detector_interfaces/share/dynamic_obstacle_detector_interfaces/cmake/dynamic_obstacle_detector_interfaces__rosidl_typesupport_cExport.cmake
[2.567s] -- Up-to-date: /root/ros_workspace/install/dynamic_obstacle_detector_interfaces/share/dynamic_obstacle_detector_interfaces/cmake/dynamic_obstacle_detector_interfaces__rosidl_typesupport_cExport-noconfig.cmake
[2.568s] -- Up-to-date: /root/ros_workspace/install/dynamic_obstacle_detector_interfaces/share/dynamic_obstacle_detector_interfaces/cmake/export_dynamic_obstacle_detector_interfaces__rosidl_generator_cppExport.cmake
[2.568s] -- Up-to-date: /root/ros_workspace/install/dynamic_obstacle_detector_interfaces/share/dynamic_obstacle_detector_interfaces/cmake/export_dynamic_obstacle_detector_interfaces__rosidl_typesupport_fastrtps_cppExport.cmake
[2.568s] -- Up-to-date: /root/ros_workspace/install/dynamic_obstacle_detector_interfaces/share/dynamic_obstacle_detector_interfaces/cmake/export_dynamic_obstacle_detector_interfaces__rosidl_typesupport_fastrtps_cppExport-noconfig.cmake
[2.569s] -- Up-to-date: /root/ros_workspace/install/dynamic_obstacle_detector_interfaces/share/dynamic_obstacle_detector_interfaces/cmake/dynamic_obstacle_detector_interfaces__rosidl_typesupport_introspection_cppExport.cmake
[2.569s] -- Up-to-date: /root/ros_workspace/install/dynamic_obstacle_detector_interfaces/share/dynamic_obstacle_detector_interfaces/cmake/dynamic_obstacle_detector_interfaces__rosidl_typesupport_introspection_cppExport-noconfig.cmake
[2.569s] -- Up-to-date: /root/ros_workspace/install/dynamic_obstacle_detector_interfaces/share/dynamic_obstacle_detector_interfaces/cmake/dynamic_obstacle_detector_interfaces__rosidl_typesupport_cppExport.cmake
[2.569s] -- Up-to-date: /root/ros_workspace/install/dynamic_obstacle_detector_interfaces/share/dynamic_obstacle_detector_interfaces/cmake/dynamic_obstacle_detector_interfaces__rosidl_typesupport_cppExport-noconfig.cmake
[2.569s] -- Up-to-date: /root/ros_workspace/install/dynamic_obstacle_detector_interfaces/share/dynamic_obstacle_detector_interfaces/cmake/export_dynamic_obstacle_detector_interfaces__rosidl_generator_pyExport.cmake
[2.569s] -- Up-to-date: /root/ros_workspace/install/dynamic_obstacle_detector_interfaces/share/dynamic_obstacle_detector_interfaces/cmake/export_dynamic_obstacle_detector_interfaces__rosidl_generator_pyExport-noconfig.cmake
[2.570s] -- Up-to-date: /root/ros_workspace/install/dynamic_obstacle_detector_interfaces/share/dynamic_obstacle_detector_interfaces/cmake/rosidl_cmake-extras.cmake
[2.570s] -- Up-to-date: /root/ros_workspace/install/dynamic_obstacle_detector_interfaces/share/dynamic_obstacle_detector_interfaces/cmake/ament_cmake_export_dependencies-extras.cmake
[2.570s] -- Up-to-date: /root/ros_workspace/install/dynamic_obstacle_detector_interfaces/share/dynamic_obstacle_detector_interfaces/cmake/ament_cmake_export_include_directories-extras.cmake
[2.570s] -- Up-to-date: /root/ros_workspace/install/dynamic_obstacle_detector_interfaces/share/dynamic_obstacle_detector_interfaces/cmake/ament_cmake_export_libraries-extras.cmake
[2.570s] -- Up-to-date: /root/ros_workspace/install/dynamic_obstacle_detector_interfaces/share/dynamic_obstacle_detector_interfaces/cmake/ament_cmake_export_targets-extras.cmake
[2.571s] -- Up-to-date: /root/ros_workspace/install/dynamic_obstacle_detector_interfaces/share/dynamic_obstacle_detector_interfaces/cmake/rosidl_cmake_export_typesupport_targets-extras.cmake
[2.571s] -- Up-to-date: /root/ros_workspace/install/dynamic_obstacle_detector_interfaces/share/dynamic_obstacle_detector_interfaces/cmake/rosidl_cmake_export_typesupport_libraries-extras.cmake
[2.571s] -- Up-to-date: /root/ros_workspace/install/dynamic_obstacle_detector_interfaces/share/dynamic_obstacle_detector_interfaces/cmake/dynamic_obstacle_detector_interfacesConfig.cmake
[2.571s] -- Up-to-date: /root/ros_workspace/install/dynamic_obstacle_detector_interfaces/share/dynamic_obstacle_detector_interfaces/cmake/dynamic_obstacle_detector_interfacesConfig-version.cmake
[2.571s] -- Up-to-date: /root/ros_workspace/install/dynamic_obstacle_detector_interfaces/share/dynamic_obstacle_detector_interfaces/package.xml
[2.574s] Invoked command in '/root/ros_workspace/build/dynamic_obstacle_detector_interfaces' returned '0': CMAKE_PREFIX_PATH=${CMAKE_PREFIX_PATH}:/root/ros_workspace/install/multi_robot_bringup:/root/ros_workspace/install/dynamic_obstacle_detector:/opt/ros/jazzy /usr/bin/cmake --install /root/ros_workspace/build/dynamic_obstacle_detector_interfaces
