[0.197s] Invoking command in '/root/ros_workspace/build/turtlebot3_gazebo': CMAKE_PREFIX_PATH=${CMAKE_PREFIX_PATH}:/opt/ros/jazzy /usr/bin/cmake /root/ros_workspace/src/turtlebot3_gazebo -DCMAKE_INSTALL_PREFIX=/root/ros_workspace/install/turtlebot3_gazebo
[0.361s] -- The C compiler identification is GNU 13.3.0
[0.487s] -- The CXX compiler identification is GNU 13.3.0
[0.513s] -- Detecting C compiler ABI info
[0.621s] -- Detecting C compiler ABI info - done
[0.632s] -- Check for working C compiler: /usr/bin/cc - skipped
[0.632s] -- Detecting C compile features
[0.633s] -- Detecting C compile features - done
[0.644s] -- Detecting CXX compiler ABI info
[0.753s] -- Detecting CXX compiler ABI info - done
[0.763s] -- Check for working CXX compiler: /usr/bin/c++ - skipped
[0.763s] -- Detecting CXX compile features
[0.763s] -- Detecting CXX compile features - done
[0.787s] -- Found ament_cmake: 2.5.4 (/opt/ros/jazzy/share/ament_cmake/cmake)
[0.952s] -- Found Python3: /usr/bin/python3 (found version "3.12.3") found components: Interpreter 
[1.124s] -- Found ros_gz_sim: 1.0.16 (/opt/ros/jazzy/share/ros_gz_sim/cmake)
[1.210s] -- Found rosidl_generator_c: 4.6.6 (/opt/ros/jazzy/share/rosidl_generator_c/cmake)
[1.232s] -- Found rosidl_generator_cpp: 4.6.6 (/opt/ros/jazzy/share/rosidl_generator_cpp/cmake)
[1.265s] -- Using all available rosidl_typesupport_c: rosidl_typesupport_fastrtps_c;rosidl_typesupport_introspection_c
[1.292s] -- Using all available rosidl_typesupport_cpp: rosidl_typesupport_fastrtps_cpp;rosidl_typesupport_introspection_cpp
[1.442s] -- Found rmw_implementation_cmake: 7.3.2 (/opt/ros/jazzy/share/rmw_implementation_cmake/cmake)
[1.450s] -- Found rmw_fastrtps_cpp: 8.4.3 (/opt/ros/jazzy/share/rmw_fastrtps_cpp/cmake)
[1.594s] -- Found OpenSSL: /usr/lib/x86_64-linux-gnu/libcrypto.so (found version "3.0.13")  
[1.619s] -- Found FastRTPS: /opt/ros/jazzy/include (Required is at least version "2.13") 
[1.646s] -- Using RMW implementation 'rmw_fastrtps_cpp' as default
[2.049s] -- Found nav_msgs: 5.3.6 (/opt/ros/jazzy/share/nav_msgs/cmake)
[2.089s] -- Found sensor_msgs: 5.3.6 (/opt/ros/jazzy/share/sensor_msgs/cmake)
[2.128s] -- Found gz_math_vendor: 0.0.8 (/opt/ros/jazzy/share/gz_math_vendor/cmake)
[2.149s] -- Looking for gz-math7 -- found version 7.5.2
[2.167s] -- Searching for dependencies of gz-math7
[2.170s] -- Looking for gz-utils2 -- found version 2.2.1
[2.171s] -- Searching for dependencies of gz-utils2
[2.177s] -- Found gz_sim_vendor: 0.0.8 (/opt/ros/jazzy/share/gz_sim_vendor/cmake)
[2.295s] -- Looking for gz-sim8 -- found version 8.9.0
[2.295s] -- Searching for dependencies of gz-sim8
[2.300s] -- Looking for sdformat14 -- found version 14.8.0
[2.300s] -- Searching for dependencies of sdformat14
[2.305s] -- Checking for module 'tinyxml2'
[2.321s] --   Found tinyxml2, version 10.0.0
[2.354s] -- Looking for gz-math7 -- found version 7.5.2
[2.354s] -- Looking for gz-utils2 -- found version 2.2.1
[2.355s] -- Searching for dependencies of gz-utils2
[2.355s] -- Searching for <gz-utils2> component [cli]
[2.360s] -- Looking for gz-utils2-cli -- found version 2.2.1
[2.360s] -- Searching for dependencies of gz-utils2-cli
[2.366s] -- Looking for gz-plugin2 -- found version 2.0.4
[2.367s] -- Searching for dependencies of gz-plugin2
[2.367s] -- Looking for gz-utils2 -- found version 2.2.1
[2.369s] -- Searching for <gz-plugin2> component [loader]
[2.373s] -- Looking for gz-plugin2-loader -- found version 2.0.4
[2.373s] -- Searching for dependencies of gz-plugin2-loader
[2.374s] -- Searching for <gz-plugin2> component [register]
[2.378s] -- Looking for gz-plugin2-register -- found version 2.0.4
[2.378s] -- Searching for dependencies of gz-plugin2-register
[2.384s] -- Looking for gz-transport13 -- found version 13.4.1
[2.384s] -- Searching for dependencies of gz-transport13
[2.551s] -- Found Protobuf: /usr/lib/x86_64-linux-gnu/libprotobuf.so (found version "3.21.12") 
[2.567s] -- Config-file not installed for ZeroMQ -- checking for pkg-config
[2.572s] -- Checking for module 'libzmq >= 4'
[2.588s] --   Found libzmq, version 4.3.5
[2.649s] -- Found ZeroMQ: TRUE (Required is at least version "4") 
[2.656s] -- Checking for module 'uuid'
[2.675s] --   Found uuid, version 2.39.3
[2.711s] -- Found UUID: TRUE  
[2.711s] -- Looking for gz-utils2 -- found version 2.2.1
[2.716s] -- Looking for gz-msgs10 -- found version 10.3.2
[2.716s] -- Searching for dependencies of gz-msgs10
[2.737s] -- Looking for gz-utils2 -- found version 2.2.1
[2.737s] -- Looking for gz-math7 -- found version 7.5.2
[2.748s] -- Searching for <gz-transport13> component [log]
[2.752s] -- Looking for gz-transport13-log -- found version 13.4.1
[2.752s] -- Searching for dependencies of gz-transport13-log
[2.753s] -- Searching for <gz-transport13> component [parameters]
[2.756s] -- Looking for gz-transport13-parameters -- found version 13.4.1
[2.757s] -- Searching for dependencies of gz-transport13-parameters
[2.758s] -- Looking for gz-msgs10 -- found version 10.3.2
[2.764s] -- Looking for gz-common5 -- found version 5.7.1
[2.764s] -- Searching for dependencies of gz-common5
[2.764s] -- Looking for gz-utils2 -- found version 2.2.1
[2.767s] -- Looking for dlfcn.h - found
[2.768s] -- Looking for libdl - found
[2.769s] -- Found DL: TRUE  
[2.777s] -- Searching for <gz-common5> component [av]
[2.781s] -- Looking for gz-common5-av -- found version 5.7.1
[2.781s] -- Searching for dependencies of gz-common5-av
[2.787s] -- Checking for module 'libswscale'
[2.806s] --   Found libswscale, version 7.5.100
[2.840s] -- Found SWSCALE: TRUE  
[2.846s] -- Checking for module 'libavdevice >= 56.4.100'
[2.862s] --   Found libavdevice, version 60.3.100
[2.915s] -- Found AVDEVICE: TRUE (Required is at least version "56.4.100") 
[2.920s] -- Checking for module 'libavformat'
[2.935s] --   Found libavformat, version 60.16.100
[2.971s] -- Found AVFORMAT: TRUE  
[2.976s] -- Checking for module 'libavcodec'
[2.992s] --   Found libavcodec, version 60.31.102
[3.029s] -- Found AVCODEC: TRUE  
[3.034s] -- Checking for module 'libavutil'
[3.049s] --   Found libavutil, version 58.29.100
[3.084s] -- Found AVUTIL: TRUE  
[3.085s] -- Searching for <gz-common5> component [events]
[3.089s] -- Looking for gz-common5-events -- found version 5.7.1
[3.089s] -- Searching for dependencies of gz-common5-events
[3.090s] -- Looking for gz-math7 -- found version 7.5.2
[3.091s] -- Searching for <gz-common5> component [graphics]
[3.095s] -- Looking for gz-common5-graphics -- found version 5.7.1
[3.095s] -- Searching for dependencies of gz-common5-graphics
[3.096s] -- Looking for gz-math7 -- found version 7.5.2
[3.105s] -- Found GzAssimp: TRUE (found version "5.3.0") 
[3.106s] -- Searching for <gz-common5> component [io]
[3.111s] -- Looking for gz-common5-io -- found version 5.7.1
[3.111s] -- Searching for dependencies of gz-common5-io
[3.112s] -- Searching for <gz-common5> component [profiler]
[3.117s] -- Looking for gz-common5-profiler -- found version 5.7.1
[3.117s] -- Searching for dependencies of gz-common5-profiler
[3.122s] -- Looking for gz-fuel_tools9 -- found version 9.1.1
[3.122s] -- Searching for dependencies of gz-fuel_tools9
[3.209s] -- Found CURL: /usr/lib/x86_64-linux-gnu/libcurl.so (found version "8.5.0")  
[3.224s] -- Checking for module 'jsoncpp'
[3.242s] --   Found jsoncpp, version 1.9.5
[3.274s] -- Found JSONCPP: TRUE  
[3.296s] -- Checking for module 'yaml-0.1'
[3.313s] --   Found yaml-0.1, version 0.2.5
[3.346s] -- Found YAML: TRUE  
[3.351s] -- Checking for module 'libzip'
[3.369s] --   Found libzip, version 1.7.3
[3.405s] -- Found ZIP: TRUE  
[3.405s] -- Looking for gz-utils2 -- found version 2.2.1
[3.406s] -- Looking for gz-common5 -- found version 5.7.1
[3.406s] -- Searching for dependencies of gz-common5
[3.406s] -- Looking for gz-utils2 -- found version 2.2.1
[3.406s] -- Looking for dlfcn.h - found
[3.406s] -- Looking for libdl - found
[3.414s] -- Searching for <gz-common5> component [testing]
[3.419s] -- Looking for gz-common5-testing -- found version 5.7.1
[3.419s] -- Searching for dependencies of gz-common5-testing
[3.421s] -- Looking for gz-math7 -- found version 7.5.2
[3.421s] -- Looking for gz-msgs10 -- found version 10.3.2
[3.427s] -- Looking for gz-gui8 -- found version 8.4.0
[3.427s] -- Searching for dependencies of gz-gui8
[3.453s] -- Looking for gz-utils2 -- found version 2.2.1
[3.453s] -- Looking for gz-math7 -- found version 7.5.2
[3.453s] -- Looking for gz-common5 -- found version 5.7.1
[3.454s] -- Looking for gz-plugin2 -- found version 2.0.4
[3.455s] -- Looking for gz-transport13 -- found version 13.4.1
[3.460s] -- Looking for gz-rendering8 -- found version 8.2.2
[3.461s] -- Searching for dependencies of gz-rendering8
[3.461s] -- Looking for gz-math7 -- found version 7.5.2
[3.461s] -- Searching for dependencies of gz-math7
[3.461s] -- Looking for gz-utils2 -- found version 2.2.1
[3.462s] -- Searching for <gz-math7> component [eigen3]
[3.467s] -- Looking for gz-math7-eigen3 -- found version 7.5.2
[3.467s] -- Searching for dependencies of gz-math7-eigen3
[3.481s] -- Looking for gz-common5 -- found version 5.7.1
[3.481s] -- Searching for dependencies of gz-common5
[3.481s] -- Looking for gz-utils2 -- found version 2.2.1
[3.482s] -- Looking for dlfcn.h - found
[3.482s] -- Looking for libdl - found
[3.489s] -- Searching for <gz-common5> component [graphics]
[3.489s] -- Searching for <gz-common5> component [events]
[3.489s] -- Searching for <gz-common5> component [geospatial]
[3.493s] -- Looking for gz-common5-geospatial -- found version 5.7.1
[3.494s] -- Searching for dependencies of gz-common5-geospatial
[3.494s] -- Looking for gz-math7 -- found version 7.5.2
[3.495s] -- Looking for gz-common5 -- found version 5.7.1
[3.496s] -- Looking for gz-plugin2 -- found version 2.0.4
[3.496s] -- Searching for dependencies of gz-plugin2
[3.497s] -- Looking for gz-utils2 -- found version 2.2.1
[3.497s] -- Searching for <gz-plugin2> component [all]
[3.501s] -- Looking for all libraries of gz-plugin2 -- found version 2.0.4
[3.502s] -- Looking for gz-plugin2 -- found version 2.0.4
[3.503s] -- Looking for gz-utils2 -- found version 2.2.1
[3.522s] -- Found OpenGL: /usr/lib/x86_64-linux-gnu/libOpenGL.so  found components: OpenGL 
[3.525s] -- Looking for gz-msgs10 -- found version 10.3.2
[3.590s] -- Looking for gz-physics7 -- found version 7.5.0
[3.591s] -- Searching for dependencies of gz-physics7
[3.591s] -- Looking for gz-common5 -- found version 5.7.1
[3.591s] -- Looking for gz-math7 -- found version 7.5.2
[3.592s] -- Looking for gz-plugin2 -- found version 2.0.4
[3.592s] -- Looking for gz-utils2 -- found version 2.2.1
[3.594s] -- Searching for <gz-physics7> component [heightmap]
[3.597s] -- Looking for gz-physics7-heightmap -- found version 7.5.0
[3.597s] -- Searching for dependencies of gz-physics7-heightmap
[3.598s] -- Looking for gz-common5 -- found version 5.7.1
[3.599s] -- Searching for <gz-physics7> component [mesh]
[3.602s] -- Looking for gz-physics7-mesh -- found version 7.5.0
[3.602s] -- Searching for dependencies of gz-physics7-mesh
[3.603s] -- Looking for gz-common5 -- found version 5.7.1
[3.604s] -- Searching for <gz-physics7> component [sdf]
[3.607s] -- Looking for gz-physics7-sdf -- found version 7.5.0
[3.607s] -- Searching for dependencies of gz-physics7-sdf
[3.607s] -- Looking for sdformat14 -- found version 14.8.0
[3.615s] -- Looking for gz-sensors8 -- found version 8.2.2
[3.615s] -- Searching for dependencies of gz-sensors8
[3.638s] -- Looking for gz-math7 -- found version 7.5.2
[3.638s] -- Looking for gz-common5 -- found version 5.7.1
[3.639s] -- Looking for gz-transport13 -- found version 13.4.1
[3.639s] -- Looking for gz-rendering8 -- found version 8.2.2
[3.640s] -- Looking for gz-msgs10 -- found version 10.3.2
[3.640s] -- Looking for sdformat14 -- found version 14.8.0
[3.642s] -- Searching for <gz-sensors8> component [air_pressure]
[3.645s] -- Looking for gz-sensors8-air_pressure -- found version 8.2.2
[3.645s] -- Searching for dependencies of gz-sensors8-air_pressure
[3.646s] -- Searching for <gz-sensors8> component [air_speed]
[3.649s] -- Looking for gz-sensors8-air_speed -- found version 8.2.2
[3.649s] -- Searching for dependencies of gz-sensors8-air_speed
[3.651s] -- Searching for <gz-sensors8> component [altimeter]
[3.654s] -- Looking for gz-sensors8-altimeter -- found version 8.2.2
[3.654s] -- Searching for dependencies of gz-sensors8-altimeter
[3.655s] -- Searching for <gz-sensors8> component [imu]
[3.658s] -- Looking for gz-sensors8-imu -- found version 8.2.2
[3.658s] -- Searching for dependencies of gz-sensors8-imu
[3.659s] -- Searching for <gz-sensors8> component [force_torque]
[3.662s] -- Looking for gz-sensors8-force_torque -- found version 8.2.2
[3.662s] -- Searching for dependencies of gz-sensors8-force_torque
[3.664s] -- Searching for <gz-sensors8> component [logical_camera]
[3.668s] -- Looking for gz-sensors8-logical_camera -- found version 8.2.2
[3.668s] -- Searching for dependencies of gz-sensors8-logical_camera
[3.669s] -- Searching for <gz-sensors8> component [magnetometer]
[3.672s] -- Looking for gz-sensors8-magnetometer -- found version 8.2.2
[3.673s] -- Searching for dependencies of gz-sensors8-magnetometer
[3.673s] -- Searching for <gz-sensors8> component [navsat]
[3.676s] -- Looking for gz-sensors8-navsat -- found version 8.2.2
[3.677s] -- Searching for dependencies of gz-sensors8-navsat
[3.677s] -- Searching for <gz-sensors8> component [dvl]
[3.681s] -- Looking for gz-sensors8-dvl -- found version 8.2.2
[3.681s] -- Searching for dependencies of gz-sensors8-dvl
[3.681s] -- Looking for gz-sensors8 -- found version 8.2.2
[3.682s] -- Searching for dependencies of gz-sensors8
[3.704s] -- Looking for gz-math7 -- found version 7.5.2
[3.705s] -- Looking for gz-common5 -- found version 5.7.1
[3.705s] -- Looking for gz-transport13 -- found version 13.4.1
[3.706s] -- Looking for gz-rendering8 -- found version 8.2.2
[3.706s] -- Looking for gz-msgs10 -- found version 10.3.2
[3.707s] -- Looking for sdformat14 -- found version 14.8.0
[3.707s] -- Searching for <gz-sensors8> component [rendering]
[3.710s] -- Looking for gz-sensors8-rendering -- found version 8.2.2
[3.710s] -- Searching for dependencies of gz-sensors8-rendering
[3.714s] -- Searching for <gz-sensors8> component [rendering]
[3.714s] -- Searching for <gz-sensors8> component [lidar]
[3.717s] -- Looking for gz-sensors8-lidar -- found version 8.2.2
[3.717s] -- Searching for dependencies of gz-sensors8-lidar
[3.718s] -- Looking for gz-sensors8 -- found version 8.2.2
[3.719s] -- Searching for <gz-sensors8> component [gpu_lidar]
[3.722s] -- Looking for gz-sensors8-gpu_lidar -- found version 8.2.2
[3.723s] -- Searching for dependencies of gz-sensors8-gpu_lidar
[3.723s] -- Looking for gz-sensors8 -- found version 8.2.2
[3.724s] -- Searching for <gz-sensors8> component [camera]
[3.728s] -- Looking for gz-sensors8-camera -- found version 8.2.2
[3.728s] -- Searching for dependencies of gz-sensors8-camera
[3.729s] -- Looking for gz-sensors8 -- found version 8.2.2
[3.730s] -- Searching for <gz-sensors8> component [boundingbox_camera]
[3.733s] -- Looking for gz-sensors8-boundingbox_camera -- found version 8.2.2
[3.733s] -- Searching for dependencies of gz-sensors8-boundingbox_camera
[3.735s] -- Searching for <gz-sensors8> component [segmentation_camera]
[3.738s] -- Looking for gz-sensors8-segmentation_camera -- found version 8.2.2
[3.738s] -- Searching for dependencies of gz-sensors8-segmentation_camera
[3.739s] -- Searching for <gz-sensors8> component [depth_camera]
[3.743s] -- Looking for gz-sensors8-depth_camera -- found version 8.2.2
[3.743s] -- Searching for dependencies of gz-sensors8-depth_camera
[3.743s] -- Looking for gz-sensors8 -- found version 8.2.2
[3.744s] -- Searching for <gz-sensors8> component [rgbd_camera]
[3.748s] -- Looking for gz-sensors8-rgbd_camera -- found version 8.2.2
[3.748s] -- Searching for dependencies of gz-sensors8-rgbd_camera
[3.748s] -- Looking for gz-sensors8 -- found version 8.2.2
[3.749s] -- Searching for <gz-sensors8> component [thermal_camera]
[3.752s] -- Looking for gz-sensors8-thermal_camera -- found version 8.2.2
[3.752s] -- Searching for dependencies of gz-sensors8-thermal_camera
[3.753s] -- Looking for gz-sensors8 -- found version 8.2.2
[3.754s] -- Searching for <gz-sensors8> component [wide_angle_camera]
[3.757s] -- Looking for gz-sensors8-wide_angle_camera -- found version 8.2.2
[3.758s] -- Searching for dependencies of gz-sensors8-wide_angle_camera
[3.760s] -- Looking for gz-rendering8 -- found version 8.2.2
[3.760s] -- Looking for gz-math7 -- found version 7.5.2
[3.760s] -- Looking for gz-utils2 -- found version 2.2.1
[3.786s] -- Looking for gz-plugin2 -- found version 2.0.4
[3.881s] -- Configuring done (3.7s)
[3.932s] -- Generating done (0.0s)
[3.941s] -- Build files have been written to: /root/ros_workspace/build/turtlebot3_gazebo
[3.960s] Invoked command in '/root/ros_workspace/build/turtlebot3_gazebo' returned '0': CMAKE_PREFIX_PATH=${CMAKE_PREFIX_PATH}:/opt/ros/jazzy /usr/bin/cmake /root/ros_workspace/src/turtlebot3_gazebo -DCMAKE_INSTALL_PREFIX=/root/ros_workspace/install/turtlebot3_gazebo
[3.962s] Invoking command in '/root/ros_workspace/build/turtlebot3_gazebo': CMAKE_PREFIX_PATH=${CMAKE_PREFIX_PATH}:/opt/ros/jazzy /usr/bin/cmake --build /root/ros_workspace/build/turtlebot3_gazebo -- -j12 -l12
[4.027s] [ 25%] [32mBuilding CXX object CMakeFiles/turtlebot3_drive.dir/src/turtlebot3_drive.cpp.o[0m
[4.027s] [ 25%] [32mBuilding CXX object CMakeFiles/obstacle2.dir/src/obstacle2.cpp.o[0m
[4.031s] [ 37%] [32mBuilding CXX object CMakeFiles/obstacles.dir/src/obstacles.cpp.o[0m
[4.033s] [ 50%] [32mBuilding CXX object CMakeFiles/obstacle1.dir/src/obstacle1.cpp.o[0m
[7.832s] [ 62%] [32m[1mLinking CXX shared library libobstacle1.so[0m
[7.846s] [ 75%] [32m[1mLinking CXX shared library libobstacle2.so[0m
[8.154s] [ 75%] Built target obstacle2
[8.164s] [ 75%] Built target obstacle1
[8.523s] [ 87%] [32m[1mLinking CXX shared library libobstacles.so[0m
[8.793s] [ 87%] Built target obstacles
[16.313s] [100%] [32m[1mLinking CXX executable turtlebot3_drive[0m
[16.685s] [100%] Built target turtlebot3_drive
[16.698s] Invoked command in '/root/ros_workspace/build/turtlebot3_gazebo' returned '0': CMAKE_PREFIX_PATH=${CMAKE_PREFIX_PATH}:/opt/ros/jazzy /usr/bin/cmake --build /root/ros_workspace/build/turtlebot3_gazebo -- -j12 -l12
[16.699s] Invoking command in '/root/ros_workspace/build/turtlebot3_gazebo': CMAKE_PREFIX_PATH=${CMAKE_PREFIX_PATH}:/opt/ros/jazzy /usr/bin/cmake --install /root/ros_workspace/build/turtlebot3_gazebo
[16.708s] -- Install configuration: ""
[16.709s] -- Installing: /root/ros_workspace/install/turtlebot3_gazebo/lib/turtlebot3_gazebo/turtlebot3_drive
[16.715s] -- Set non-toolchain portion of runtime path of "/root/ros_workspace/install/turtlebot3_gazebo/lib/turtlebot3_gazebo/turtlebot3_drive" to ""
[16.715s] -- Installing: /root/ros_workspace/install/turtlebot3_gazebo/lib/turtlebot3_gazebo/libobstacles.so
[16.716s] -- Set non-toolchain portion of runtime path of "/root/ros_workspace/install/turtlebot3_gazebo/lib/turtlebot3_gazebo/libobstacles.so" to ""
[16.717s] -- Installing: /root/ros_workspace/install/turtlebot3_gazebo/lib/turtlebot3_gazebo/libobstacle1.so
[16.717s] -- Set non-toolchain portion of runtime path of "/root/ros_workspace/install/turtlebot3_gazebo/lib/turtlebot3_gazebo/libobstacle1.so" to ""
[16.718s] -- Installing: /root/ros_workspace/install/turtlebot3_gazebo/lib/turtlebot3_gazebo/libobstacle2.so
[16.718s] -- Set non-toolchain portion of runtime path of "/root/ros_workspace/install/turtlebot3_gazebo/lib/turtlebot3_gazebo/libobstacle2.so" to ""
[16.719s] -- Installing: /root/ros_workspace/install/turtlebot3_gazebo/share/turtlebot3_gazebo//launch
[16.719s] -- Installing: /root/ros_workspace/install/turtlebot3_gazebo/share/turtlebot3_gazebo//launch/turtlebot3_dqn_stage2.launch.py
[16.719s] -- Installing: /root/ros_workspace/install/turtlebot3_gazebo/share/turtlebot3_gazebo//launch/turtlebot3_dqn_stage1.launch.py
[16.719s] -- Installing: /root/ros_workspace/install/turtlebot3_gazebo/share/turtlebot3_gazebo//launch/turtlebot3_dqn_stage4.launch.py
[16.720s] -- Installing: /root/ros_workspace/install/turtlebot3_gazebo/share/turtlebot3_gazebo//launch/turtlebot3_world.launch.py
[16.720s] -- Installing: /root/ros_workspace/install/turtlebot3_gazebo/share/turtlebot3_gazebo//launch/empty_world.launch.py
[16.720s] -- Installing: /root/ros_workspace/install/turtlebot3_gazebo/share/turtlebot3_gazebo//launch/turtlebot3_dqn_stage3.launch.py
[16.720s] -- Installing: /root/ros_workspace/install/turtlebot3_gazebo/share/turtlebot3_gazebo//launch/robot_state_publisher.launch.py
[16.720s] -- Installing: /root/ros_workspace/install/turtlebot3_gazebo/share/turtlebot3_gazebo//launch/turtlebot3_house.launch.py
[16.720s] -- Installing: /root/ros_workspace/install/turtlebot3_gazebo/share/turtlebot3_gazebo//launch/spawn_turtlebot3.launch.py
[16.720s] -- Installing: /root/ros_workspace/install/turtlebot3_gazebo/share/turtlebot3_gazebo//models
[16.721s] -- Installing: /root/ros_workspace/install/turtlebot3_gazebo/share/turtlebot3_gazebo//models/turtlebot3_dqn_world
[16.721s] -- Installing: /root/ros_workspace/install/turtlebot3_gazebo/share/turtlebot3_gazebo//models/turtlebot3_dqn_world/inner_walls
[16.721s] -- Installing: /root/ros_workspace/install/turtlebot3_gazebo/share/turtlebot3_gazebo//models/turtlebot3_dqn_world/inner_walls/model.config
[16.721s] -- Installing: /root/ros_workspace/install/turtlebot3_gazebo/share/turtlebot3_gazebo//models/turtlebot3_dqn_world/inner_walls/textures
[16.721s] -- Installing: /root/ros_workspace/install/turtlebot3_gazebo/share/turtlebot3_gazebo//models/turtlebot3_dqn_world/inner_walls/textures/wood.png
[16.723s] -- Installing: /root/ros_workspace/install/turtlebot3_gazebo/share/turtlebot3_gazebo//models/turtlebot3_dqn_world/inner_walls/model.sdf
[16.723s] -- Installing: /root/ros_workspace/install/turtlebot3_gazebo/share/turtlebot3_gazebo//models/turtlebot3_dqn_world/obstacle1
[16.723s] -- Installing: /root/ros_workspace/install/turtlebot3_gazebo/share/turtlebot3_gazebo//models/turtlebot3_dqn_world/obstacle1/model.config
[16.724s] -- Installing: /root/ros_workspace/install/turtlebot3_gazebo/share/turtlebot3_gazebo//models/turtlebot3_dqn_world/obstacle1/model.sdf
[16.724s] -- Installing: /root/ros_workspace/install/turtlebot3_gazebo/share/turtlebot3_gazebo//models/turtlebot3_dqn_world/model.config
[16.724s] -- Installing: /root/ros_workspace/install/turtlebot3_gazebo/share/turtlebot3_gazebo//models/turtlebot3_dqn_world/obstacles
[16.724s] -- Installing: /root/ros_workspace/install/turtlebot3_gazebo/share/turtlebot3_gazebo//models/turtlebot3_dqn_world/obstacles/model.config
[16.725s] -- Installing: /root/ros_workspace/install/turtlebot3_gazebo/share/turtlebot3_gazebo//models/turtlebot3_dqn_world/obstacles/model.sdf
[16.725s] -- Installing: /root/ros_workspace/install/turtlebot3_gazebo/share/turtlebot3_gazebo//models/turtlebot3_dqn_world/obstacle2
[16.725s] -- Installing: /root/ros_workspace/install/turtlebot3_gazebo/share/turtlebot3_gazebo//models/turtlebot3_dqn_world/obstacle2/model.config
[16.726s] -- Installing: /root/ros_workspace/install/turtlebot3_gazebo/share/turtlebot3_gazebo//models/turtlebot3_dqn_world/obstacle2/model.sdf
[16.726s] -- Installing: /root/ros_workspace/install/turtlebot3_gazebo/share/turtlebot3_gazebo//models/turtlebot3_dqn_world/textures
[16.726s] -- Installing: /root/ros_workspace/install/turtlebot3_gazebo/share/turtlebot3_gazebo//models/turtlebot3_dqn_world/textures/wood.png
[16.727s] -- Installing: /root/ros_workspace/install/turtlebot3_gazebo/share/turtlebot3_gazebo//models/turtlebot3_dqn_world/model.sdf
[16.728s] -- Installing: /root/ros_workspace/install/turtlebot3_gazebo/share/turtlebot3_gazebo//models/turtlebot3_dqn_world/goal_box
[16.728s] -- Installing: /root/ros_workspace/install/turtlebot3_gazebo/share/turtlebot3_gazebo//models/turtlebot3_dqn_world/goal_box/model.config
[16.728s] -- Installing: /root/ros_workspace/install/turtlebot3_gazebo/share/turtlebot3_gazebo//models/turtlebot3_dqn_world/goal_box/model.sdf
[16.729s] -- Installing: /root/ros_workspace/install/turtlebot3_gazebo/share/turtlebot3_gazebo//models/turtlebot3_burger
[16.729s] -- Installing: /root/ros_workspace/install/turtlebot3_gazebo/share/turtlebot3_gazebo//models/turtlebot3_burger/model.config
[16.729s] -- Installing: /root/ros_workspace/install/turtlebot3_gazebo/share/turtlebot3_gazebo//models/turtlebot3_burger/model.sdf
[16.730s] -- Installing: /root/ros_workspace/install/turtlebot3_gazebo/share/turtlebot3_gazebo//models/turtlebot3_burger/model-1_4.sdf
[16.730s] -- Installing: /root/ros_workspace/install/turtlebot3_gazebo/share/turtlebot3_gazebo//models/turtlebot3_waffle_pi
[16.730s] -- Installing: /root/ros_workspace/install/turtlebot3_gazebo/share/turtlebot3_gazebo//models/turtlebot3_waffle_pi/model.config
[16.731s] -- Installing: /root/ros_workspace/install/turtlebot3_gazebo/share/turtlebot3_gazebo//models/turtlebot3_waffle_pi/model.sdf
[16.731s] -- Installing: /root/ros_workspace/install/turtlebot3_gazebo/share/turtlebot3_gazebo//models/turtlebot3_waffle_pi/model-1_4_.sdf
[16.731s] -- Installing: /root/ros_workspace/install/turtlebot3_gazebo/share/turtlebot3_gazebo//models/turtlebot3_house
[16.732s] -- Installing: /root/ros_workspace/install/turtlebot3_gazebo/share/turtlebot3_gazebo//models/turtlebot3_house/model.config
[16.732s] -- Installing: /root/ros_workspace/install/turtlebot3_gazebo/share/turtlebot3_gazebo//models/turtlebot3_house/table_marble
[16.732s] -- Installing: /root/ros_workspace/install/turtlebot3_gazebo/share/turtlebot3_gazebo//models/turtlebot3_house/table_marble/model.config
[16.733s] -- Installing: /root/ros_workspace/install/turtlebot3_gazebo/share/turtlebot3_gazebo//models/turtlebot3_house/table_marble/meshes
[16.733s] -- Installing: /root/ros_workspace/install/turtlebot3_gazebo/share/turtlebot3_gazebo//models/turtlebot3_house/table_marble/meshes/table_lightmap.dae
[16.735s] -- Installing: /root/ros_workspace/install/turtlebot3_gazebo/share/turtlebot3_gazebo//models/turtlebot3_house/table_marble/model.sdf
[16.735s] -- Installing: /root/ros_workspace/install/turtlebot3_gazebo/share/turtlebot3_gazebo//models/turtlebot3_house/table_marble/model-1_4.sdf
[16.735s] -- Installing: /root/ros_workspace/install/turtlebot3_gazebo/share/turtlebot3_gazebo//models/turtlebot3_house/table_marble/materials
[16.735s] -- Installing: /root/ros_workspace/install/turtlebot3_gazebo/share/turtlebot3_gazebo//models/turtlebot3_house/table_marble/materials/scripts
[16.735s] -- Installing: /root/ros_workspace/install/turtlebot3_gazebo/share/turtlebot3_gazebo//models/turtlebot3_house/table_marble/materials/scripts/table_lightmap.material
[16.736s] -- Installing: /root/ros_workspace/install/turtlebot3_gazebo/share/turtlebot3_gazebo//models/turtlebot3_house/table_marble/materials/textures
[16.736s] -- Installing: /root/ros_workspace/install/turtlebot3_gazebo/share/turtlebot3_gazebo//models/turtlebot3_house/table_marble/materials/textures/marble.png
[16.737s] -- Installing: /root/ros_workspace/install/turtlebot3_gazebo/share/turtlebot3_gazebo//models/turtlebot3_house/table_marble/materials/textures/table_lightmap.png
[16.738s] -- Installing: /root/ros_workspace/install/turtlebot3_gazebo/share/turtlebot3_gazebo//models/turtlebot3_house/mailbox
[16.738s] -- Installing: /root/ros_workspace/install/turtlebot3_gazebo/share/turtlebot3_gazebo//models/turtlebot3_house/mailbox/model.config
[16.739s] -- Installing: /root/ros_workspace/install/turtlebot3_gazebo/share/turtlebot3_gazebo//models/turtlebot3_house/mailbox/model-1_3.sdf
[16.739s] -- Installing: /root/ros_workspace/install/turtlebot3_gazebo/share/turtlebot3_gazebo//models/turtlebot3_house/mailbox/meshes
[16.739s] -- Installing: /root/ros_workspace/install/turtlebot3_gazebo/share/turtlebot3_gazebo//models/turtlebot3_house/mailbox/meshes/mailbox.dae
[16.740s] -- Installing: /root/ros_workspace/install/turtlebot3_gazebo/share/turtlebot3_gazebo//models/turtlebot3_house/mailbox/model.sdf
[16.740s] -- Installing: /root/ros_workspace/install/turtlebot3_gazebo/share/turtlebot3_gazebo//models/turtlebot3_house/mailbox/model-1_4.sdf
[16.740s] -- Installing: /root/ros_workspace/install/turtlebot3_gazebo/share/turtlebot3_gazebo//models/turtlebot3_house/mailbox/materials
[16.741s] -- Installing: /root/ros_workspace/install/turtlebot3_gazebo/share/turtlebot3_gazebo//models/turtlebot3_house/mailbox/materials/scripts
[16.741s] -- Installing: /root/ros_workspace/install/turtlebot3_gazebo/share/turtlebot3_gazebo//models/turtlebot3_house/mailbox/materials/scripts/mailbox.material
[16.741s] -- Installing: /root/ros_workspace/install/turtlebot3_gazebo/share/turtlebot3_gazebo//models/turtlebot3_house/mailbox/materials/textures
[16.741s] -- Installing: /root/ros_workspace/install/turtlebot3_gazebo/share/turtlebot3_gazebo//models/turtlebot3_house/mailbox/materials/textures/Mailbox_Spec.png
[16.742s] -- Installing: /root/ros_workspace/install/turtlebot3_gazebo/share/turtlebot3_gazebo//models/turtlebot3_house/mailbox/materials/textures/Mailbox_Diffuse.tga.orig
[16.746s] -- Installing: /root/ros_workspace/install/turtlebot3_gazebo/share/turtlebot3_gazebo//models/turtlebot3_house/mailbox/materials/textures/Mailbox_Diffuse.png
[16.747s] -- Installing: /root/ros_workspace/install/turtlebot3_gazebo/share/turtlebot3_gazebo//models/turtlebot3_house/textures
[16.747s] -- Installing: /root/ros_workspace/install/turtlebot3_gazebo/share/turtlebot3_gazebo//models/turtlebot3_house/textures/bricks.png
[16.753s] -- Installing: /root/ros_workspace/install/turtlebot3_gazebo/share/turtlebot3_gazebo//models/turtlebot3_house/textures/wood.png
[16.754s] -- Installing: /root/ros_workspace/install/turtlebot3_gazebo/share/turtlebot3_gazebo//models/turtlebot3_house/first_2015_trash_can
[16.754s] -- Installing: /root/ros_workspace/install/turtlebot3_gazebo/share/turtlebot3_gazebo//models/turtlebot3_house/first_2015_trash_can/model.config
[16.755s] -- Installing: /root/ros_workspace/install/turtlebot3_gazebo/share/turtlebot3_gazebo//models/turtlebot3_house/first_2015_trash_can/meshes
[16.755s] -- Installing: /root/ros_workspace/install/turtlebot3_gazebo/share/turtlebot3_gazebo//models/turtlebot3_house/first_2015_trash_can/meshes/trash_can.dae
[16.757s] -- Installing: /root/ros_workspace/install/turtlebot3_gazebo/share/turtlebot3_gazebo//models/turtlebot3_house/first_2015_trash_can/model.sdf
[16.757s] -- Installing: /root/ros_workspace/install/turtlebot3_gazebo/share/turtlebot3_gazebo//models/turtlebot3_house/model.sdf
[16.759s] -- Installing: /root/ros_workspace/install/turtlebot3_gazebo/share/turtlebot3_gazebo//models/turtlebot3_house/cafe_table
[16.759s] -- Installing: /root/ros_workspace/install/turtlebot3_gazebo/share/turtlebot3_gazebo//models/turtlebot3_house/cafe_table/model.config
[16.759s] -- Installing: /root/ros_workspace/install/turtlebot3_gazebo/share/turtlebot3_gazebo//models/turtlebot3_house/cafe_table/meshes
[16.759s] -- Installing: /root/ros_workspace/install/turtlebot3_gazebo/share/turtlebot3_gazebo//models/turtlebot3_house/cafe_table/meshes/cafe_table.dae
[16.760s] -- Installing: /root/ros_workspace/install/turtlebot3_gazebo/share/turtlebot3_gazebo//models/turtlebot3_house/cafe_table/model.sdf
[16.760s] -- Installing: /root/ros_workspace/install/turtlebot3_gazebo/share/turtlebot3_gazebo//models/turtlebot3_house/cafe_table/model-1_4.sdf
[16.760s] -- Installing: /root/ros_workspace/install/turtlebot3_gazebo/share/turtlebot3_gazebo//models/turtlebot3_house/cafe_table/materials
[16.761s] -- Installing: /root/ros_workspace/install/turtlebot3_gazebo/share/turtlebot3_gazebo//models/turtlebot3_house/cafe_table/materials/textures
[16.761s] -- Installing: /root/ros_workspace/install/turtlebot3_gazebo/share/turtlebot3_gazebo//models/turtlebot3_house/cafe_table/materials/textures/Wood_Floor_Dark.jpg
[16.762s] -- Installing: /root/ros_workspace/install/turtlebot3_gazebo/share/turtlebot3_gazebo//models/turtlebot3_house/cafe_table/materials/textures/Maple.jpg
[16.762s] -- Installing: /root/ros_workspace/install/turtlebot3_gazebo/share/turtlebot3_gazebo//models/turtlebot3_waffle
[16.762s] -- Installing: /root/ros_workspace/install/turtlebot3_gazebo/share/turtlebot3_gazebo//models/turtlebot3_waffle/model.config
[16.763s] -- Installing: /root/ros_workspace/install/turtlebot3_gazebo/share/turtlebot3_gazebo//models/turtlebot3_waffle/model.sdf
[16.763s] -- Installing: /root/ros_workspace/install/turtlebot3_gazebo/share/turtlebot3_gazebo//models/turtlebot3_waffle/model-1_4.sdf
[16.763s] -- Installing: /root/ros_workspace/install/turtlebot3_gazebo/share/turtlebot3_gazebo//models/turtlebot3_world
[16.764s] -- Installing: /root/ros_workspace/install/turtlebot3_gazebo/share/turtlebot3_gazebo//models/turtlebot3_world/model.config
[16.764s] -- Installing: /root/ros_workspace/install/turtlebot3_gazebo/share/turtlebot3_gazebo//models/turtlebot3_world/meshes
[16.764s] -- Installing: /root/ros_workspace/install/turtlebot3_gazebo/share/turtlebot3_gazebo//models/turtlebot3_world/meshes/hexagon.dae
[16.765s] -- Installing: /root/ros_workspace/install/turtlebot3_gazebo/share/turtlebot3_gazebo//models/turtlebot3_world/meshes/wall.dae
[16.765s] -- Installing: /root/ros_workspace/install/turtlebot3_gazebo/share/turtlebot3_gazebo//models/turtlebot3_world/model.sdf
[16.765s] -- Installing: /root/ros_workspace/install/turtlebot3_gazebo/share/turtlebot3_gazebo//models/turtlebot3_world/model-1_4.sdf
[16.766s] -- Installing: /root/ros_workspace/install/turtlebot3_gazebo/share/turtlebot3_gazebo//models/turtlebot3_common
[16.766s] -- Installing: /root/ros_workspace/install/turtlebot3_gazebo/share/turtlebot3_gazebo//models/turtlebot3_common/model.config
[16.767s] -- Installing: /root/ros_workspace/install/turtlebot3_gazebo/share/turtlebot3_gazebo//models/turtlebot3_common/meshes
[16.767s] -- Installing: /root/ros_workspace/install/turtlebot3_gazebo/share/turtlebot3_gazebo//models/turtlebot3_common/meshes/r200.dae
[16.768s] -- Installing: /root/ros_workspace/install/turtlebot3_gazebo/share/turtlebot3_gazebo//models/turtlebot3_common/meshes/waffle_pi_base.dae
[16.769s] -- Installing: /root/ros_workspace/install/turtlebot3_gazebo/share/turtlebot3_gazebo//models/turtlebot3_common/meshes/wheels
[16.769s] -- Installing: /root/ros_workspace/install/turtlebot3_gazebo/share/turtlebot3_gazebo//models/turtlebot3_common/meshes/wheels/right_tire.stl
[16.772s] -- Installing: /root/ros_workspace/install/turtlebot3_gazebo/share/turtlebot3_gazebo//models/turtlebot3_common/meshes/wheels/left_tire.stl
[16.775s] -- Installing: /root/ros_workspace/install/turtlebot3_gazebo/share/turtlebot3_gazebo//models/turtlebot3_common/meshes/tire.dae
[16.776s] -- Installing: /root/ros_workspace/install/turtlebot3_gazebo/share/turtlebot3_gazebo//models/turtlebot3_common/meshes/burger_base.dae
[16.776s] -- Installing: /root/ros_workspace/install/turtlebot3_gazebo/share/turtlebot3_gazebo//models/turtlebot3_common/meshes/sensors
[16.776s] -- Installing: /root/ros_workspace/install/turtlebot3_gazebo/share/turtlebot3_gazebo//models/turtlebot3_common/meshes/sensors/r200.dae
[16.777s] -- Installing: /root/ros_workspace/install/turtlebot3_gazebo/share/turtlebot3_gazebo//models/turtlebot3_common/meshes/sensors/r200.jpg
[16.778s] -- Installing: /root/ros_workspace/install/turtlebot3_gazebo/share/turtlebot3_gazebo//models/turtlebot3_common/meshes/sensors/astra.dae
[16.800s] -- Installing: /root/ros_workspace/install/turtlebot3_gazebo/share/turtlebot3_gazebo//models/turtlebot3_common/meshes/sensors/astra.jpg
[16.801s] -- Installing: /root/ros_workspace/install/turtlebot3_gazebo/share/turtlebot3_gazebo//models/turtlebot3_common/meshes/sensors/lds.stl
[16.803s] -- Installing: /root/ros_workspace/install/turtlebot3_gazebo/share/turtlebot3_gazebo//models/turtlebot3_common/meshes/bases
[16.804s] -- Installing: /root/ros_workspace/install/turtlebot3_gazebo/share/turtlebot3_gazebo//models/turtlebot3_common/meshes/bases/waffle_base.stl
[16.840s] -- Installing: /root/ros_workspace/install/turtlebot3_gazebo/share/turtlebot3_gazebo//models/turtlebot3_common/meshes/bases/waffle_pi_base.stl
[16.857s] -- Installing: /root/ros_workspace/install/turtlebot3_gazebo/share/turtlebot3_gazebo//models/turtlebot3_common/meshes/bases/burger_base.stl
[16.867s] -- Installing: /root/ros_workspace/install/turtlebot3_gazebo/share/turtlebot3_gazebo//models/turtlebot3_common/meshes/waffle_base.dae
[16.868s] -- Installing: /root/ros_workspace/install/turtlebot3_gazebo/share/turtlebot3_gazebo//models/turtlebot3_common/meshes/lds.dae
[16.868s] -- Installing: /root/ros_workspace/install/turtlebot3_gazebo/share/turtlebot3_gazebo//models/turtlebot3_burger_cam
[16.869s] -- Installing: /root/ros_workspace/install/turtlebot3_gazebo/share/turtlebot3_gazebo//models/turtlebot3_burger_cam/model.config
[16.869s] -- Installing: /root/ros_workspace/install/turtlebot3_gazebo/share/turtlebot3_gazebo//models/turtlebot3_burger_cam/model.sdf
[16.869s] -- Installing: /root/ros_workspace/install/turtlebot3_gazebo/share/turtlebot3_gazebo//models/turtlebot3_burger_cam/model-1_4.sdf
[16.870s] -- Installing: /root/ros_workspace/install/turtlebot3_gazebo/share/turtlebot3_gazebo//params
[16.870s] -- Installing: /root/ros_workspace/install/turtlebot3_gazebo/share/turtlebot3_gazebo//params/turtlebot3_waffle_pi_bridge.yaml
[16.870s] -- Installing: /root/ros_workspace/install/turtlebot3_gazebo/share/turtlebot3_gazebo//params/turtlebot3_burger_cam_bridge.yaml
[16.871s] -- Installing: /root/ros_workspace/install/turtlebot3_gazebo/share/turtlebot3_gazebo//params/turtlebot3_waffle_bridge.yaml
[16.871s] -- Installing: /root/ros_workspace/install/turtlebot3_gazebo/share/turtlebot3_gazebo//params/turtlebot3_burger_bridge.yaml
[16.871s] -- Installing: /root/ros_workspace/install/turtlebot3_gazebo/share/turtlebot3_gazebo//rviz
[16.871s] -- Installing: /root/ros_workspace/install/turtlebot3_gazebo/share/turtlebot3_gazebo//rviz/tb3_gazebo.rviz
[16.871s] -- Installing: /root/ros_workspace/install/turtlebot3_gazebo/share/turtlebot3_gazebo//urdf
[16.872s] -- Installing: /root/ros_workspace/install/turtlebot3_gazebo/share/turtlebot3_gazebo//urdf/turtlebot3_waffle_pi.urdf
[16.872s] -- Installing: /root/ros_workspace/install/turtlebot3_gazebo/share/turtlebot3_gazebo//urdf/common_properties.urdf
[16.872s] -- Installing: /root/ros_workspace/install/turtlebot3_gazebo/share/turtlebot3_gazebo//urdf/turtlebot3_burger.urdf
[16.872s] -- Installing: /root/ros_workspace/install/turtlebot3_gazebo/share/turtlebot3_gazebo//urdf/turtlebot3_waffle.urdf
[16.872s] -- Installing: /root/ros_workspace/install/turtlebot3_gazebo/share/turtlebot3_gazebo//urdf/turtlebot3_burger_cam.urdf
[16.872s] -- Installing: /root/ros_workspace/install/turtlebot3_gazebo/share/turtlebot3_gazebo//worlds
[16.872s] -- Installing: /root/ros_workspace/install/turtlebot3_gazebo/share/turtlebot3_gazebo//worlds/turtlebot3_dqn_stage3.world
[16.873s] -- Installing: /root/ros_workspace/install/turtlebot3_gazebo/share/turtlebot3_gazebo//worlds/empty_world.world
[16.873s] -- Installing: /root/ros_workspace/install/turtlebot3_gazebo/share/turtlebot3_gazebo//worlds/turtlebot3_dqn_stage4.world
[16.873s] -- Installing: /root/ros_workspace/install/turtlebot3_gazebo/share/turtlebot3_gazebo//worlds/turtlebot3_autorace_2020.world
[16.874s] -- Installing: /root/ros_workspace/install/turtlebot3_gazebo/share/turtlebot3_gazebo//worlds/turtlebot3_house.world
[16.874s] -- Installing: /root/ros_workspace/install/turtlebot3_gazebo/share/turtlebot3_gazebo//worlds/turtlebot3_world.world
[16.874s] -- Installing: /root/ros_workspace/install/turtlebot3_gazebo/share/turtlebot3_gazebo//worlds/turtlebot3_dynamic_obstacles.world
[16.875s] -- Installing: /root/ros_workspace/install/turtlebot3_gazebo/share/turtlebot3_gazebo//worlds/turtlebot3_dqn_stage2.world
[16.875s] -- Installing: /root/ros_workspace/install/turtlebot3_gazebo/share/turtlebot3_gazebo//worlds/turtlebot3_dqn_stage1.world
[16.875s] -- Installing: /root/ros_workspace/install/turtlebot3_gazebo/include/
[16.875s] -- Installing: /root/ros_workspace/install/turtlebot3_gazebo/include//turtlebot3_gazebo
[16.876s] -- Installing: /root/ros_workspace/install/turtlebot3_gazebo/include//turtlebot3_gazebo/obstacle1.hpp
[16.876s] -- Installing: /root/ros_workspace/install/turtlebot3_gazebo/include//turtlebot3_gazebo/traffic_light_plugin.hpp
[16.876s] -- Installing: /root/ros_workspace/install/turtlebot3_gazebo/include//turtlebot3_gazebo/traffic_bar_plugin.hpp
[16.876s] -- Installing: /root/ros_workspace/install/turtlebot3_gazebo/include//turtlebot3_gazebo/turtlebot3_drive.hpp
[16.876s] -- Installing: /root/ros_workspace/install/turtlebot3_gazebo/include//turtlebot3_gazebo/obstacles.hpp
[16.876s] -- Installing: /root/ros_workspace/install/turtlebot3_gazebo/include//turtlebot3_gazebo/obstacle2.hpp
[16.877s] -- Installing: /root/ros_workspace/install/turtlebot3_gazebo/share/ament_index/resource_index/package_run_dependencies/turtlebot3_gazebo
[16.877s] -- Installing: /root/ros_workspace/install/turtlebot3_gazebo/share/ament_index/resource_index/parent_prefix_path/turtlebot3_gazebo
[16.877s] -- Installing: /root/ros_workspace/install/turtlebot3_gazebo/share/turtlebot3_gazebo/environment/ament_prefix_path.sh
[16.878s] -- Installing: /root/ros_workspace/install/turtlebot3_gazebo/share/turtlebot3_gazebo/environment/ament_prefix_path.dsv
[16.878s] -- Installing: /root/ros_workspace/install/turtlebot3_gazebo/share/turtlebot3_gazebo/environment/path.sh
[16.878s] -- Installing: /root/ros_workspace/install/turtlebot3_gazebo/share/turtlebot3_gazebo/environment/path.dsv
[16.878s] -- Installing: /root/ros_workspace/install/turtlebot3_gazebo/share/turtlebot3_gazebo/local_setup.bash
[16.878s] -- Installing: /root/ros_workspace/install/turtlebot3_gazebo/share/turtlebot3_gazebo/local_setup.sh
[16.879s] -- Installing: /root/ros_workspace/install/turtlebot3_gazebo/share/turtlebot3_gazebo/local_setup.zsh
[16.879s] -- Installing: /root/ros_workspace/install/turtlebot3_gazebo/share/turtlebot3_gazebo/local_setup.dsv
[16.879s] -- Installing: /root/ros_workspace/install/turtlebot3_gazebo/share/turtlebot3_gazebo/package.dsv
[16.879s] -- Installing: /root/ros_workspace/install/turtlebot3_gazebo/share/ament_index/resource_index/packages/turtlebot3_gazebo
[16.880s] -- Installing: /root/ros_workspace/install/turtlebot3_gazebo/share/turtlebot3_gazebo/cmake/ament_cmake_export_include_directories-extras.cmake
[16.880s] -- Installing: /root/ros_workspace/install/turtlebot3_gazebo/share/turtlebot3_gazebo/cmake/ament_cmake_export_dependencies-extras.cmake
[16.880s] -- Installing: /root/ros_workspace/install/turtlebot3_gazebo/share/turtlebot3_gazebo/cmake/turtlebot3_gazeboConfig.cmake
[16.880s] -- Installing: /root/ros_workspace/install/turtlebot3_gazebo/share/turtlebot3_gazebo/cmake/turtlebot3_gazeboConfig-version.cmake
[16.880s] -- Installing: /root/ros_workspace/install/turtlebot3_gazebo/share/turtlebot3_gazebo/package.xml
[16.882s] Invoked command in '/root/ros_workspace/build/turtlebot3_gazebo' returned '0': CMAKE_PREFIX_PATH=${CMAKE_PREFIX_PATH}:/opt/ros/jazzy /usr/bin/cmake --install /root/ros_workspace/build/turtlebot3_gazebo
