[0.195s] Invoking command in '/root/ros_workspace/build/dynamic_obstacle_detector_interfaces': CMAKE_PREFIX_PATH=${CMAKE_PREFIX_PATH}:/opt/ros/jazzy /usr/bin/cmake /root/ros_workspace/src/dynamic_obstacle_detector_interfaces -DCMAKE_INSTALL_PREFIX=/root/ros_workspace/install/dynamic_obstacle_detector_interfaces
[0.366s] -- The C compiler identification is GNU 13.3.0
[0.491s] -- The CXX compiler identification is GNU 13.3.0
[0.517s] -- Detecting C compiler ABI info
[0.625s] -- Detecting C compiler ABI info - done
[0.634s] -- Check for working C compiler: /usr/bin/cc - skipped
[0.635s] -- Detecting C compile features
[0.636s] -- Detecting C compile features - done
[0.648s] -- Detecting CXX compiler ABI info
[0.758s] -- Detecting CXX compiler ABI info - done
[0.767s] -- Check for working CXX compiler: /usr/bin/c++ - skipped
[0.768s] -- Detecting CXX compile features
[0.768s] -- Detecting CXX compile features - done
[0.791s] -- Found ament_cmake: 2.5.4 (/opt/ros/jazzy/share/ament_cmake/cmake)
[0.961s] -- Found Python3: /usr/bin/python3 (found version "3.12.3") found components: Interpreter 
[1.126s] -- Found rosidl_default_generators: 1.6.0 (/opt/ros/jazzy/share/rosidl_default_generators/cmake)
[1.141s] -- Using all available rosidl_typesupport_c: rosidl_typesupport_fastrtps_c;rosidl_typesupport_introspection_c
[1.231s] -- Using all available rosidl_typesupport_cpp: rosidl_typesupport_fastrtps_cpp;rosidl_typesupport_introspection_cpp
[1.320s] -- Found rosidl_adapter: 4.6.6 (/opt/ros/jazzy/share/rosidl_adapter/cmake)
[1.329s] -- Found geometry_msgs: 5.3.6 (/opt/ros/jazzy/share/geometry_msgs/cmake)
[2.044s] -- Found ament_cmake_ros: 0.12.0 (/opt/ros/jazzy/share/ament_cmake_ros/cmake)
[2.581s] -- Using all available rosidl_typesupport_c: rosidl_typesupport_fastrtps_c;rosidl_typesupport_introspection_c
[3.231s] -- Using all available rosidl_typesupport_cpp: rosidl_typesupport_fastrtps_cpp;rosidl_typesupport_introspection_cpp
[3.238s] -- Found python_cmake_module: 0.11.1 (/opt/ros/jazzy/share/python_cmake_module/cmake)
[3.365s] -- Found PythonExtra: /usr/bin/python3  
[3.796s] -- Found Python3: /usr/bin/python3 (found version "3.12.3") found components: Interpreter Development NumPy Development.Module Development.Embed 
[3.860s] -- Found ament_lint_auto: 0.17.3 (/opt/ros/jazzy/share/ament_lint_auto/cmake)
[3.914s] -- Added test 'lint_cmake' to check CMake code style
[3.916s] -- Added test 'xmllint' to check XML markup files
[3.921s] -- Configuring done (3.7s)
[3.978s] -- Generating done (0.0s)
[3.990s] -- Build files have been written to: /root/ros_workspace/build/dynamic_obstacle_detector_interfaces
[3.999s] Invoked command in '/root/ros_workspace/build/dynamic_obstacle_detector_interfaces' returned '0': CMAKE_PREFIX_PATH=${CMAKE_PREFIX_PATH}:/opt/ros/jazzy /usr/bin/cmake /root/ros_workspace/src/dynamic_obstacle_detector_interfaces -DCMAKE_INSTALL_PREFIX=/root/ros_workspace/install/dynamic_obstacle_detector_interfaces
[4.001s] Invoking command in '/root/ros_workspace/build/dynamic_obstacle_detector_interfaces': CMAKE_PREFIX_PATH=${CMAKE_PREFIX_PATH}:/opt/ros/jazzy /usr/bin/cmake --build /root/ros_workspace/build/dynamic_obstacle_detector_interfaces -- -j12 -l12
[4.073s] [  2%] [34m[1mGenerating type hashes for ROS interfaces[0m
[4.083s] [  2%] Built target ament_cmake_python_copy_dynamic_obstacle_detector_interfaces
[4.372s] running egg_info
[4.374s] creating dynamic_obstacle_detector_interfaces.egg-info
[4.407s] writing dynamic_obstacle_detector_interfaces.egg-info/PKG-INFO
[4.407s] writing dependency_links to dynamic_obstacle_detector_interfaces.egg-info/dependency_links.txt
[4.407s] writing top-level names to dynamic_obstacle_detector_interfaces.egg-info/top_level.txt
[4.408s] writing manifest file 'dynamic_obstacle_detector_interfaces.egg-info/SOURCES.txt'
[4.474s] [  2%] Built target dynamic_obstacle_detector_interfaces__rosidl_generator_type_description
[4.495s] [  4%] [34m[1mGenerating C code for ROS interfaces[0m
[4.509s] reading manifest file 'dynamic_obstacle_detector_interfaces.egg-info/SOURCES.txt'
[4.511s] writing manifest file 'dynamic_obstacle_detector_interfaces.egg-info/SOURCES.txt'
[4.527s] [  6%] [34m[1mGenerating C++ code for ROS interfaces[0m
[4.609s] [  6%] Built target ament_cmake_python_build_dynamic_obstacle_detector_interfaces_egg
[5.017s] [  6%] Built target dynamic_obstacle_detector_interfaces__cpp
[5.111s] [ 11%] [32mBuilding C object CMakeFiles/dynamic_obstacle_detector_interfaces__rosidl_generator_c.dir/rosidl_generator_c/dynamic_obstacle_detector_interfaces/msg/detail/tracked_object__type_support.c.o[0m
[5.112s] [ 11%] [32mBuilding C object CMakeFiles/dynamic_obstacle_detector_interfaces__rosidl_generator_c.dir/rosidl_generator_c/dynamic_obstacle_detector_interfaces/msg/detail/tracked_object_array__type_support.c.o[0m
[5.112s] [ 15%] [32mBuilding C object CMakeFiles/dynamic_obstacle_detector_interfaces__rosidl_generator_c.dir/rosidl_generator_c/dynamic_obstacle_detector_interfaces/msg/detail/tracked_object__description.c.o[0m
[5.112s] [ 15%] [32mBuilding C object CMakeFiles/dynamic_obstacle_detector_interfaces__rosidl_generator_c.dir/rosidl_generator_c/dynamic_obstacle_detector_interfaces/msg/detail/tracked_object__functions.c.o[0m
[5.112s] [ 18%] [32mBuilding C object CMakeFiles/dynamic_obstacle_detector_interfaces__rosidl_generator_c.dir/rosidl_generator_c/dynamic_obstacle_detector_interfaces/msg/detail/tracked_object_array__description.c.o[0m
[5.114s] [ 20%] [32mBuilding C object CMakeFiles/dynamic_obstacle_detector_interfaces__rosidl_generator_c.dir/rosidl_generator_c/dynamic_obstacle_detector_interfaces/msg/detail/tracked_object_array__functions.c.o[0m
[5.188s] [ 22%] [32m[1mLinking C shared library libdynamic_obstacle_detector_interfaces__rosidl_generator_c.so[0m
[5.240s] [ 22%] Built target dynamic_obstacle_detector_interfaces__rosidl_generator_c
[5.258s] [ 25%] [34m[1mGenerating C type support for eProsima Fast-RTPS[0m
[5.258s] [ 27%] [34m[1mGenerating C introspection for ROS interfaces[0m
[5.258s] [ 34%] [34m[1mGenerating C++ type support for eProsima Fast-RTPS[0m
[5.258s] [ 34%] [34m[1mGenerating C++ introspection for ROS interfaces[0m
[5.259s] [ 34%] [34m[1mGenerating C type support dispatch for ROS interfaces[0m
[5.259s] [ 36%] [34m[1mGenerating C++ type support dispatch for ROS interfaces[0m
[5.766s] [ 38%] [32mBuilding CXX object CMakeFiles/dynamic_obstacle_detector_interfaces__rosidl_typesupport_c.dir/rosidl_typesupport_c/dynamic_obstacle_detector_interfaces/msg/tracked_object__type_support.cpp.o[0m
[5.767s] [ 40%] [32mBuilding CXX object CMakeFiles/dynamic_obstacle_detector_interfaces__rosidl_typesupport_c.dir/rosidl_typesupport_c/dynamic_obstacle_detector_interfaces/msg/tracked_object_array__type_support.cpp.o[0m
[5.805s] [ 43%] [32mBuilding CXX object CMakeFiles/dynamic_obstacle_detector_interfaces__rosidl_typesupport_cpp.dir/rosidl_typesupport_cpp/dynamic_obstacle_detector_interfaces/msg/tracked_object_array__type_support.cpp.o[0m
[5.805s] [ 45%] [32mBuilding CXX object CMakeFiles/dynamic_obstacle_detector_interfaces__rosidl_typesupport_cpp.dir/rosidl_typesupport_cpp/dynamic_obstacle_detector_interfaces/msg/tracked_object__type_support.cpp.o[0m
[5.861s] [ 47%] [32mBuilding C object CMakeFiles/dynamic_obstacle_detector_interfaces__rosidl_typesupport_introspection_c.dir/rosidl_typesupport_introspection_c/dynamic_obstacle_detector_interfaces/msg/detail/tracked_object__type_support.c.o[0m
[5.881s] [ 52%] [32mBuilding C object CMakeFiles/dynamic_obstacle_detector_interfaces__rosidl_typesupport_introspection_c.dir/rosidl_typesupport_introspection_c/dynamic_obstacle_detector_interfaces/msg/detail/tracked_object_array__type_support.c.o[0m
[5.881s] [ 52%] [32mBuilding CXX object CMakeFiles/dynamic_obstacle_detector_interfaces__rosidl_typesupport_introspection_cpp.dir/rosidl_typesupport_introspection_cpp/dynamic_obstacle_detector_interfaces/msg/detail/tracked_object__type_support.cpp.o[0m
[5.893s] [ 54%] [32mBuilding CXX object CMakeFiles/dynamic_obstacle_detector_interfaces__rosidl_typesupport_introspection_cpp.dir/rosidl_typesupport_introspection_cpp/dynamic_obstacle_detector_interfaces/msg/detail/tracked_object_array__type_support.cpp.o[0m
[5.897s] [ 56%] [32m[1mLinking CXX shared library libdynamic_obstacle_detector_interfaces__rosidl_typesupport_c.so[0m
[5.916s] [ 59%] [32mBuilding CXX object CMakeFiles/dynamic_obstacle_detector_interfaces__rosidl_typesupport_fastrtps_c.dir/rosidl_typesupport_fastrtps_c/dynamic_obstacle_detector_interfaces/msg/detail/tracked_object__type_support_c.cpp.o[0m
[5.939s] [ 61%] [32mBuilding CXX object CMakeFiles/dynamic_obstacle_detector_interfaces__rosidl_typesupport_fastrtps_c.dir/rosidl_typesupport_fastrtps_c/dynamic_obstacle_detector_interfaces/msg/detail/tracked_object_array__type_support_c.cpp.o[0m
[5.940s] [ 63%] [32mBuilding CXX object CMakeFiles/dynamic_obstacle_detector_interfaces__rosidl_typesupport_fastrtps_cpp.dir/rosidl_typesupport_fastrtps_cpp/dynamic_obstacle_detector_interfaces/msg/detail/dds_fastrtps/tracked_object__type_support.cpp.o[0m
[5.944s] [ 65%] [32mBuilding CXX object CMakeFiles/dynamic_obstacle_detector_interfaces__rosidl_typesupport_fastrtps_cpp.dir/rosidl_typesupport_fastrtps_cpp/dynamic_obstacle_detector_interfaces/msg/detail/dds_fastrtps/tracked_object_array__type_support.cpp.o[0m
[6.020s] [ 65%] Built target dynamic_obstacle_detector_interfaces__rosidl_typesupport_c
[6.032s] [ 68%] [32m[1mLinking C shared library libdynamic_obstacle_detector_interfaces__rosidl_typesupport_introspection_c.so[0m
[6.152s] [ 68%] Built target dynamic_obstacle_detector_interfaces__rosidl_typesupport_introspection_c
[6.573s] [ 70%] [32m[1mLinking CXX shared library libdynamic_obstacle_detector_interfaces__rosidl_typesupport_cpp.so[0m
[6.653s] [ 70%] Built target dynamic_obstacle_detector_interfaces__rosidl_typesupport_cpp
[6.687s] [ 72%] [32m[1mLinking CXX shared library libdynamic_obstacle_detector_interfaces__rosidl_typesupport_introspection_cpp.so[0m
[6.872s] [ 72%] Built target dynamic_obstacle_detector_interfaces__rosidl_typesupport_introspection_cpp
[7.025s] [ 75%] [32m[1mLinking CXX shared library libdynamic_obstacle_detector_interfaces__rosidl_typesupport_fastrtps_c.so[0m
[7.092s] [ 77%] [32m[1mLinking CXX shared library libdynamic_obstacle_detector_interfaces__rosidl_typesupport_fastrtps_cpp.so[0m
[7.095s] [ 77%] Built target dynamic_obstacle_detector_interfaces__rosidl_typesupport_fastrtps_c
[7.250s] [ 77%] Built target dynamic_obstacle_detector_interfaces__rosidl_typesupport_fastrtps_cpp
[7.276s] [ 77%] Built target dynamic_obstacle_detector_interfaces
[7.307s] [ 79%] [34m[1mGenerating Python code for ROS interfaces[0m
[7.883s] [ 79%] Built target dynamic_obstacle_detector_interfaces__py
[7.915s] [ 81%] [32mBuilding C object CMakeFiles/dynamic_obstacle_detector_interfaces__rosidl_generator_py.dir/rosidl_generator_py/dynamic_obstacle_detector_interfaces/msg/_tracked_object_array_s.c.o[0m
[7.918s] [ 84%] [32mBuilding C object CMakeFiles/dynamic_obstacle_detector_interfaces__rosidl_generator_py.dir/rosidl_generator_py/dynamic_obstacle_detector_interfaces/msg/_tracked_object_s.c.o[0m
[8.163s] [ 86%] [32m[1mLinking C shared library libdynamic_obstacle_detector_interfaces__rosidl_generator_py.so[0m
[8.243s] [ 86%] Built target dynamic_obstacle_detector_interfaces__rosidl_generator_py
[8.270s] [ 90%] [32mBuilding C object CMakeFiles/dynamic_obstacle_detector_interfaces_s__rosidl_typesupport_c.dir/rosidl_generator_py/dynamic_obstacle_detector_interfaces/_dynamic_obstacle_detector_interfaces_s.ep.rosidl_typesupport_c.c.o[0m
[8.270s] [ 90%] [32mBuilding C object CMakeFiles/dynamic_obstacle_detector_interfaces_s__rosidl_typesupport_introspection_c.dir/rosidl_generator_py/dynamic_obstacle_detector_interfaces/_dynamic_obstacle_detector_interfaces_s.ep.rosidl_typesupport_introspection_c.c.o[0m
[8.272s] [ 93%] [32mBuilding C object CMakeFiles/dynamic_obstacle_detector_interfaces_s__rosidl_typesupport_fastrtps_c.dir/rosidl_generator_py/dynamic_obstacle_detector_interfaces/_dynamic_obstacle_detector_interfaces_s.ep.rosidl_typesupport_fastrtps_c.c.o[0m
[8.399s] [ 95%] [32m[1mLinking C shared module rosidl_generator_py/dynamic_obstacle_detector_interfaces/dynamic_obstacle_detector_interfaces_s__rosidl_typesupport_introspection_c.so[0m
[8.411s] [ 97%] [32m[1mLinking C shared module rosidl_generator_py/dynamic_obstacle_detector_interfaces/dynamic_obstacle_detector_interfaces_s__rosidl_typesupport_fastrtps_c.so[0m
[8.428s] [100%] [32m[1mLinking C shared module rosidl_generator_py/dynamic_obstacle_detector_interfaces/dynamic_obstacle_detector_interfaces_s__rosidl_typesupport_c.so[0m
[8.441s] [100%] Built target dynamic_obstacle_detector_interfaces_s__rosidl_typesupport_introspection_c
[8.457s] [100%] Built target dynamic_obstacle_detector_interfaces_s__rosidl_typesupport_fastrtps_c
[8.473s] [100%] Built target dynamic_obstacle_detector_interfaces_s__rosidl_typesupport_c
[8.488s] Invoked command in '/root/ros_workspace/build/dynamic_obstacle_detector_interfaces' returned '0': CMAKE_PREFIX_PATH=${CMAKE_PREFIX_PATH}:/opt/ros/jazzy /usr/bin/cmake --build /root/ros_workspace/build/dynamic_obstacle_detector_interfaces -- -j12 -l12
[8.499s] Invoking command in '/root/ros_workspace/build/dynamic_obstacle_detector_interfaces': CMAKE_PREFIX_PATH=${CMAKE_PREFIX_PATH}:/opt/ros/jazzy /usr/bin/cmake --install /root/ros_workspace/build/dynamic_obstacle_detector_interfaces
[8.509s] -- Install configuration: ""
[8.509s] -- Installing: /root/ros_workspace/install/dynamic_obstacle_detector_interfaces/share/ament_index/resource_index/rosidl_interfaces/dynamic_obstacle_detector_interfaces
[8.510s] -- Installing: /root/ros_workspace/install/dynamic_obstacle_detector_interfaces/share/dynamic_obstacle_detector_interfaces/msg/TrackedObject.json
[8.510s] -- Installing: /root/ros_workspace/install/dynamic_obstacle_detector_interfaces/share/dynamic_obstacle_detector_interfaces/msg/TrackedObjectArray.json
[8.511s] -- Installing: /root/ros_workspace/install/dynamic_obstacle_detector_interfaces/include/dynamic_obstacle_detector_interfaces/dynamic_obstacle_detector_interfaces
[8.511s] -- Installing: /root/ros_workspace/install/dynamic_obstacle_detector_interfaces/include/dynamic_obstacle_detector_interfaces/dynamic_obstacle_detector_interfaces/msg
[8.511s] -- Installing: /root/ros_workspace/install/dynamic_obstacle_detector_interfaces/include/dynamic_obstacle_detector_interfaces/dynamic_obstacle_detector_interfaces/msg/tracked_object.h
[8.512s] -- Installing: /root/ros_workspace/install/dynamic_obstacle_detector_interfaces/include/dynamic_obstacle_detector_interfaces/dynamic_obstacle_detector_interfaces/msg/rosidl_generator_c__visibility_control.h
[8.512s] -- Installing: /root/ros_workspace/install/dynamic_obstacle_detector_interfaces/include/dynamic_obstacle_detector_interfaces/dynamic_obstacle_detector_interfaces/msg/tracked_object_array.h
[8.512s] -- Installing: /root/ros_workspace/install/dynamic_obstacle_detector_interfaces/include/dynamic_obstacle_detector_interfaces/dynamic_obstacle_detector_interfaces/msg/detail
[8.512s] -- Installing: /root/ros_workspace/install/dynamic_obstacle_detector_interfaces/include/dynamic_obstacle_detector_interfaces/dynamic_obstacle_detector_interfaces/msg/detail/tracked_object__type_support.c
[8.513s] -- Installing: /root/ros_workspace/install/dynamic_obstacle_detector_interfaces/include/dynamic_obstacle_detector_interfaces/dynamic_obstacle_detector_interfaces/msg/detail/tracked_object_array__type_support.c
[8.513s] -- Installing: /root/ros_workspace/install/dynamic_obstacle_detector_interfaces/include/dynamic_obstacle_detector_interfaces/dynamic_obstacle_detector_interfaces/msg/detail/tracked_object__type_support.h
[8.513s] -- Installing: /root/ros_workspace/install/dynamic_obstacle_detector_interfaces/include/dynamic_obstacle_detector_interfaces/dynamic_obstacle_detector_interfaces/msg/detail/tracked_object__functions.c
[8.513s] -- Installing: /root/ros_workspace/install/dynamic_obstacle_detector_interfaces/include/dynamic_obstacle_detector_interfaces/dynamic_obstacle_detector_interfaces/msg/detail/tracked_object_array__description.c
[8.514s] -- Installing: /root/ros_workspace/install/dynamic_obstacle_detector_interfaces/include/dynamic_obstacle_detector_interfaces/dynamic_obstacle_detector_interfaces/msg/detail/tracked_object_array__functions.h
[8.514s] -- Installing: /root/ros_workspace/install/dynamic_obstacle_detector_interfaces/include/dynamic_obstacle_detector_interfaces/dynamic_obstacle_detector_interfaces/msg/detail/tracked_object__description.c
[8.514s] -- Installing: /root/ros_workspace/install/dynamic_obstacle_detector_interfaces/include/dynamic_obstacle_detector_interfaces/dynamic_obstacle_detector_interfaces/msg/detail/tracked_object_array__struct.h
[8.514s] -- Installing: /root/ros_workspace/install/dynamic_obstacle_detector_interfaces/include/dynamic_obstacle_detector_interfaces/dynamic_obstacle_detector_interfaces/msg/detail/tracked_object__struct.h
[8.515s] -- Installing: /root/ros_workspace/install/dynamic_obstacle_detector_interfaces/include/dynamic_obstacle_detector_interfaces/dynamic_obstacle_detector_interfaces/msg/detail/tracked_object__functions.h
[8.515s] -- Installing: /root/ros_workspace/install/dynamic_obstacle_detector_interfaces/include/dynamic_obstacle_detector_interfaces/dynamic_obstacle_detector_interfaces/msg/detail/tracked_object_array__type_support.h
[8.515s] -- Installing: /root/ros_workspace/install/dynamic_obstacle_detector_interfaces/include/dynamic_obstacle_detector_interfaces/dynamic_obstacle_detector_interfaces/msg/detail/tracked_object_array__functions.c
[8.515s] -- Installing: /root/ros_workspace/install/dynamic_obstacle_detector_interfaces/share/dynamic_obstacle_detector_interfaces/environment/library_path.sh
[8.515s] -- Installing: /root/ros_workspace/install/dynamic_obstacle_detector_interfaces/share/dynamic_obstacle_detector_interfaces/environment/library_path.dsv
[8.515s] -- Installing: /root/ros_workspace/install/dynamic_obstacle_detector_interfaces/lib/libdynamic_obstacle_detector_interfaces__rosidl_generator_c.so
[8.516s] -- Set non-toolchain portion of runtime path of "/root/ros_workspace/install/dynamic_obstacle_detector_interfaces/lib/libdynamic_obstacle_detector_interfaces__rosidl_generator_c.so" to ""
[8.516s] -- Up-to-date: /root/ros_workspace/install/dynamic_obstacle_detector_interfaces/include/dynamic_obstacle_detector_interfaces/dynamic_obstacle_detector_interfaces
[8.516s] -- Up-to-date: /root/ros_workspace/install/dynamic_obstacle_detector_interfaces/include/dynamic_obstacle_detector_interfaces/dynamic_obstacle_detector_interfaces/msg
[8.516s] -- Installing: /root/ros_workspace/install/dynamic_obstacle_detector_interfaces/include/dynamic_obstacle_detector_interfaces/dynamic_obstacle_detector_interfaces/msg/rosidl_typesupport_fastrtps_c__visibility_control.h
[8.517s] -- Up-to-date: /root/ros_workspace/install/dynamic_obstacle_detector_interfaces/include/dynamic_obstacle_detector_interfaces/dynamic_obstacle_detector_interfaces/msg/detail
[8.517s] -- Installing: /root/ros_workspace/install/dynamic_obstacle_detector_interfaces/include/dynamic_obstacle_detector_interfaces/dynamic_obstacle_detector_interfaces/msg/detail/tracked_object_array__rosidl_typesupport_fastrtps_c.h
[8.517s] -- Installing: /root/ros_workspace/install/dynamic_obstacle_detector_interfaces/include/dynamic_obstacle_detector_interfaces/dynamic_obstacle_detector_interfaces/msg/detail/tracked_object__rosidl_typesupport_fastrtps_c.h
[8.517s] -- Installing: /root/ros_workspace/install/dynamic_obstacle_detector_interfaces/lib/libdynamic_obstacle_detector_interfaces__rosidl_typesupport_fastrtps_c.so
[8.517s] -- Set non-toolchain portion of runtime path of "/root/ros_workspace/install/dynamic_obstacle_detector_interfaces/lib/libdynamic_obstacle_detector_interfaces__rosidl_typesupport_fastrtps_c.so" to ""
[8.517s] -- Up-to-date: /root/ros_workspace/install/dynamic_obstacle_detector_interfaces/include/dynamic_obstacle_detector_interfaces/dynamic_obstacle_detector_interfaces
[8.518s] -- Up-to-date: /root/ros_workspace/install/dynamic_obstacle_detector_interfaces/include/dynamic_obstacle_detector_interfaces/dynamic_obstacle_detector_interfaces/msg
[8.518s] -- Installing: /root/ros_workspace/install/dynamic_obstacle_detector_interfaces/include/dynamic_obstacle_detector_interfaces/dynamic_obstacle_detector_interfaces/msg/rosidl_typesupport_introspection_c__visibility_control.h
[8.518s] -- Up-to-date: /root/ros_workspace/install/dynamic_obstacle_detector_interfaces/include/dynamic_obstacle_detector_interfaces/dynamic_obstacle_detector_interfaces/msg/detail
[8.518s] -- Installing: /root/ros_workspace/install/dynamic_obstacle_detector_interfaces/include/dynamic_obstacle_detector_interfaces/dynamic_obstacle_detector_interfaces/msg/detail/tracked_object__type_support.c
[8.519s] -- Up-to-date: /root/ros_workspace/install/dynamic_obstacle_detector_interfaces/include/dynamic_obstacle_detector_interfaces/dynamic_obstacle_detector_interfaces/msg/detail/tracked_object_array__type_support.c
[8.519s] -- Installing: /root/ros_workspace/install/dynamic_obstacle_detector_interfaces/include/dynamic_obstacle_detector_interfaces/dynamic_obstacle_detector_interfaces/msg/detail/tracked_object__rosidl_typesupport_introspection_c.h
[8.519s] -- Installing: /root/ros_workspace/install/dynamic_obstacle_detector_interfaces/include/dynamic_obstacle_detector_interfaces/dynamic_obstacle_detector_interfaces/msg/detail/tracked_object_array__rosidl_typesupport_introspection_c.h
[8.519s] -- Installing: /root/ros_workspace/install/dynamic_obstacle_detector_interfaces/lib/libdynamic_obstacle_detector_interfaces__rosidl_typesupport_introspection_c.so
[8.519s] -- Set non-toolchain portion of runtime path of "/root/ros_workspace/install/dynamic_obstacle_detector_interfaces/lib/libdynamic_obstacle_detector_interfaces__rosidl_typesupport_introspection_c.so" to ""
[8.519s] -- Installing: /root/ros_workspace/install/dynamic_obstacle_detector_interfaces/lib/libdynamic_obstacle_detector_interfaces__rosidl_typesupport_c.so
[8.520s] -- Set non-toolchain portion of runtime path of "/root/ros_workspace/install/dynamic_obstacle_detector_interfaces/lib/libdynamic_obstacle_detector_interfaces__rosidl_typesupport_c.so" to ""
[8.520s] -- Up-to-date: /root/ros_workspace/install/dynamic_obstacle_detector_interfaces/include/dynamic_obstacle_detector_interfaces/dynamic_obstacle_detector_interfaces
[8.520s] -- Up-to-date: /root/ros_workspace/install/dynamic_obstacle_detector_interfaces/include/dynamic_obstacle_detector_interfaces/dynamic_obstacle_detector_interfaces/msg
[8.520s] -- Installing: /root/ros_workspace/install/dynamic_obstacle_detector_interfaces/include/dynamic_obstacle_detector_interfaces/dynamic_obstacle_detector_interfaces/msg/rosidl_generator_cpp__visibility_control.hpp
[8.520s] -- Installing: /root/ros_workspace/install/dynamic_obstacle_detector_interfaces/include/dynamic_obstacle_detector_interfaces/dynamic_obstacle_detector_interfaces/msg/tracked_object.hpp
[8.520s] -- Installing: /root/ros_workspace/install/dynamic_obstacle_detector_interfaces/include/dynamic_obstacle_detector_interfaces/dynamic_obstacle_detector_interfaces/msg/tracked_object_array.hpp
[8.521s] -- Up-to-date: /root/ros_workspace/install/dynamic_obstacle_detector_interfaces/include/dynamic_obstacle_detector_interfaces/dynamic_obstacle_detector_interfaces/msg/detail
[8.521s] -- Installing: /root/ros_workspace/install/dynamic_obstacle_detector_interfaces/include/dynamic_obstacle_detector_interfaces/dynamic_obstacle_detector_interfaces/msg/detail/tracked_object__traits.hpp
[8.521s] -- Installing: /root/ros_workspace/install/dynamic_obstacle_detector_interfaces/include/dynamic_obstacle_detector_interfaces/dynamic_obstacle_detector_interfaces/msg/detail/tracked_object__type_support.hpp
[8.521s] -- Installing: /root/ros_workspace/install/dynamic_obstacle_detector_interfaces/include/dynamic_obstacle_detector_interfaces/dynamic_obstacle_detector_interfaces/msg/detail/tracked_object__struct.hpp
[8.521s] -- Installing: /root/ros_workspace/install/dynamic_obstacle_detector_interfaces/include/dynamic_obstacle_detector_interfaces/dynamic_obstacle_detector_interfaces/msg/detail/tracked_object_array__traits.hpp
[8.521s] -- Installing: /root/ros_workspace/install/dynamic_obstacle_detector_interfaces/include/dynamic_obstacle_detector_interfaces/dynamic_obstacle_detector_interfaces/msg/detail/tracked_object_array__builder.hpp
[8.522s] -- Installing: /root/ros_workspace/install/dynamic_obstacle_detector_interfaces/include/dynamic_obstacle_detector_interfaces/dynamic_obstacle_detector_interfaces/msg/detail/tracked_object__builder.hpp
[8.522s] -- Installing: /root/ros_workspace/install/dynamic_obstacle_detector_interfaces/include/dynamic_obstacle_detector_interfaces/dynamic_obstacle_detector_interfaces/msg/detail/tracked_object_array__type_support.hpp
[8.522s] -- Installing: /root/ros_workspace/install/dynamic_obstacle_detector_interfaces/include/dynamic_obstacle_detector_interfaces/dynamic_obstacle_detector_interfaces/msg/detail/tracked_object_array__struct.hpp
[8.522s] -- Up-to-date: /root/ros_workspace/install/dynamic_obstacle_detector_interfaces/include/dynamic_obstacle_detector_interfaces/dynamic_obstacle_detector_interfaces
[8.522s] -- Up-to-date: /root/ros_workspace/install/dynamic_obstacle_detector_interfaces/include/dynamic_obstacle_detector_interfaces/dynamic_obstacle_detector_interfaces/msg
[8.523s] -- Installing: /root/ros_workspace/install/dynamic_obstacle_detector_interfaces/include/dynamic_obstacle_detector_interfaces/dynamic_obstacle_detector_interfaces/msg/rosidl_typesupport_fastrtps_cpp__visibility_control.h
[8.523s] -- Up-to-date: /root/ros_workspace/install/dynamic_obstacle_detector_interfaces/include/dynamic_obstacle_detector_interfaces/dynamic_obstacle_detector_interfaces/msg/detail
[8.523s] -- Installing: /root/ros_workspace/install/dynamic_obstacle_detector_interfaces/include/dynamic_obstacle_detector_interfaces/dynamic_obstacle_detector_interfaces/msg/detail/tracked_object__rosidl_typesupport_fastrtps_cpp.hpp
[8.523s] -- Installing: /root/ros_workspace/install/dynamic_obstacle_detector_interfaces/include/dynamic_obstacle_detector_interfaces/dynamic_obstacle_detector_interfaces/msg/detail/tracked_object_array__rosidl_typesupport_fastrtps_cpp.hpp
[8.523s] -- Installing: /root/ros_workspace/install/dynamic_obstacle_detector_interfaces/include/dynamic_obstacle_detector_interfaces/dynamic_obstacle_detector_interfaces/msg/detail/dds_fastrtps
[8.523s] -- Installing: /root/ros_workspace/install/dynamic_obstacle_detector_interfaces/lib/libdynamic_obstacle_detector_interfaces__rosidl_typesupport_fastrtps_cpp.so
[8.524s] -- Set non-toolchain portion of runtime path of "/root/ros_workspace/install/dynamic_obstacle_detector_interfaces/lib/libdynamic_obstacle_detector_interfaces__rosidl_typesupport_fastrtps_cpp.so" to ""
[8.524s] -- Up-to-date: /root/ros_workspace/install/dynamic_obstacle_detector_interfaces/include/dynamic_obstacle_detector_interfaces/dynamic_obstacle_detector_interfaces
[8.524s] -- Up-to-date: /root/ros_workspace/install/dynamic_obstacle_detector_interfaces/include/dynamic_obstacle_detector_interfaces/dynamic_obstacle_detector_interfaces/msg
[8.524s] -- Up-to-date: /root/ros_workspace/install/dynamic_obstacle_detector_interfaces/include/dynamic_obstacle_detector_interfaces/dynamic_obstacle_detector_interfaces/msg/detail
[8.524s] -- Installing: /root/ros_workspace/install/dynamic_obstacle_detector_interfaces/include/dynamic_obstacle_detector_interfaces/dynamic_obstacle_detector_interfaces/msg/detail/tracked_object__rosidl_typesupport_introspection_cpp.hpp
[8.524s] -- Installing: /root/ros_workspace/install/dynamic_obstacle_detector_interfaces/include/dynamic_obstacle_detector_interfaces/dynamic_obstacle_detector_interfaces/msg/detail/tracked_object__type_support.cpp
[8.525s] -- Installing: /root/ros_workspace/install/dynamic_obstacle_detector_interfaces/include/dynamic_obstacle_detector_interfaces/dynamic_obstacle_detector_interfaces/msg/detail/tracked_object_array__rosidl_typesupport_introspection_cpp.hpp
[8.525s] -- Installing: /root/ros_workspace/install/dynamic_obstacle_detector_interfaces/include/dynamic_obstacle_detector_interfaces/dynamic_obstacle_detector_interfaces/msg/detail/tracked_object_array__type_support.cpp
[8.525s] -- Installing: /root/ros_workspace/install/dynamic_obstacle_detector_interfaces/lib/libdynamic_obstacle_detector_interfaces__rosidl_typesupport_introspection_cpp.so
[8.525s] -- Set non-toolchain portion of runtime path of "/root/ros_workspace/install/dynamic_obstacle_detector_interfaces/lib/libdynamic_obstacle_detector_interfaces__rosidl_typesupport_introspection_cpp.so" to ""
[8.525s] -- Installing: /root/ros_workspace/install/dynamic_obstacle_detector_interfaces/lib/libdynamic_obstacle_detector_interfaces__rosidl_typesupport_cpp.so
[8.525s] -- Set non-toolchain portion of runtime path of "/root/ros_workspace/install/dynamic_obstacle_detector_interfaces/lib/libdynamic_obstacle_detector_interfaces__rosidl_typesupport_cpp.so" to ""
[8.526s] -- Installing: /root/ros_workspace/install/dynamic_obstacle_detector_interfaces/share/dynamic_obstacle_detector_interfaces/environment/pythonpath.sh
[8.526s] -- Installing: /root/ros_workspace/install/dynamic_obstacle_detector_interfaces/share/dynamic_obstacle_detector_interfaces/environment/pythonpath.dsv
[8.526s] -- Installing: /root/ros_workspace/install/dynamic_obstacle_detector_interfaces/lib/python3.12/site-packages/dynamic_obstacle_detector_interfaces-0.0.0-py3.12.egg-info
[8.526s] -- Installing: /root/ros_workspace/install/dynamic_obstacle_detector_interfaces/lib/python3.12/site-packages/dynamic_obstacle_detector_interfaces-0.0.0-py3.12.egg-info/top_level.txt
[8.526s] -- Installing: /root/ros_workspace/install/dynamic_obstacle_detector_interfaces/lib/python3.12/site-packages/dynamic_obstacle_detector_interfaces-0.0.0-py3.12.egg-info/dependency_links.txt
[8.526s] -- Installing: /root/ros_workspace/install/dynamic_obstacle_detector_interfaces/lib/python3.12/site-packages/dynamic_obstacle_detector_interfaces-0.0.0-py3.12.egg-info/SOURCES.txt
[8.526s] -- Installing: /root/ros_workspace/install/dynamic_obstacle_detector_interfaces/lib/python3.12/site-packages/dynamic_obstacle_detector_interfaces-0.0.0-py3.12.egg-info/PKG-INFO
[8.526s] -- Installing: /root/ros_workspace/install/dynamic_obstacle_detector_interfaces/lib/python3.12/site-packages/dynamic_obstacle_detector_interfaces
[8.526s] -- Installing: /root/ros_workspace/install/dynamic_obstacle_detector_interfaces/lib/python3.12/site-packages/dynamic_obstacle_detector_interfaces/dynamic_obstacle_detector_interfaces_s__rosidl_typesupport_introspection_c.so
[8.527s] -- Installing: /root/ros_workspace/install/dynamic_obstacle_detector_interfaces/lib/python3.12/site-packages/dynamic_obstacle_detector_interfaces/_dynamic_obstacle_detector_interfaces_s.ep.rosidl_typesupport_introspection_c.c
[8.527s] -- Installing: /root/ros_workspace/install/dynamic_obstacle_detector_interfaces/lib/python3.12/site-packages/dynamic_obstacle_detector_interfaces/_dynamic_obstacle_detector_interfaces_s.ep.rosidl_typesupport_c.c
[8.527s] -- Installing: /root/ros_workspace/install/dynamic_obstacle_detector_interfaces/lib/python3.12/site-packages/dynamic_obstacle_detector_interfaces/dynamic_obstacle_detector_interfaces_s__rosidl_typesupport_fastrtps_c.so
[8.527s] -- Installing: /root/ros_workspace/install/dynamic_obstacle_detector_interfaces/lib/python3.12/site-packages/dynamic_obstacle_detector_interfaces/dynamic_obstacle_detector_interfaces_s__rosidl_typesupport_c.so
[8.527s] -- Installing: /root/ros_workspace/install/dynamic_obstacle_detector_interfaces/lib/python3.12/site-packages/dynamic_obstacle_detector_interfaces/msg
[8.527s] -- Installing: /root/ros_workspace/install/dynamic_obstacle_detector_interfaces/lib/python3.12/site-packages/dynamic_obstacle_detector_interfaces/msg/_tracked_object_s.c
[8.527s] -- Installing: /root/ros_workspace/install/dynamic_obstacle_detector_interfaces/lib/python3.12/site-packages/dynamic_obstacle_detector_interfaces/msg/_tracked_object_array_s.c
[8.527s] -- Installing: /root/ros_workspace/install/dynamic_obstacle_detector_interfaces/lib/python3.12/site-packages/dynamic_obstacle_detector_interfaces/msg/_tracked_object.py
[8.527s] -- Installing: /root/ros_workspace/install/dynamic_obstacle_detector_interfaces/lib/python3.12/site-packages/dynamic_obstacle_detector_interfaces/msg/_tracked_object_array.py
[8.527s] -- Installing: /root/ros_workspace/install/dynamic_obstacle_detector_interfaces/lib/python3.12/site-packages/dynamic_obstacle_detector_interfaces/msg/__init__.py
[8.527s] -- Installing: /root/ros_workspace/install/dynamic_obstacle_detector_interfaces/lib/python3.12/site-packages/dynamic_obstacle_detector_interfaces/_dynamic_obstacle_detector_interfaces_s.ep.rosidl_typesupport_fastrtps_c.c
[8.527s] -- Installing: /root/ros_workspace/install/dynamic_obstacle_detector_interfaces/lib/python3.12/site-packages/dynamic_obstacle_detector_interfaces/__init__.py
[8.569s] Listing '/root/ros_workspace/install/dynamic_obstacle_detector_interfaces/lib/python3.12/site-packages/dynamic_obstacle_detector_interfaces'...
[8.570s] Compiling '/root/ros_workspace/install/dynamic_obstacle_detector_interfaces/lib/python3.12/site-packages/dynamic_obstacle_detector_interfaces/__init__.py'...
[8.570s] Listing '/root/ros_workspace/install/dynamic_obstacle_detector_interfaces/lib/python3.12/site-packages/dynamic_obstacle_detector_interfaces/msg'...
[8.570s] Compiling '/root/ros_workspace/install/dynamic_obstacle_detector_interfaces/lib/python3.12/site-packages/dynamic_obstacle_detector_interfaces/msg/__init__.py'...
[8.570s] Compiling '/root/ros_workspace/install/dynamic_obstacle_detector_interfaces/lib/python3.12/site-packages/dynamic_obstacle_detector_interfaces/msg/_tracked_object.py'...
[8.570s] Compiling '/root/ros_workspace/install/dynamic_obstacle_detector_interfaces/lib/python3.12/site-packages/dynamic_obstacle_detector_interfaces/msg/_tracked_object_array.py'...
[8.576s] -- Installing: /root/ros_workspace/install/dynamic_obstacle_detector_interfaces/lib/python3.12/site-packages/dynamic_obstacle_detector_interfaces/dynamic_obstacle_detector_interfaces_s__rosidl_typesupport_fastrtps_c.so
[8.576s] -- Set non-toolchain portion of runtime path of "/root/ros_workspace/install/dynamic_obstacle_detector_interfaces/lib/python3.12/site-packages/dynamic_obstacle_detector_interfaces/dynamic_obstacle_detector_interfaces_s__rosidl_typesupport_fastrtps_c.so" to ""
[8.577s] -- Installing: /root/ros_workspace/install/dynamic_obstacle_detector_interfaces/lib/python3.12/site-packages/dynamic_obstacle_detector_interfaces/dynamic_obstacle_detector_interfaces_s__rosidl_typesupport_introspection_c.so
[8.577s] -- Set non-toolchain portion of runtime path of "/root/ros_workspace/install/dynamic_obstacle_detector_interfaces/lib/python3.12/site-packages/dynamic_obstacle_detector_interfaces/dynamic_obstacle_detector_interfaces_s__rosidl_typesupport_introspection_c.so" to ""
[8.577s] -- Installing: /root/ros_workspace/install/dynamic_obstacle_detector_interfaces/lib/python3.12/site-packages/dynamic_obstacle_detector_interfaces/dynamic_obstacle_detector_interfaces_s__rosidl_typesupport_c.so
[8.578s] -- Set non-toolchain portion of runtime path of "/root/ros_workspace/install/dynamic_obstacle_detector_interfaces/lib/python3.12/site-packages/dynamic_obstacle_detector_interfaces/dynamic_obstacle_detector_interfaces_s__rosidl_typesupport_c.so" to ""
[8.578s] -- Installing: /root/ros_workspace/install/dynamic_obstacle_detector_interfaces/lib/libdynamic_obstacle_detector_interfaces__rosidl_generator_py.so
[8.578s] -- Set non-toolchain portion of runtime path of "/root/ros_workspace/install/dynamic_obstacle_detector_interfaces/lib/libdynamic_obstacle_detector_interfaces__rosidl_generator_py.so" to ""
[8.579s] -- Installing: /root/ros_workspace/install/dynamic_obstacle_detector_interfaces/share/dynamic_obstacle_detector_interfaces/msg/TrackedObject.idl
[8.579s] -- Installing: /root/ros_workspace/install/dynamic_obstacle_detector_interfaces/share/dynamic_obstacle_detector_interfaces/msg/TrackedObjectArray.idl
[8.579s] -- Installing: /root/ros_workspace/install/dynamic_obstacle_detector_interfaces/share/dynamic_obstacle_detector_interfaces/msg/TrackedObject.msg
[8.579s] -- Installing: /root/ros_workspace/install/dynamic_obstacle_detector_interfaces/share/dynamic_obstacle_detector_interfaces/msg/TrackedObjectArray.msg
[8.579s] -- Installing: /root/ros_workspace/install/dynamic_obstacle_detector_interfaces/share/ament_index/resource_index/package_run_dependencies/dynamic_obstacle_detector_interfaces
[8.580s] -- Installing: /root/ros_workspace/install/dynamic_obstacle_detector_interfaces/share/ament_index/resource_index/parent_prefix_path/dynamic_obstacle_detector_interfaces
[8.580s] -- Installing: /root/ros_workspace/install/dynamic_obstacle_detector_interfaces/share/dynamic_obstacle_detector_interfaces/environment/ament_prefix_path.sh
[8.580s] -- Installing: /root/ros_workspace/install/dynamic_obstacle_detector_interfaces/share/dynamic_obstacle_detector_interfaces/environment/ament_prefix_path.dsv
[8.580s] -- Installing: /root/ros_workspace/install/dynamic_obstacle_detector_interfaces/share/dynamic_obstacle_detector_interfaces/environment/path.sh
[8.580s] -- Installing: /root/ros_workspace/install/dynamic_obstacle_detector_interfaces/share/dynamic_obstacle_detector_interfaces/environment/path.dsv
[8.580s] -- Installing: /root/ros_workspace/install/dynamic_obstacle_detector_interfaces/share/dynamic_obstacle_detector_interfaces/local_setup.bash
[8.581s] -- Installing: /root/ros_workspace/install/dynamic_obstacle_detector_interfaces/share/dynamic_obstacle_detector_interfaces/local_setup.sh
[8.581s] -- Installing: /root/ros_workspace/install/dynamic_obstacle_detector_interfaces/share/dynamic_obstacle_detector_interfaces/local_setup.zsh
[8.581s] -- Installing: /root/ros_workspace/install/dynamic_obstacle_detector_interfaces/share/dynamic_obstacle_detector_interfaces/local_setup.dsv
[8.581s] -- Installing: /root/ros_workspace/install/dynamic_obstacle_detector_interfaces/share/dynamic_obstacle_detector_interfaces/package.dsv
[8.581s] -- Installing: /root/ros_workspace/install/dynamic_obstacle_detector_interfaces/share/ament_index/resource_index/packages/dynamic_obstacle_detector_interfaces
[8.582s] -- Installing: /root/ros_workspace/install/dynamic_obstacle_detector_interfaces/share/dynamic_obstacle_detector_interfaces/cmake/export_dynamic_obstacle_detector_interfaces__rosidl_generator_cExport.cmake
[8.582s] -- Installing: /root/ros_workspace/install/dynamic_obstacle_detector_interfaces/share/dynamic_obstacle_detector_interfaces/cmake/export_dynamic_obstacle_detector_interfaces__rosidl_generator_cExport-noconfig.cmake
[8.582s] -- Installing: /root/ros_workspace/install/dynamic_obstacle_detector_interfaces/share/dynamic_obstacle_detector_interfaces/cmake/export_dynamic_obstacle_detector_interfaces__rosidl_typesupport_fastrtps_cExport.cmake
[8.582s] -- Installing: /root/ros_workspace/install/dynamic_obstacle_detector_interfaces/share/dynamic_obstacle_detector_interfaces/cmake/export_dynamic_obstacle_detector_interfaces__rosidl_typesupport_fastrtps_cExport-noconfig.cmake
[8.582s] -- Installing: /root/ros_workspace/install/dynamic_obstacle_detector_interfaces/share/dynamic_obstacle_detector_interfaces/cmake/dynamic_obstacle_detector_interfaces__rosidl_typesupport_introspection_cExport.cmake
[8.583s] -- Installing: /root/ros_workspace/install/dynamic_obstacle_detector_interfaces/share/dynamic_obstacle_detector_interfaces/cmake/dynamic_obstacle_detector_interfaces__rosidl_typesupport_introspection_cExport-noconfig.cmake
[8.583s] -- Installing: /root/ros_workspace/install/dynamic_obstacle_detector_interfaces/share/dynamic_obstacle_detector_interfaces/cmake/dynamic_obstacle_detector_interfaces__rosidl_typesupport_cExport.cmake
[8.583s] -- Installing: /root/ros_workspace/install/dynamic_obstacle_detector_interfaces/share/dynamic_obstacle_detector_interfaces/cmake/dynamic_obstacle_detector_interfaces__rosidl_typesupport_cExport-noconfig.cmake
[8.583s] -- Installing: /root/ros_workspace/install/dynamic_obstacle_detector_interfaces/share/dynamic_obstacle_detector_interfaces/cmake/export_dynamic_obstacle_detector_interfaces__rosidl_generator_cppExport.cmake
[8.583s] -- Installing: /root/ros_workspace/install/dynamic_obstacle_detector_interfaces/share/dynamic_obstacle_detector_interfaces/cmake/export_dynamic_obstacle_detector_interfaces__rosidl_typesupport_fastrtps_cppExport.cmake
[8.583s] -- Installing: /root/ros_workspace/install/dynamic_obstacle_detector_interfaces/share/dynamic_obstacle_detector_interfaces/cmake/export_dynamic_obstacle_detector_interfaces__rosidl_typesupport_fastrtps_cppExport-noconfig.cmake
[8.584s] -- Installing: /root/ros_workspace/install/dynamic_obstacle_detector_interfaces/share/dynamic_obstacle_detector_interfaces/cmake/dynamic_obstacle_detector_interfaces__rosidl_typesupport_introspection_cppExport.cmake
[8.584s] -- Installing: /root/ros_workspace/install/dynamic_obstacle_detector_interfaces/share/dynamic_obstacle_detector_interfaces/cmake/dynamic_obstacle_detector_interfaces__rosidl_typesupport_introspection_cppExport-noconfig.cmake
[8.584s] -- Installing: /root/ros_workspace/install/dynamic_obstacle_detector_interfaces/share/dynamic_obstacle_detector_interfaces/cmake/dynamic_obstacle_detector_interfaces__rosidl_typesupport_cppExport.cmake
[8.584s] -- Installing: /root/ros_workspace/install/dynamic_obstacle_detector_interfaces/share/dynamic_obstacle_detector_interfaces/cmake/dynamic_obstacle_detector_interfaces__rosidl_typesupport_cppExport-noconfig.cmake
[8.584s] -- Installing: /root/ros_workspace/install/dynamic_obstacle_detector_interfaces/share/dynamic_obstacle_detector_interfaces/cmake/export_dynamic_obstacle_detector_interfaces__rosidl_generator_pyExport.cmake
[8.584s] -- Installing: /root/ros_workspace/install/dynamic_obstacle_detector_interfaces/share/dynamic_obstacle_detector_interfaces/cmake/export_dynamic_obstacle_detector_interfaces__rosidl_generator_pyExport-noconfig.cmake
[8.585s] -- Installing: /root/ros_workspace/install/dynamic_obstacle_detector_interfaces/share/dynamic_obstacle_detector_interfaces/cmake/rosidl_cmake-extras.cmake
[8.585s] -- Installing: /root/ros_workspace/install/dynamic_obstacle_detector_interfaces/share/dynamic_obstacle_detector_interfaces/cmake/ament_cmake_export_dependencies-extras.cmake
[8.585s] -- Installing: /root/ros_workspace/install/dynamic_obstacle_detector_interfaces/share/dynamic_obstacle_detector_interfaces/cmake/ament_cmake_export_include_directories-extras.cmake
[8.585s] -- Installing: /root/ros_workspace/install/dynamic_obstacle_detector_interfaces/share/dynamic_obstacle_detector_interfaces/cmake/ament_cmake_export_libraries-extras.cmake
[8.585s] -- Installing: /root/ros_workspace/install/dynamic_obstacle_detector_interfaces/share/dynamic_obstacle_detector_interfaces/cmake/ament_cmake_export_targets-extras.cmake
[8.585s] -- Installing: /root/ros_workspace/install/dynamic_obstacle_detector_interfaces/share/dynamic_obstacle_detector_interfaces/cmake/rosidl_cmake_export_typesupport_targets-extras.cmake
[8.586s] -- Installing: /root/ros_workspace/install/dynamic_obstacle_detector_interfaces/share/dynamic_obstacle_detector_interfaces/cmake/rosidl_cmake_export_typesupport_libraries-extras.cmake
[8.586s] -- Installing: /root/ros_workspace/install/dynamic_obstacle_detector_interfaces/share/dynamic_obstacle_detector_interfaces/cmake/dynamic_obstacle_detector_interfacesConfig.cmake
[8.586s] -- Installing: /root/ros_workspace/install/dynamic_obstacle_detector_interfaces/share/dynamic_obstacle_detector_interfaces/cmake/dynamic_obstacle_detector_interfacesConfig-version.cmake
[8.586s] -- Installing: /root/ros_workspace/install/dynamic_obstacle_detector_interfaces/share/dynamic_obstacle_detector_interfaces/package.xml
[8.589s] Invoked command in '/root/ros_workspace/build/dynamic_obstacle_detector_interfaces' returned '0': CMAKE_PREFIX_PATH=${CMAKE_PREFIX_PATH}:/opt/ros/jazzy /usr/bin/cmake --install /root/ros_workspace/build/dynamic_obstacle_detector_interfaces
