[0.389s] Invoking command in '/root/ros_workspace/build/dynamic_obstacle_detector_interfaces': CMAKE_PREFIX_PATH=${CMAKE_PREFIX_PATH}:/root/ros_workspace/install/multi_robot_bringup:/root/ros_workspace/install/dynamic_obstacle_detector:/opt/ros/jazzy /usr/bin/cmake --build /root/ros_workspace/build/dynamic_obstacle_detector_interfaces -- -j12 -l12
[0.488s] [  2%] Built target dynamic_obstacle_detector_interfaces__rosidl_generator_type_description
[0.554s] [  2%] Built target ament_cmake_python_copy_dynamic_obstacle_detector_interfaces
[0.605s] [  4%] Built target dynamic_obstacle_detector_interfaces__cpp
[1.033s] running egg_info
[1.095s] writing dynamic_obstacle_detector_interfaces.egg-info/PKG-INFO
[1.101s] writing dependency_links to dynamic_obstacle_detector_interfaces.egg-info/dependency_links.txt
[1.101s] writing top-level names to dynamic_obstacle_detector_interfaces.egg-info/top_level.txt
[1.213s] reading manifest file 'dynamic_obstacle_detector_interfaces.egg-info/SOURCES.txt'
[1.214s] writing manifest file 'dynamic_obstacle_detector_interfaces.egg-info/SOURCES.txt'
[1.273s] [  4%] Built target ament_cmake_python_build_dynamic_obstacle_detector_interfaces_egg
[1.327s] [ 22%] Built target dynamic_obstacle_detector_interfaces__rosidl_generator_c
[1.371s] [ 31%] Built target dynamic_obstacle_detector_interfaces__rosidl_typesupport_introspection_c
[1.418s] [ 40%] Built target dynamic_obstacle_detector_interfaces__rosidl_typesupport_fastrtps_c
[1.468s] [ 50%] Built target dynamic_obstacle_detector_interfaces__rosidl_typesupport_cpp
[1.516s] [ 59%] Built target dynamic_obstacle_detector_interfaces__rosidl_typesupport_introspection_cpp
[1.566s] [ 68%] Built target dynamic_obstacle_detector_interfaces__rosidl_typesupport_fastrtps_cpp
[1.629s] [ 77%] Built target dynamic_obstacle_detector_interfaces__rosidl_typesupport_c
[1.684s] [ 77%] Built target dynamic_obstacle_detector_interfaces
[1.741s] [ 79%] Built target dynamic_obstacle_detector_interfaces__py
[1.792s] [ 86%] Built target dynamic_obstacle_detector_interfaces__rosidl_generator_py
[1.838s] [ 90%] Built target dynamic_obstacle_detector_interfaces_s__rosidl_typesupport_fastrtps_c
[1.878s] [ 95%] Built target dynamic_obstacle_detector_interfaces_s__rosidl_typesupport_c
[1.922s] [100%] Built target dynamic_obstacle_detector_interfaces_s__rosidl_typesupport_introspection_c
[1.944s] Invoked command in '/root/ros_workspace/build/dynamic_obstacle_detector_interfaces' returned '0': CMAKE_PREFIX_PATH=${CMAKE_PREFIX_PATH}:/root/ros_workspace/install/multi_robot_bringup:/root/ros_workspace/install/dynamic_obstacle_detector:/opt/ros/jazzy /usr/bin/cmake --build /root/ros_workspace/build/dynamic_obstacle_detector_interfaces -- -j12 -l12
[1.946s] Invoking command in '/root/ros_workspace/build/dynamic_obstacle_detector_interfaces': CMAKE_PREFIX_PATH=${CMAKE_PREFIX_PATH}:/root/ros_workspace/install/multi_robot_bringup:/root/ros_workspace/install/dynamic_obstacle_detector:/opt/ros/jazzy /usr/bin/cmake --install /root/ros_workspace/build/dynamic_obstacle_detector_interfaces
[1.962s] -- Install configuration: ""
[1.962s] -- Up-to-date: /root/ros_workspace/install/dynamic_obstacle_detector_interfaces/share/ament_index/resource_index/rosidl_interfaces/dynamic_obstacle_detector_interfaces
[1.963s] -- Up-to-date: /root/ros_workspace/install/dynamic_obstacle_detector_interfaces/share/dynamic_obstacle_detector_interfaces/msg/TrackedObject.json
[1.963s] -- Up-to-date: /root/ros_workspace/install/dynamic_obstacle_detector_interfaces/share/dynamic_obstacle_detector_interfaces/msg/TrackedObjectArray.json
[1.963s] -- Up-to-date: /root/ros_workspace/install/dynamic_obstacle_detector_interfaces/include/dynamic_obstacle_detector_interfaces/dynamic_obstacle_detector_interfaces
[1.966s] -- Up-to-date: /root/ros_workspace/install/dynamic_obstacle_detector_interfaces/include/dynamic_obstacle_detector_interfaces/dynamic_obstacle_detector_interfaces/msg
[1.966s] -- Up-to-date: /root/ros_workspace/install/dynamic_obstacle_detector_interfaces/include/dynamic_obstacle_detector_interfaces/dynamic_obstacle_detector_interfaces/msg/tracked_object.h
[1.967s] -- Up-to-date: /root/ros_workspace/install/dynamic_obstacle_detector_interfaces/include/dynamic_obstacle_detector_interfaces/dynamic_obstacle_detector_interfaces/msg/rosidl_generator_c__visibility_control.h
[1.967s] -- Up-to-date: /root/ros_workspace/install/dynamic_obstacle_detector_interfaces/include/dynamic_obstacle_detector_interfaces/dynamic_obstacle_detector_interfaces/msg/tracked_object_array.h
[1.967s] -- Up-to-date: /root/ros_workspace/install/dynamic_obstacle_detector_interfaces/include/dynamic_obstacle_detector_interfaces/dynamic_obstacle_detector_interfaces/msg/detail
[1.967s] -- Up-to-date: /root/ros_workspace/install/dynamic_obstacle_detector_interfaces/include/dynamic_obstacle_detector_interfaces/dynamic_obstacle_detector_interfaces/msg/detail/tracked_object__type_support.c
[1.968s] -- Up-to-date: /root/ros_workspace/install/dynamic_obstacle_detector_interfaces/include/dynamic_obstacle_detector_interfaces/dynamic_obstacle_detector_interfaces/msg/detail/tracked_object_array__type_support.c
[1.968s] -- Up-to-date: /root/ros_workspace/install/dynamic_obstacle_detector_interfaces/include/dynamic_obstacle_detector_interfaces/dynamic_obstacle_detector_interfaces/msg/detail/tracked_object__type_support.h
[1.968s] -- Up-to-date: /root/ros_workspace/install/dynamic_obstacle_detector_interfaces/include/dynamic_obstacle_detector_interfaces/dynamic_obstacle_detector_interfaces/msg/detail/tracked_object__functions.c
[1.969s] -- Up-to-date: /root/ros_workspace/install/dynamic_obstacle_detector_interfaces/include/dynamic_obstacle_detector_interfaces/dynamic_obstacle_detector_interfaces/msg/detail/tracked_object_array__description.c
[1.969s] -- Up-to-date: /root/ros_workspace/install/dynamic_obstacle_detector_interfaces/include/dynamic_obstacle_detector_interfaces/dynamic_obstacle_detector_interfaces/msg/detail/tracked_object_array__functions.h
[1.969s] -- Up-to-date: /root/ros_workspace/install/dynamic_obstacle_detector_interfaces/include/dynamic_obstacle_detector_interfaces/dynamic_obstacle_detector_interfaces/msg/detail/tracked_object__description.c
[1.969s] -- Up-to-date: /root/ros_workspace/install/dynamic_obstacle_detector_interfaces/include/dynamic_obstacle_detector_interfaces/dynamic_obstacle_detector_interfaces/msg/detail/tracked_object_array__struct.h
[1.969s] -- Up-to-date: /root/ros_workspace/install/dynamic_obstacle_detector_interfaces/include/dynamic_obstacle_detector_interfaces/dynamic_obstacle_detector_interfaces/msg/detail/tracked_object__struct.h
[1.970s] -- Up-to-date: /root/ros_workspace/install/dynamic_obstacle_detector_interfaces/include/dynamic_obstacle_detector_interfaces/dynamic_obstacle_detector_interfaces/msg/detail/tracked_object__functions.h
[1.970s] -- Up-to-date: /root/ros_workspace/install/dynamic_obstacle_detector_interfaces/include/dynamic_obstacle_detector_interfaces/dynamic_obstacle_detector_interfaces/msg/detail/tracked_object_array__type_support.h
[1.970s] -- Up-to-date: /root/ros_workspace/install/dynamic_obstacle_detector_interfaces/include/dynamic_obstacle_detector_interfaces/dynamic_obstacle_detector_interfaces/msg/detail/tracked_object_array__functions.c
[1.970s] -- Up-to-date: /root/ros_workspace/install/dynamic_obstacle_detector_interfaces/share/dynamic_obstacle_detector_interfaces/environment/library_path.sh
[1.970s] -- Up-to-date: /root/ros_workspace/install/dynamic_obstacle_detector_interfaces/share/dynamic_obstacle_detector_interfaces/environment/library_path.dsv
[1.971s] -- Up-to-date: /root/ros_workspace/install/dynamic_obstacle_detector_interfaces/lib/libdynamic_obstacle_detector_interfaces__rosidl_generator_c.so
[1.971s] -- Up-to-date: /root/ros_workspace/install/dynamic_obstacle_detector_interfaces/include/dynamic_obstacle_detector_interfaces/dynamic_obstacle_detector_interfaces
[1.971s] -- Up-to-date: /root/ros_workspace/install/dynamic_obstacle_detector_interfaces/include/dynamic_obstacle_detector_interfaces/dynamic_obstacle_detector_interfaces/msg
[1.972s] -- Up-to-date: /root/ros_workspace/install/dynamic_obstacle_detector_interfaces/include/dynamic_obstacle_detector_interfaces/dynamic_obstacle_detector_interfaces/msg/rosidl_typesupport_fastrtps_c__visibility_control.h
[1.972s] -- Up-to-date: /root/ros_workspace/install/dynamic_obstacle_detector_interfaces/include/dynamic_obstacle_detector_interfaces/dynamic_obstacle_detector_interfaces/msg/detail
[1.972s] -- Up-to-date: /root/ros_workspace/install/dynamic_obstacle_detector_interfaces/include/dynamic_obstacle_detector_interfaces/dynamic_obstacle_detector_interfaces/msg/detail/tracked_object_array__rosidl_typesupport_fastrtps_c.h
[1.972s] -- Up-to-date: /root/ros_workspace/install/dynamic_obstacle_detector_interfaces/include/dynamic_obstacle_detector_interfaces/dynamic_obstacle_detector_interfaces/msg/detail/tracked_object__rosidl_typesupport_fastrtps_c.h
[1.972s] -- Up-to-date: /root/ros_workspace/install/dynamic_obstacle_detector_interfaces/lib/libdynamic_obstacle_detector_interfaces__rosidl_typesupport_fastrtps_c.so
[1.973s] -- Up-to-date: /root/ros_workspace/install/dynamic_obstacle_detector_interfaces/include/dynamic_obstacle_detector_interfaces/dynamic_obstacle_detector_interfaces
[1.973s] -- Up-to-date: /root/ros_workspace/install/dynamic_obstacle_detector_interfaces/include/dynamic_obstacle_detector_interfaces/dynamic_obstacle_detector_interfaces/msg
[1.973s] -- Up-to-date: /root/ros_workspace/install/dynamic_obstacle_detector_interfaces/include/dynamic_obstacle_detector_interfaces/dynamic_obstacle_detector_interfaces/msg/rosidl_typesupport_introspection_c__visibility_control.h
[1.973s] -- Up-to-date: /root/ros_workspace/install/dynamic_obstacle_detector_interfaces/include/dynamic_obstacle_detector_interfaces/dynamic_obstacle_detector_interfaces/msg/detail
[1.973s] -- Up-to-date: /root/ros_workspace/install/dynamic_obstacle_detector_interfaces/include/dynamic_obstacle_detector_interfaces/dynamic_obstacle_detector_interfaces/msg/detail/tracked_object__type_support.c
[1.973s] -- Up-to-date: /root/ros_workspace/install/dynamic_obstacle_detector_interfaces/include/dynamic_obstacle_detector_interfaces/dynamic_obstacle_detector_interfaces/msg/detail/tracked_object_array__type_support.c
[1.974s] -- Up-to-date: /root/ros_workspace/install/dynamic_obstacle_detector_interfaces/include/dynamic_obstacle_detector_interfaces/dynamic_obstacle_detector_interfaces/msg/detail/tracked_object__rosidl_typesupport_introspection_c.h
[1.974s] -- Up-to-date: /root/ros_workspace/install/dynamic_obstacle_detector_interfaces/include/dynamic_obstacle_detector_interfaces/dynamic_obstacle_detector_interfaces/msg/detail/tracked_object_array__rosidl_typesupport_introspection_c.h
[1.974s] -- Up-to-date: /root/ros_workspace/install/dynamic_obstacle_detector_interfaces/lib/libdynamic_obstacle_detector_interfaces__rosidl_typesupport_introspection_c.so
[1.974s] -- Up-to-date: /root/ros_workspace/install/dynamic_obstacle_detector_interfaces/lib/libdynamic_obstacle_detector_interfaces__rosidl_typesupport_c.so
[1.974s] -- Up-to-date: /root/ros_workspace/install/dynamic_obstacle_detector_interfaces/include/dynamic_obstacle_detector_interfaces/dynamic_obstacle_detector_interfaces
[1.974s] -- Up-to-date: /root/ros_workspace/install/dynamic_obstacle_detector_interfaces/include/dynamic_obstacle_detector_interfaces/dynamic_obstacle_detector_interfaces/msg
[1.974s] -- Up-to-date: /root/ros_workspace/install/dynamic_obstacle_detector_interfaces/include/dynamic_obstacle_detector_interfaces/dynamic_obstacle_detector_interfaces/msg/rosidl_generator_cpp__visibility_control.hpp
[1.974s] -- Up-to-date: /root/ros_workspace/install/dynamic_obstacle_detector_interfaces/include/dynamic_obstacle_detector_interfaces/dynamic_obstacle_detector_interfaces/msg/tracked_object.hpp
[1.974s] -- Up-to-date: /root/ros_workspace/install/dynamic_obstacle_detector_interfaces/include/dynamic_obstacle_detector_interfaces/dynamic_obstacle_detector_interfaces/msg/tracked_object_array.hpp
[1.975s] -- Up-to-date: /root/ros_workspace/install/dynamic_obstacle_detector_interfaces/include/dynamic_obstacle_detector_interfaces/dynamic_obstacle_detector_interfaces/msg/detail
[1.975s] -- Up-to-date: /root/ros_workspace/install/dynamic_obstacle_detector_interfaces/include/dynamic_obstacle_detector_interfaces/dynamic_obstacle_detector_interfaces/msg/detail/tracked_object__traits.hpp
[1.975s] -- Up-to-date: /root/ros_workspace/install/dynamic_obstacle_detector_interfaces/include/dynamic_obstacle_detector_interfaces/dynamic_obstacle_detector_interfaces/msg/detail/tracked_object__type_support.hpp
[1.975s] -- Up-to-date: /root/ros_workspace/install/dynamic_obstacle_detector_interfaces/include/dynamic_obstacle_detector_interfaces/dynamic_obstacle_detector_interfaces/msg/detail/tracked_object__struct.hpp
[1.975s] -- Up-to-date: /root/ros_workspace/install/dynamic_obstacle_detector_interfaces/include/dynamic_obstacle_detector_interfaces/dynamic_obstacle_detector_interfaces/msg/detail/tracked_object_array__traits.hpp
[1.975s] -- Up-to-date: /root/ros_workspace/install/dynamic_obstacle_detector_interfaces/include/dynamic_obstacle_detector_interfaces/dynamic_obstacle_detector_interfaces/msg/detail/tracked_object_array__builder.hpp
[1.976s] -- Up-to-date: /root/ros_workspace/install/dynamic_obstacle_detector_interfaces/include/dynamic_obstacle_detector_interfaces/dynamic_obstacle_detector_interfaces/msg/detail/tracked_object__builder.hpp
[1.976s] -- Up-to-date: /root/ros_workspace/install/dynamic_obstacle_detector_interfaces/include/dynamic_obstacle_detector_interfaces/dynamic_obstacle_detector_interfaces/msg/detail/tracked_object_array__type_support.hpp
[1.976s] -- Up-to-date: /root/ros_workspace/install/dynamic_obstacle_detector_interfaces/include/dynamic_obstacle_detector_interfaces/dynamic_obstacle_detector_interfaces/msg/detail/tracked_object_array__struct.hpp
[1.976s] -- Up-to-date: /root/ros_workspace/install/dynamic_obstacle_detector_interfaces/include/dynamic_obstacle_detector_interfaces/dynamic_obstacle_detector_interfaces
[1.977s] -- Up-to-date: /root/ros_workspace/install/dynamic_obstacle_detector_interfaces/include/dynamic_obstacle_detector_interfaces/dynamic_obstacle_detector_interfaces/msg
[1.977s] -- Up-to-date: /root/ros_workspace/install/dynamic_obstacle_detector_interfaces/include/dynamic_obstacle_detector_interfaces/dynamic_obstacle_detector_interfaces/msg/rosidl_typesupport_fastrtps_cpp__visibility_control.h
[1.977s] -- Up-to-date: /root/ros_workspace/install/dynamic_obstacle_detector_interfaces/include/dynamic_obstacle_detector_interfaces/dynamic_obstacle_detector_interfaces/msg/detail
[1.977s] -- Up-to-date: /root/ros_workspace/install/dynamic_obstacle_detector_interfaces/include/dynamic_obstacle_detector_interfaces/dynamic_obstacle_detector_interfaces/msg/detail/tracked_object__rosidl_typesupport_fastrtps_cpp.hpp
[1.977s] -- Up-to-date: /root/ros_workspace/install/dynamic_obstacle_detector_interfaces/include/dynamic_obstacle_detector_interfaces/dynamic_obstacle_detector_interfaces/msg/detail/tracked_object_array__rosidl_typesupport_fastrtps_cpp.hpp
[1.977s] -- Up-to-date: /root/ros_workspace/install/dynamic_obstacle_detector_interfaces/include/dynamic_obstacle_detector_interfaces/dynamic_obstacle_detector_interfaces/msg/detail/dds_fastrtps
[1.978s] -- Up-to-date: /root/ros_workspace/install/dynamic_obstacle_detector_interfaces/lib/libdynamic_obstacle_detector_interfaces__rosidl_typesupport_fastrtps_cpp.so
[1.978s] -- Up-to-date: /root/ros_workspace/install/dynamic_obstacle_detector_interfaces/include/dynamic_obstacle_detector_interfaces/dynamic_obstacle_detector_interfaces
[1.978s] -- Up-to-date: /root/ros_workspace/install/dynamic_obstacle_detector_interfaces/include/dynamic_obstacle_detector_interfaces/dynamic_obstacle_detector_interfaces/msg
[1.978s] -- Up-to-date: /root/ros_workspace/install/dynamic_obstacle_detector_interfaces/include/dynamic_obstacle_detector_interfaces/dynamic_obstacle_detector_interfaces/msg/detail
[1.978s] -- Up-to-date: /root/ros_workspace/install/dynamic_obstacle_detector_interfaces/include/dynamic_obstacle_detector_interfaces/dynamic_obstacle_detector_interfaces/msg/detail/tracked_object__rosidl_typesupport_introspection_cpp.hpp
[1.978s] -- Up-to-date: /root/ros_workspace/install/dynamic_obstacle_detector_interfaces/include/dynamic_obstacle_detector_interfaces/dynamic_obstacle_detector_interfaces/msg/detail/tracked_object__type_support.cpp
[1.979s] -- Up-to-date: /root/ros_workspace/install/dynamic_obstacle_detector_interfaces/include/dynamic_obstacle_detector_interfaces/dynamic_obstacle_detector_interfaces/msg/detail/tracked_object_array__rosidl_typesupport_introspection_cpp.hpp
[1.979s] -- Up-to-date: /root/ros_workspace/install/dynamic_obstacle_detector_interfaces/include/dynamic_obstacle_detector_interfaces/dynamic_obstacle_detector_interfaces/msg/detail/tracked_object_array__type_support.cpp
[1.979s] -- Up-to-date: /root/ros_workspace/install/dynamic_obstacle_detector_interfaces/lib/libdynamic_obstacle_detector_interfaces__rosidl_typesupport_introspection_cpp.so
[1.979s] -- Up-to-date: /root/ros_workspace/install/dynamic_obstacle_detector_interfaces/lib/libdynamic_obstacle_detector_interfaces__rosidl_typesupport_cpp.so
[1.979s] -- Up-to-date: /root/ros_workspace/install/dynamic_obstacle_detector_interfaces/share/dynamic_obstacle_detector_interfaces/environment/pythonpath.sh
[1.980s] -- Up-to-date: /root/ros_workspace/install/dynamic_obstacle_detector_interfaces/share/dynamic_obstacle_detector_interfaces/environment/pythonpath.dsv
[1.980s] -- Up-to-date: /root/ros_workspace/install/dynamic_obstacle_detector_interfaces/lib/python3.12/site-packages/dynamic_obstacle_detector_interfaces-0.0.0-py3.12.egg-info
[1.980s] -- Installing: /root/ros_workspace/install/dynamic_obstacle_detector_interfaces/lib/python3.12/site-packages/dynamic_obstacle_detector_interfaces-0.0.0-py3.12.egg-info/top_level.txt
[1.980s] -- Installing: /root/ros_workspace/install/dynamic_obstacle_detector_interfaces/lib/python3.12/site-packages/dynamic_obstacle_detector_interfaces-0.0.0-py3.12.egg-info/dependency_links.txt
[1.980s] -- Installing: /root/ros_workspace/install/dynamic_obstacle_detector_interfaces/lib/python3.12/site-packages/dynamic_obstacle_detector_interfaces-0.0.0-py3.12.egg-info/SOURCES.txt
[1.980s] -- Installing: /root/ros_workspace/install/dynamic_obstacle_detector_interfaces/lib/python3.12/site-packages/dynamic_obstacle_detector_interfaces-0.0.0-py3.12.egg-info/PKG-INFO
[1.980s] -- Up-to-date: /root/ros_workspace/install/dynamic_obstacle_detector_interfaces/lib/python3.12/site-packages/dynamic_obstacle_detector_interfaces
[1.981s] -- Up-to-date: /root/ros_workspace/install/dynamic_obstacle_detector_interfaces/lib/python3.12/site-packages/dynamic_obstacle_detector_interfaces/dynamic_obstacle_detector_interfaces_s__rosidl_typesupport_introspection_c.so
[1.981s] -- Up-to-date: /root/ros_workspace/install/dynamic_obstacle_detector_interfaces/lib/python3.12/site-packages/dynamic_obstacle_detector_interfaces/_dynamic_obstacle_detector_interfaces_s.ep.rosidl_typesupport_introspection_c.c
[1.981s] -- Up-to-date: /root/ros_workspace/install/dynamic_obstacle_detector_interfaces/lib/python3.12/site-packages/dynamic_obstacle_detector_interfaces/_dynamic_obstacle_detector_interfaces_s.ep.rosidl_typesupport_c.c
[1.981s] -- Up-to-date: /root/ros_workspace/install/dynamic_obstacle_detector_interfaces/lib/python3.12/site-packages/dynamic_obstacle_detector_interfaces/dynamic_obstacle_detector_interfaces_s__rosidl_typesupport_fastrtps_c.so
[1.981s] -- Up-to-date: /root/ros_workspace/install/dynamic_obstacle_detector_interfaces/lib/python3.12/site-packages/dynamic_obstacle_detector_interfaces/dynamic_obstacle_detector_interfaces_s__rosidl_typesupport_c.so
[1.981s] -- Up-to-date: /root/ros_workspace/install/dynamic_obstacle_detector_interfaces/lib/python3.12/site-packages/dynamic_obstacle_detector_interfaces/msg
[1.981s] -- Up-to-date: /root/ros_workspace/install/dynamic_obstacle_detector_interfaces/lib/python3.12/site-packages/dynamic_obstacle_detector_interfaces/msg/_tracked_object_s.c
[1.982s] -- Up-to-date: /root/ros_workspace/install/dynamic_obstacle_detector_interfaces/lib/python3.12/site-packages/dynamic_obstacle_detector_interfaces/msg/_tracked_object_array_s.c
[1.982s] -- Up-to-date: /root/ros_workspace/install/dynamic_obstacle_detector_interfaces/lib/python3.12/site-packages/dynamic_obstacle_detector_interfaces/msg/_tracked_object.py
[1.982s] -- Up-to-date: /root/ros_workspace/install/dynamic_obstacle_detector_interfaces/lib/python3.12/site-packages/dynamic_obstacle_detector_interfaces/msg/_tracked_object_array.py
[1.982s] -- Up-to-date: /root/ros_workspace/install/dynamic_obstacle_detector_interfaces/lib/python3.12/site-packages/dynamic_obstacle_detector_interfaces/msg/__init__.py
[1.982s] -- Up-to-date: /root/ros_workspace/install/dynamic_obstacle_detector_interfaces/lib/python3.12/site-packages/dynamic_obstacle_detector_interfaces/_dynamic_obstacle_detector_interfaces_s.ep.rosidl_typesupport_fastrtps_c.c
[1.983s] -- Up-to-date: /root/ros_workspace/install/dynamic_obstacle_detector_interfaces/lib/python3.12/site-packages/dynamic_obstacle_detector_interfaces/__init__.py
[2.039s] Listing '/root/ros_workspace/install/dynamic_obstacle_detector_interfaces/lib/python3.12/site-packages/dynamic_obstacle_detector_interfaces'...
[2.040s] Listing '/root/ros_workspace/install/dynamic_obstacle_detector_interfaces/lib/python3.12/site-packages/dynamic_obstacle_detector_interfaces/msg'...
[2.050s] -- Up-to-date: /root/ros_workspace/install/dynamic_obstacle_detector_interfaces/lib/python3.12/site-packages/dynamic_obstacle_detector_interfaces/dynamic_obstacle_detector_interfaces_s__rosidl_typesupport_fastrtps_c.so
[2.051s] -- Up-to-date: /root/ros_workspace/install/dynamic_obstacle_detector_interfaces/lib/python3.12/site-packages/dynamic_obstacle_detector_interfaces/dynamic_obstacle_detector_interfaces_s__rosidl_typesupport_introspection_c.so
[2.051s] -- Up-to-date: /root/ros_workspace/install/dynamic_obstacle_detector_interfaces/lib/python3.12/site-packages/dynamic_obstacle_detector_interfaces/dynamic_obstacle_detector_interfaces_s__rosidl_typesupport_c.so
[2.052s] -- Up-to-date: /root/ros_workspace/install/dynamic_obstacle_detector_interfaces/lib/libdynamic_obstacle_detector_interfaces__rosidl_generator_py.so
[2.053s] -- Up-to-date: /root/ros_workspace/install/dynamic_obstacle_detector_interfaces/share/dynamic_obstacle_detector_interfaces/msg/TrackedObject.idl
[2.053s] -- Up-to-date: /root/ros_workspace/install/dynamic_obstacle_detector_interfaces/share/dynamic_obstacle_detector_interfaces/msg/TrackedObjectArray.idl
[2.053s] -- Up-to-date: /root/ros_workspace/install/dynamic_obstacle_detector_interfaces/share/dynamic_obstacle_detector_interfaces/msg/TrackedObject.msg
[2.053s] -- Up-to-date: /root/ros_workspace/install/dynamic_obstacle_detector_interfaces/share/dynamic_obstacle_detector_interfaces/msg/TrackedObjectArray.msg
[2.054s] -- Up-to-date: /root/ros_workspace/install/dynamic_obstacle_detector_interfaces/share/ament_index/resource_index/package_run_dependencies/dynamic_obstacle_detector_interfaces
[2.056s] -- Up-to-date: /root/ros_workspace/install/dynamic_obstacle_detector_interfaces/share/ament_index/resource_index/parent_prefix_path/dynamic_obstacle_detector_interfaces
[2.056s] -- Up-to-date: /root/ros_workspace/install/dynamic_obstacle_detector_interfaces/share/dynamic_obstacle_detector_interfaces/environment/ament_prefix_path.sh
[2.057s] -- Up-to-date: /root/ros_workspace/install/dynamic_obstacle_detector_interfaces/share/dynamic_obstacle_detector_interfaces/environment/ament_prefix_path.dsv
[2.057s] -- Up-to-date: /root/ros_workspace/install/dynamic_obstacle_detector_interfaces/share/dynamic_obstacle_detector_interfaces/environment/path.sh
[2.057s] -- Up-to-date: /root/ros_workspace/install/dynamic_obstacle_detector_interfaces/share/dynamic_obstacle_detector_interfaces/environment/path.dsv
[2.057s] -- Up-to-date: /root/ros_workspace/install/dynamic_obstacle_detector_interfaces/share/dynamic_obstacle_detector_interfaces/local_setup.bash
[2.057s] -- Up-to-date: /root/ros_workspace/install/dynamic_obstacle_detector_interfaces/share/dynamic_obstacle_detector_interfaces/local_setup.sh
[2.057s] -- Up-to-date: /root/ros_workspace/install/dynamic_obstacle_detector_interfaces/share/dynamic_obstacle_detector_interfaces/local_setup.zsh
[2.057s] -- Up-to-date: /root/ros_workspace/install/dynamic_obstacle_detector_interfaces/share/dynamic_obstacle_detector_interfaces/local_setup.dsv
[2.057s] -- Installing: /root/ros_workspace/install/dynamic_obstacle_detector_interfaces/share/dynamic_obstacle_detector_interfaces/package.dsv
[2.058s] -- Up-to-date: /root/ros_workspace/install/dynamic_obstacle_detector_interfaces/share/ament_index/resource_index/packages/dynamic_obstacle_detector_interfaces
[2.058s] -- Up-to-date: /root/ros_workspace/install/dynamic_obstacle_detector_interfaces/share/dynamic_obstacle_detector_interfaces/cmake/export_dynamic_obstacle_detector_interfaces__rosidl_generator_cExport.cmake
[2.058s] -- Up-to-date: /root/ros_workspace/install/dynamic_obstacle_detector_interfaces/share/dynamic_obstacle_detector_interfaces/cmake/export_dynamic_obstacle_detector_interfaces__rosidl_generator_cExport-noconfig.cmake
[2.058s] -- Up-to-date: /root/ros_workspace/install/dynamic_obstacle_detector_interfaces/share/dynamic_obstacle_detector_interfaces/cmake/export_dynamic_obstacle_detector_interfaces__rosidl_typesupport_fastrtps_cExport.cmake
[2.058s] -- Up-to-date: /root/ros_workspace/install/dynamic_obstacle_detector_interfaces/share/dynamic_obstacle_detector_interfaces/cmake/export_dynamic_obstacle_detector_interfaces__rosidl_typesupport_fastrtps_cExport-noconfig.cmake
[2.058s] -- Up-to-date: /root/ros_workspace/install/dynamic_obstacle_detector_interfaces/share/dynamic_obstacle_detector_interfaces/cmake/dynamic_obstacle_detector_interfaces__rosidl_typesupport_introspection_cExport.cmake
[2.058s] -- Up-to-date: /root/ros_workspace/install/dynamic_obstacle_detector_interfaces/share/dynamic_obstacle_detector_interfaces/cmake/dynamic_obstacle_detector_interfaces__rosidl_typesupport_introspection_cExport-noconfig.cmake
[2.058s] -- Up-to-date: /root/ros_workspace/install/dynamic_obstacle_detector_interfaces/share/dynamic_obstacle_detector_interfaces/cmake/dynamic_obstacle_detector_interfaces__rosidl_typesupport_cExport.cmake
[2.058s] -- Up-to-date: /root/ros_workspace/install/dynamic_obstacle_detector_interfaces/share/dynamic_obstacle_detector_interfaces/cmake/dynamic_obstacle_detector_interfaces__rosidl_typesupport_cExport-noconfig.cmake
[2.059s] -- Up-to-date: /root/ros_workspace/install/dynamic_obstacle_detector_interfaces/share/dynamic_obstacle_detector_interfaces/cmake/export_dynamic_obstacle_detector_interfaces__rosidl_generator_cppExport.cmake
[2.059s] -- Up-to-date: /root/ros_workspace/install/dynamic_obstacle_detector_interfaces/share/dynamic_obstacle_detector_interfaces/cmake/export_dynamic_obstacle_detector_interfaces__rosidl_typesupport_fastrtps_cppExport.cmake
[2.059s] -- Up-to-date: /root/ros_workspace/install/dynamic_obstacle_detector_interfaces/share/dynamic_obstacle_detector_interfaces/cmake/export_dynamic_obstacle_detector_interfaces__rosidl_typesupport_fastrtps_cppExport-noconfig.cmake
[2.060s] -- Up-to-date: /root/ros_workspace/install/dynamic_obstacle_detector_interfaces/share/dynamic_obstacle_detector_interfaces/cmake/dynamic_obstacle_detector_interfaces__rosidl_typesupport_introspection_cppExport.cmake
[2.060s] -- Up-to-date: /root/ros_workspace/install/dynamic_obstacle_detector_interfaces/share/dynamic_obstacle_detector_interfaces/cmake/dynamic_obstacle_detector_interfaces__rosidl_typesupport_introspection_cppExport-noconfig.cmake
[2.060s] -- Up-to-date: /root/ros_workspace/install/dynamic_obstacle_detector_interfaces/share/dynamic_obstacle_detector_interfaces/cmake/dynamic_obstacle_detector_interfaces__rosidl_typesupport_cppExport.cmake
[2.060s] -- Up-to-date: /root/ros_workspace/install/dynamic_obstacle_detector_interfaces/share/dynamic_obstacle_detector_interfaces/cmake/dynamic_obstacle_detector_interfaces__rosidl_typesupport_cppExport-noconfig.cmake
[2.060s] -- Up-to-date: /root/ros_workspace/install/dynamic_obstacle_detector_interfaces/share/dynamic_obstacle_detector_interfaces/cmake/export_dynamic_obstacle_detector_interfaces__rosidl_generator_pyExport.cmake
[2.061s] -- Up-to-date: /root/ros_workspace/install/dynamic_obstacle_detector_interfaces/share/dynamic_obstacle_detector_interfaces/cmake/export_dynamic_obstacle_detector_interfaces__rosidl_generator_pyExport-noconfig.cmake
[2.061s] -- Up-to-date: /root/ros_workspace/install/dynamic_obstacle_detector_interfaces/share/dynamic_obstacle_detector_interfaces/cmake/rosidl_cmake-extras.cmake
[2.061s] -- Up-to-date: /root/ros_workspace/install/dynamic_obstacle_detector_interfaces/share/dynamic_obstacle_detector_interfaces/cmake/ament_cmake_export_dependencies-extras.cmake
[2.061s] -- Up-to-date: /root/ros_workspace/install/dynamic_obstacle_detector_interfaces/share/dynamic_obstacle_detector_interfaces/cmake/ament_cmake_export_include_directories-extras.cmake
[2.061s] -- Up-to-date: /root/ros_workspace/install/dynamic_obstacle_detector_interfaces/share/dynamic_obstacle_detector_interfaces/cmake/ament_cmake_export_libraries-extras.cmake
[2.061s] -- Up-to-date: /root/ros_workspace/install/dynamic_obstacle_detector_interfaces/share/dynamic_obstacle_detector_interfaces/cmake/ament_cmake_export_targets-extras.cmake
[2.061s] -- Up-to-date: /root/ros_workspace/install/dynamic_obstacle_detector_interfaces/share/dynamic_obstacle_detector_interfaces/cmake/rosidl_cmake_export_typesupport_targets-extras.cmake
[2.062s] -- Up-to-date: /root/ros_workspace/install/dynamic_obstacle_detector_interfaces/share/dynamic_obstacle_detector_interfaces/cmake/rosidl_cmake_export_typesupport_libraries-extras.cmake
[2.062s] -- Up-to-date: /root/ros_workspace/install/dynamic_obstacle_detector_interfaces/share/dynamic_obstacle_detector_interfaces/cmake/dynamic_obstacle_detector_interfacesConfig.cmake
[2.062s] -- Up-to-date: /root/ros_workspace/install/dynamic_obstacle_detector_interfaces/share/dynamic_obstacle_detector_interfaces/cmake/dynamic_obstacle_detector_interfacesConfig-version.cmake
[2.062s] -- Up-to-date: /root/ros_workspace/install/dynamic_obstacle_detector_interfaces/share/dynamic_obstacle_detector_interfaces/package.xml
[2.064s] Invoked command in '/root/ros_workspace/build/dynamic_obstacle_detector_interfaces' returned '0': CMAKE_PREFIX_PATH=${CMAKE_PREFIX_PATH}:/root/ros_workspace/install/multi_robot_bringup:/root/ros_workspace/install/dynamic_obstacle_detector:/opt/ros/jazzy /usr/bin/cmake --install /root/ros_workspace/build/dynamic_obstacle_detector_interfaces
