[0.227s] DEBUG:colcon:Command line arguments: ['/usr/bin/colcon', 'build']
[0.227s] DEBUG:colcon:Parsed command line arguments: Namespace(log_base=None, log_level=None, verb_name='build', build_base='build', install_base='install', merge_install=False, symlink_install=False, test_result_base=None, continue_on_error=False, executor='parallel', parallel_workers=12, event_handlers=None, ignore_user_meta=False, metas=['./colcon.meta'], base_paths=['.'], packages_ignore=None, packages_ignore_regex=None, paths=None, packages_up_to=None, packages_up_to_regex=None, packages_above=None, packages_above_and_dependencies=None, packages_above_depth=None, packages_select_by_dep=None, packages_skip_by_dep=None, packages_skip_up_to=None, packages_select_build_failed=False, packages_skip_build_finished=False, packages_select_test_failures=False, packages_skip_test_passed=False, packages_select=None, packages_skip=None, packages_select_regex=None, packages_skip_regex=None, packages_start=None, packages_end=None, cmake_args=None, cmake_target=None, cmake_target_skip_unavailable=False, cmake_clean_cache=False, cmake_clean_first=False, cmake_force_configure=False, ament_cmake_args=None, catkin_cmake_args=None, catkin_skip_building_tests=False, mixin_files=None, mixin=None, verb_parser=<colcon_mixin.mixin.mixin_argument.MixinArgumentDecorator object at 0x7903b0970680>, verb_extension=<colcon_core.verb.build.BuildVerb object at 0x7903b0970350>, main=<bound method BuildVerb.main of <colcon_core.verb.build.BuildVerb object at 0x7903b0970350>>, mixin_verb=('build',))
[0.291s] Level 1:colcon.colcon_core.package_discovery:discover_packages(colcon_meta) check parameters
[0.292s] INFO:colcon.colcon_metadata.package_discovery.colcon_meta:Using configuration from '/root/.colcon/metadata/default/Gazebo.meta'
[0.292s] INFO:colcon.colcon_metadata.package_discovery.colcon_meta:Using configuration from '/root/.colcon/metadata/default/fastdds.meta'
[0.293s] INFO:colcon.colcon_metadata.package_discovery.colcon_meta:Using configuration from '/root/.colcon/metadata/default/fastrtps.meta'
[0.293s] Level 1:colcon.colcon_core.package_discovery:discover_packages(recursive) check parameters
[0.293s] Level 1:colcon.colcon_core.package_discovery:discover_packages(ignore) check parameters
[0.293s] Level 1:colcon.colcon_core.package_discovery:discover_packages(path) check parameters
[0.293s] Level 1:colcon.colcon_core.package_discovery:discover_packages(colcon_meta) discover
[0.293s] Level 1:colcon.colcon_core.package_discovery:discover_packages(recursive) discover
[0.293s] INFO:colcon.colcon_core.package_discovery:Crawling recursively for packages in '/root/ros_workspace'
[0.293s] Level 1:colcon.colcon_core.package_identification:_identify(.) by extensions ['ignore', 'ignore_ament_install']
[0.294s] Level 1:colcon.colcon_core.package_identification:_identify(.) by extension 'ignore'
[0.294s] Level 1:colcon.colcon_core.package_identification:_identify(.) by extension 'ignore_ament_install'
[0.294s] Level 1:colcon.colcon_core.package_identification:_identify(.) by extensions ['colcon_pkg']
[0.294s] Level 1:colcon.colcon_core.package_identification:_identify(.) by extension 'colcon_pkg'
[0.294s] Level 1:colcon.colcon_core.package_identification:_identify(.) by extensions ['colcon_meta']
[0.294s] Level 1:colcon.colcon_core.package_identification:_identify(.) by extension 'colcon_meta'
[0.294s] Level 1:colcon.colcon_core.package_identification:_identify(.) by extensions ['ros']
[0.294s] Level 1:colcon.colcon_core.package_identification:_identify(.) by extension 'ros'
[0.342s] Level 1:colcon.colcon_core.package_identification:_identify(.) by extensions ['cmake', 'python']
[0.342s] Level 1:colcon.colcon_core.package_identification:_identify(.) by extension 'cmake'
[0.342s] Level 1:colcon.colcon_core.package_identification:_identify(.) by extension 'python'
[0.342s] Level 1:colcon.colcon_core.package_identification:_identify(.) by extensions ['python_setup_py']
[0.342s] Level 1:colcon.colcon_core.package_identification:_identify(.) by extension 'python_setup_py'
[0.342s] Level 1:colcon.colcon_core.package_identification:_identify(build) by extensions ['ignore', 'ignore_ament_install']
[0.343s] Level 1:colcon.colcon_core.package_identification:_identify(build) by extension 'ignore'
[0.343s] Level 1:colcon.colcon_core.package_identification:_identify(build) ignored
[0.343s] Level 1:colcon.colcon_core.package_identification:_identify(install) by extensions ['ignore', 'ignore_ament_install']
[0.343s] Level 1:colcon.colcon_core.package_identification:_identify(install) by extension 'ignore'
[0.343s] Level 1:colcon.colcon_core.package_identification:_identify(install) ignored
[0.343s] Level 1:colcon.colcon_core.package_identification:_identify(log) by extensions ['ignore', 'ignore_ament_install']
[0.343s] Level 1:colcon.colcon_core.package_identification:_identify(log) by extension 'ignore'
[0.344s] Level 1:colcon.colcon_core.package_identification:_identify(log) ignored
[0.344s] Level 1:colcon.colcon_core.package_identification:_identify(src) by extensions ['ignore', 'ignore_ament_install']
[0.344s] Level 1:colcon.colcon_core.package_identification:_identify(src) by extension 'ignore'
[0.344s] Level 1:colcon.colcon_core.package_identification:_identify(src) by extension 'ignore_ament_install'
[0.344s] Level 1:colcon.colcon_core.package_identification:_identify(src) by extensions ['colcon_pkg']
[0.344s] Level 1:colcon.colcon_core.package_identification:_identify(src) by extension 'colcon_pkg'
[0.344s] Level 1:colcon.colcon_core.package_identification:_identify(src) by extensions ['colcon_meta']
[0.344s] Level 1:colcon.colcon_core.package_identification:_identify(src) by extension 'colcon_meta'
[0.344s] Level 1:colcon.colcon_core.package_identification:_identify(src) by extensions ['ros']
[0.344s] Level 1:colcon.colcon_core.package_identification:_identify(src) by extension 'ros'
[0.345s] Level 1:colcon.colcon_core.package_identification:_identify(src) by extensions ['cmake', 'python']
[0.345s] Level 1:colcon.colcon_core.package_identification:_identify(src) by extension 'cmake'
[0.345s] Level 1:colcon.colcon_core.package_identification:_identify(src) by extension 'python'
[0.345s] Level 1:colcon.colcon_core.package_identification:_identify(src) by extensions ['python_setup_py']
[0.345s] Level 1:colcon.colcon_core.package_identification:_identify(src) by extension 'python_setup_py'
[0.345s] Level 1:colcon.colcon_core.package_identification:_identify(src/dynamic_obstacle_detector) by extensions ['ignore', 'ignore_ament_install']
[0.345s] Level 1:colcon.colcon_core.package_identification:_identify(src/dynamic_obstacle_detector) by extension 'ignore'
[0.345s] Level 1:colcon.colcon_core.package_identification:_identify(src/dynamic_obstacle_detector) by extension 'ignore_ament_install'
[0.346s] Level 1:colcon.colcon_core.package_identification:_identify(src/dynamic_obstacle_detector) by extensions ['colcon_pkg']
[0.346s] Level 1:colcon.colcon_core.package_identification:_identify(src/dynamic_obstacle_detector) by extension 'colcon_pkg'
[0.346s] Level 1:colcon.colcon_core.package_identification:_identify(src/dynamic_obstacle_detector) by extensions ['colcon_meta']
[0.346s] Level 1:colcon.colcon_core.package_identification:_identify(src/dynamic_obstacle_detector) by extension 'colcon_meta'
[0.346s] Level 1:colcon.colcon_core.package_identification:_identify(src/dynamic_obstacle_detector) by extensions ['ros']
[0.346s] Level 1:colcon.colcon_core.package_identification:_identify(src/dynamic_obstacle_detector) by extension 'ros'
[0.351s] DEBUG:colcon.colcon_core.package_identification:Package 'src/dynamic_obstacle_detector' with type 'ros.ament_python' and name 'dynamic_obstacle_detector'
[0.351s] Level 1:colcon.colcon_core.package_identification:_identify(src/dynamic_obstacle_detector_interfaces) by extensions ['ignore', 'ignore_ament_install']
[0.352s] Level 1:colcon.colcon_core.package_identification:_identify(src/dynamic_obstacle_detector_interfaces) by extension 'ignore'
[0.352s] Level 1:colcon.colcon_core.package_identification:_identify(src/dynamic_obstacle_detector_interfaces) by extension 'ignore_ament_install'
[0.352s] Level 1:colcon.colcon_core.package_identification:_identify(src/dynamic_obstacle_detector_interfaces) by extensions ['colcon_pkg']
[0.352s] Level 1:colcon.colcon_core.package_identification:_identify(src/dynamic_obstacle_detector_interfaces) by extension 'colcon_pkg'
[0.352s] Level 1:colcon.colcon_core.package_identification:_identify(src/dynamic_obstacle_detector_interfaces) by extensions ['colcon_meta']
[0.352s] Level 1:colcon.colcon_core.package_identification:_identify(src/dynamic_obstacle_detector_interfaces) by extension 'colcon_meta'
[0.352s] Level 1:colcon.colcon_core.package_identification:_identify(src/dynamic_obstacle_detector_interfaces) by extensions ['ros']
[0.352s] Level 1:colcon.colcon_core.package_identification:_identify(src/dynamic_obstacle_detector_interfaces) by extension 'ros'
[0.353s] DEBUG:colcon.colcon_core.package_identification:Package 'src/dynamic_obstacle_detector_interfaces' with type 'ros.ament_cmake' and name 'dynamic_obstacle_detector_interfaces'
[0.353s] Level 1:colcon.colcon_core.package_identification:_identify(src/multi_robot_bringup) by extensions ['ignore', 'ignore_ament_install']
[0.353s] Level 1:colcon.colcon_core.package_identification:_identify(src/multi_robot_bringup) by extension 'ignore'
[0.353s] Level 1:colcon.colcon_core.package_identification:_identify(src/multi_robot_bringup) by extension 'ignore_ament_install'
[0.354s] Level 1:colcon.colcon_core.package_identification:_identify(src/multi_robot_bringup) by extensions ['colcon_pkg']
[0.354s] Level 1:colcon.colcon_core.package_identification:_identify(src/multi_robot_bringup) by extension 'colcon_pkg'
[0.354s] Level 1:colcon.colcon_core.package_identification:_identify(src/multi_robot_bringup) by extensions ['colcon_meta']
[0.354s] Level 1:colcon.colcon_core.package_identification:_identify(src/multi_robot_bringup) by extension 'colcon_meta'
[0.354s] Level 1:colcon.colcon_core.package_identification:_identify(src/multi_robot_bringup) by extensions ['ros']
[0.354s] Level 1:colcon.colcon_core.package_identification:_identify(src/multi_robot_bringup) by extension 'ros'
[0.355s] DEBUG:colcon.colcon_core.package_identification:Package 'src/multi_robot_bringup' with type 'ros.ament_python' and name 'multi_robot_bringup'
[0.355s] Level 1:colcon.colcon_core.package_identification:_identify(src/turtlebot3_gazebo) by extensions ['ignore', 'ignore_ament_install']
[0.355s] Level 1:colcon.colcon_core.package_identification:_identify(src/turtlebot3_gazebo) by extension 'ignore'
[0.355s] Level 1:colcon.colcon_core.package_identification:_identify(src/turtlebot3_gazebo) by extension 'ignore_ament_install'
[0.355s] Level 1:colcon.colcon_core.package_identification:_identify(src/turtlebot3_gazebo) by extensions ['colcon_pkg']
[0.355s] Level 1:colcon.colcon_core.package_identification:_identify(src/turtlebot3_gazebo) by extension 'colcon_pkg'
[0.355s] Level 1:colcon.colcon_core.package_identification:_identify(src/turtlebot3_gazebo) by extensions ['colcon_meta']
[0.355s] Level 1:colcon.colcon_core.package_identification:_identify(src/turtlebot3_gazebo) by extension 'colcon_meta'
[0.356s] Level 1:colcon.colcon_core.package_identification:_identify(src/turtlebot3_gazebo) by extensions ['ros']
[0.356s] Level 1:colcon.colcon_core.package_identification:_identify(src/turtlebot3_gazebo) by extension 'ros'
[0.357s] DEBUG:colcon.colcon_core.package_identification:Package 'src/turtlebot3_gazebo' with type 'ros.ament_cmake' and name 'turtlebot3_gazebo'
[0.357s] Level 1:colcon.colcon_core.package_discovery:discover_packages(recursive) using defaults
[0.357s] Level 1:colcon.colcon_core.package_discovery:discover_packages(ignore) discover
[0.357s] Level 1:colcon.colcon_core.package_discovery:discover_packages(ignore) using defaults
[0.357s] Level 1:colcon.colcon_core.package_discovery:discover_packages(path) discover
[0.357s] Level 1:colcon.colcon_core.package_discovery:discover_packages(path) using defaults
[0.389s] Level 5:colcon.colcon_core.verb:set package 'dynamic_obstacle_detector' build argument 'cmake_args' from command line to 'None'
[0.389s] Level 5:colcon.colcon_core.verb:set package 'dynamic_obstacle_detector' build argument 'cmake_target' from command line to 'None'
[0.389s] Level 5:colcon.colcon_core.verb:set package 'dynamic_obstacle_detector' build argument 'cmake_target_skip_unavailable' from command line to 'False'
[0.389s] Level 5:colcon.colcon_core.verb:set package 'dynamic_obstacle_detector' build argument 'cmake_clean_cache' from command line to 'False'
[0.389s] Level 5:colcon.colcon_core.verb:set package 'dynamic_obstacle_detector' build argument 'cmake_clean_first' from command line to 'False'
[0.389s] Level 5:colcon.colcon_core.verb:set package 'dynamic_obstacle_detector' build argument 'cmake_force_configure' from command line to 'False'
[0.389s] Level 5:colcon.colcon_core.verb:set package 'dynamic_obstacle_detector' build argument 'ament_cmake_args' from command line to 'None'
[0.389s] Level 5:colcon.colcon_core.verb:set package 'dynamic_obstacle_detector' build argument 'catkin_cmake_args' from command line to 'None'
[0.389s] Level 5:colcon.colcon_core.verb:set package 'dynamic_obstacle_detector' build argument 'catkin_skip_building_tests' from command line to 'False'
[0.389s] DEBUG:colcon.colcon_core.verb:Building package 'dynamic_obstacle_detector' with the following arguments: {'ament_cmake_args': None, 'build_base': '/root/ros_workspace/build/dynamic_obstacle_detector', 'catkin_cmake_args': None, 'catkin_skip_building_tests': False, 'cmake_args': None, 'cmake_clean_cache': False, 'cmake_clean_first': False, 'cmake_force_configure': False, 'cmake_target': None, 'cmake_target_skip_unavailable': False, 'install_base': '/root/ros_workspace/install/dynamic_obstacle_detector', 'merge_install': False, 'path': '/root/ros_workspace/src/dynamic_obstacle_detector', 'symlink_install': False, 'test_result_base': None}
[0.390s] Level 5:colcon.colcon_core.verb:set package 'dynamic_obstacle_detector_interfaces' build argument 'cmake_args' from command line to 'None'
[0.390s] Level 5:colcon.colcon_core.verb:set package 'dynamic_obstacle_detector_interfaces' build argument 'cmake_target' from command line to 'None'
[0.390s] Level 5:colcon.colcon_core.verb:set package 'dynamic_obstacle_detector_interfaces' build argument 'cmake_target_skip_unavailable' from command line to 'False'
[0.390s] Level 5:colcon.colcon_core.verb:set package 'dynamic_obstacle_detector_interfaces' build argument 'cmake_clean_cache' from command line to 'False'
[0.390s] Level 5:colcon.colcon_core.verb:set package 'dynamic_obstacle_detector_interfaces' build argument 'cmake_clean_first' from command line to 'False'
[0.390s] Level 5:colcon.colcon_core.verb:set package 'dynamic_obstacle_detector_interfaces' build argument 'cmake_force_configure' from command line to 'False'
[0.390s] Level 5:colcon.colcon_core.verb:set package 'dynamic_obstacle_detector_interfaces' build argument 'ament_cmake_args' from command line to 'None'
[0.390s] Level 5:colcon.colcon_core.verb:set package 'dynamic_obstacle_detector_interfaces' build argument 'catkin_cmake_args' from command line to 'None'
[0.390s] Level 5:colcon.colcon_core.verb:set package 'dynamic_obstacle_detector_interfaces' build argument 'catkin_skip_building_tests' from command line to 'False'
[0.390s] DEBUG:colcon.colcon_core.verb:Building package 'dynamic_obstacle_detector_interfaces' with the following arguments: {'ament_cmake_args': None, 'build_base': '/root/ros_workspace/build/dynamic_obstacle_detector_interfaces', 'catkin_cmake_args': None, 'catkin_skip_building_tests': False, 'cmake_args': None, 'cmake_clean_cache': False, 'cmake_clean_first': False, 'cmake_force_configure': False, 'cmake_target': None, 'cmake_target_skip_unavailable': False, 'install_base': '/root/ros_workspace/install/dynamic_obstacle_detector_interfaces', 'merge_install': False, 'path': '/root/ros_workspace/src/dynamic_obstacle_detector_interfaces', 'symlink_install': False, 'test_result_base': None}
[0.390s] Level 5:colcon.colcon_core.verb:set package 'turtlebot3_gazebo' build argument 'cmake_args' from command line to 'None'
[0.391s] Level 5:colcon.colcon_core.verb:set package 'turtlebot3_gazebo' build argument 'cmake_target' from command line to 'None'
[0.391s] Level 5:colcon.colcon_core.verb:set package 'turtlebot3_gazebo' build argument 'cmake_target_skip_unavailable' from command line to 'False'
[0.391s] Level 5:colcon.colcon_core.verb:set package 'turtlebot3_gazebo' build argument 'cmake_clean_cache' from command line to 'False'
[0.391s] Level 5:colcon.colcon_core.verb:set package 'turtlebot3_gazebo' build argument 'cmake_clean_first' from command line to 'False'
[0.391s] Level 5:colcon.colcon_core.verb:set package 'turtlebot3_gazebo' build argument 'cmake_force_configure' from command line to 'False'
[0.391s] Level 5:colcon.colcon_core.verb:set package 'turtlebot3_gazebo' build argument 'ament_cmake_args' from command line to 'None'
[0.391s] Level 5:colcon.colcon_core.verb:set package 'turtlebot3_gazebo' build argument 'catkin_cmake_args' from command line to 'None'
[0.391s] Level 5:colcon.colcon_core.verb:set package 'turtlebot3_gazebo' build argument 'catkin_skip_building_tests' from command line to 'False'
[0.391s] DEBUG:colcon.colcon_core.verb:Building package 'turtlebot3_gazebo' with the following arguments: {'ament_cmake_args': None, 'build_base': '/root/ros_workspace/build/turtlebot3_gazebo', 'catkin_cmake_args': None, 'catkin_skip_building_tests': False, 'cmake_args': None, 'cmake_clean_cache': False, 'cmake_clean_first': False, 'cmake_force_configure': False, 'cmake_target': None, 'cmake_target_skip_unavailable': False, 'install_base': '/root/ros_workspace/install/turtlebot3_gazebo', 'merge_install': False, 'path': '/root/ros_workspace/src/turtlebot3_gazebo', 'symlink_install': False, 'test_result_base': None}
[0.391s] Level 5:colcon.colcon_core.verb:set package 'multi_robot_bringup' build argument 'cmake_args' from command line to 'None'
[0.391s] Level 5:colcon.colcon_core.verb:set package 'multi_robot_bringup' build argument 'cmake_target' from command line to 'None'
[0.391s] Level 5:colcon.colcon_core.verb:set package 'multi_robot_bringup' build argument 'cmake_target_skip_unavailable' from command line to 'False'
[0.391s] Level 5:colcon.colcon_core.verb:set package 'multi_robot_bringup' build argument 'cmake_clean_cache' from command line to 'False'
[0.391s] Level 5:colcon.colcon_core.verb:set package 'multi_robot_bringup' build argument 'cmake_clean_first' from command line to 'False'
[0.391s] Level 5:colcon.colcon_core.verb:set package 'multi_robot_bringup' build argument 'cmake_force_configure' from command line to 'False'
[0.392s] Level 5:colcon.colcon_core.verb:set package 'multi_robot_bringup' build argument 'ament_cmake_args' from command line to 'None'
[0.392s] Level 5:colcon.colcon_core.verb:set package 'multi_robot_bringup' build argument 'catkin_cmake_args' from command line to 'None'
[0.392s] Level 5:colcon.colcon_core.verb:set package 'multi_robot_bringup' build argument 'catkin_skip_building_tests' from command line to 'False'
[0.392s] DEBUG:colcon.colcon_core.verb:Building package 'multi_robot_bringup' with the following arguments: {'ament_cmake_args': None, 'build_base': '/root/ros_workspace/build/multi_robot_bringup', 'catkin_cmake_args': None, 'catkin_skip_building_tests': False, 'cmake_args': None, 'cmake_clean_cache': False, 'cmake_clean_first': False, 'cmake_force_configure': False, 'cmake_target': None, 'cmake_target_skip_unavailable': False, 'install_base': '/root/ros_workspace/install/multi_robot_bringup', 'merge_install': False, 'path': '/root/ros_workspace/src/multi_robot_bringup', 'symlink_install': False, 'test_result_base': None}
[0.392s] INFO:colcon.colcon_core.executor:Executing jobs using 'parallel' executor
[0.394s] DEBUG:colcon.colcon_parallel_executor.executor.parallel:run_until_complete
[0.395s] INFO:colcon.colcon_ros.task.ament_python.build:Building ROS package in '/root/ros_workspace/src/dynamic_obstacle_detector' with build type 'ament_python'
[0.395s] Level 1:colcon.colcon_core.shell:create_environment_hook('dynamic_obstacle_detector', 'ament_prefix_path')
[0.398s] INFO:colcon.colcon_core.plugin_system:Skipping extension 'colcon_core.shell.bat': Not used on non-Windows systems
[0.399s] INFO:colcon.colcon_core.shell:Creating environment hook '/root/ros_workspace/install/dynamic_obstacle_detector/share/dynamic_obstacle_detector/hook/ament_prefix_path.ps1'
[0.400s] INFO:colcon.colcon_core.shell:Creating environment descriptor '/root/ros_workspace/install/dynamic_obstacle_detector/share/dynamic_obstacle_detector/hook/ament_prefix_path.dsv'
[0.400s] INFO:colcon.colcon_core.shell:Creating environment hook '/root/ros_workspace/install/dynamic_obstacle_detector/share/dynamic_obstacle_detector/hook/ament_prefix_path.sh'
[0.401s] INFO:colcon.colcon_core.shell:Skip shell extension 'powershell' for command environment: Not usable outside of PowerShell
[0.401s] DEBUG:colcon.colcon_core.shell:Skip shell extension 'dsv' for command environment
[0.410s] INFO:colcon.colcon_ros.task.ament_cmake.build:Building ROS package in '/root/ros_workspace/src/dynamic_obstacle_detector_interfaces' with build type 'ament_cmake'
[0.411s] INFO:colcon.colcon_cmake.task.cmake.build:Building CMake package in '/root/ros_workspace/src/dynamic_obstacle_detector_interfaces'
[0.411s] INFO:colcon.colcon_core.shell:Skip shell extension 'powershell' for command environment: Not usable outside of PowerShell
[0.411s] DEBUG:colcon.colcon_core.shell:Skip shell extension 'dsv' for command environment
[0.416s] INFO:colcon.colcon_ros.task.ament_cmake.build:Building ROS package in '/root/ros_workspace/src/turtlebot3_gazebo' with build type 'ament_cmake'
[0.416s] INFO:colcon.colcon_cmake.task.cmake.build:Building CMake package in '/root/ros_workspace/src/turtlebot3_gazebo'
[0.417s] INFO:colcon.colcon_core.shell:Skip shell extension 'powershell' for command environment: Not usable outside of PowerShell
[0.417s] DEBUG:colcon.colcon_core.shell:Skip shell extension 'dsv' for command environment
[0.811s] INFO:colcon.colcon_core.task.python.build:Building Python package in '/root/ros_workspace/src/dynamic_obstacle_detector'
[0.811s] INFO:colcon.colcon_core.shell:Skip shell extension 'powershell' for command environment: Not usable outside of PowerShell
[0.811s] DEBUG:colcon.colcon_core.shell:Skip shell extension 'dsv' for command environment
[0.822s] DEBUG:colcon.colcon_core.event_handler.log_command:Invoking command in '/root/ros_workspace/build/dynamic_obstacle_detector_interfaces': CMAKE_PREFIX_PATH=${CMAKE_PREFIX_PATH}:/root/ros_workspace/install/multi_robot_bringup:/root/ros_workspace/install/dynamic_obstacle_detector:/opt/ros/jazzy /usr/bin/cmake --build /root/ros_workspace/build/dynamic_obstacle_detector_interfaces -- -j12 -l12
[0.834s] DEBUG:colcon.colcon_core.event_handler.log_command:Invoking command in '/root/ros_workspace/build/turtlebot3_gazebo': CMAKE_PREFIX_PATH=${CMAKE_PREFIX_PATH}:/root/ros_workspace/install/multi_robot_bringup:/root/ros_workspace/install/dynamic_obstacle_detector:/opt/ros/jazzy /usr/bin/cmake --build /root/ros_workspace/build/turtlebot3_gazebo -- -j12 -l12
[1.161s] DEBUG:colcon.colcon_core.event_handler.log_command:Invoked command in '/root/ros_workspace/build/turtlebot3_gazebo' returned '0': CMAKE_PREFIX_PATH=${CMAKE_PREFIX_PATH}:/root/ros_workspace/install/multi_robot_bringup:/root/ros_workspace/install/dynamic_obstacle_detector:/opt/ros/jazzy /usr/bin/cmake --build /root/ros_workspace/build/turtlebot3_gazebo -- -j12 -l12
[1.178s] DEBUG:colcon.colcon_core.event_handler.log_command:Invoking command in '/root/ros_workspace/build/turtlebot3_gazebo': CMAKE_PREFIX_PATH=${CMAKE_PREFIX_PATH}:/root/ros_workspace/install/multi_robot_bringup:/root/ros_workspace/install/dynamic_obstacle_detector:/opt/ros/jazzy /usr/bin/cmake --install /root/ros_workspace/build/turtlebot3_gazebo
[1.220s] Level 1:colcon.colcon_core.environment:create_environment_scripts_only(turtlebot3_gazebo)
[1.247s] Level 1:colcon.colcon_core.environment:checking '/root/ros_workspace/install/turtlebot3_gazebo' for CMake module files
[1.249s] DEBUG:colcon.colcon_core.event_handler.log_command:Invoked command in '/root/ros_workspace/build/turtlebot3_gazebo' returned '0': CMAKE_PREFIX_PATH=${CMAKE_PREFIX_PATH}:/root/ros_workspace/install/multi_robot_bringup:/root/ros_workspace/install/dynamic_obstacle_detector:/opt/ros/jazzy /usr/bin/cmake --install /root/ros_workspace/build/turtlebot3_gazebo
[1.250s] Level 1:colcon.colcon_core.environment:checking '/root/ros_workspace/install/turtlebot3_gazebo' for CMake config files
[1.250s] Level 1:colcon.colcon_core.shell:create_environment_hook('turtlebot3_gazebo', 'cmake_prefix_path')
[1.251s] INFO:colcon.colcon_core.shell:Creating environment hook '/root/ros_workspace/install/turtlebot3_gazebo/share/turtlebot3_gazebo/hook/cmake_prefix_path.ps1'
[1.252s] INFO:colcon.colcon_core.shell:Creating environment descriptor '/root/ros_workspace/install/turtlebot3_gazebo/share/turtlebot3_gazebo/hook/cmake_prefix_path.dsv'
[1.252s] INFO:colcon.colcon_core.shell:Creating environment hook '/root/ros_workspace/install/turtlebot3_gazebo/share/turtlebot3_gazebo/hook/cmake_prefix_path.sh'
[1.253s] Level 1:colcon.colcon_core.environment:checking '/root/ros_workspace/install/turtlebot3_gazebo/lib'
[1.253s] Level 1:colcon.colcon_core.environment:checking '/root/ros_workspace/install/turtlebot3_gazebo/bin'
[1.254s] Level 1:colcon.colcon_core.environment:checking '/root/ros_workspace/install/turtlebot3_gazebo/lib/pkgconfig/turtlebot3_gazebo.pc'
[1.254s] Level 1:colcon.colcon_core.environment:checking '/root/ros_workspace/install/turtlebot3_gazebo/lib/python3.12/site-packages'
[1.254s] Level 1:colcon.colcon_core.environment:checking '/root/ros_workspace/install/turtlebot3_gazebo/bin'
[1.254s] INFO:colcon.colcon_core.shell:Creating package script '/root/ros_workspace/install/turtlebot3_gazebo/share/turtlebot3_gazebo/package.ps1'
[1.256s] INFO:colcon.colcon_core.shell:Creating package descriptor '/root/ros_workspace/install/turtlebot3_gazebo/share/turtlebot3_gazebo/package.dsv'
[1.257s] INFO:colcon.colcon_core.shell:Creating package script '/root/ros_workspace/install/turtlebot3_gazebo/share/turtlebot3_gazebo/package.sh'
[1.258s] INFO:colcon.colcon_core.shell:Creating package script '/root/ros_workspace/install/turtlebot3_gazebo/share/turtlebot3_gazebo/package.bash'
[1.259s] INFO:colcon.colcon_core.shell:Creating package script '/root/ros_workspace/install/turtlebot3_gazebo/share/turtlebot3_gazebo/package.zsh'
[1.261s] Level 1:colcon.colcon_core.environment:create_file_with_runtime_dependencies(/root/ros_workspace/install/turtlebot3_gazebo/share/colcon-core/packages/turtlebot3_gazebo)
[1.262s] Level 1:colcon.colcon_core.environment:create_environment_scripts_only(turtlebot3_gazebo)
[1.262s] Level 1:colcon.colcon_core.environment:checking '/root/ros_workspace/install/turtlebot3_gazebo' for CMake module files
[1.263s] Level 1:colcon.colcon_core.environment:checking '/root/ros_workspace/install/turtlebot3_gazebo' for CMake config files
[1.264s] Level 1:colcon.colcon_core.shell:create_environment_hook('turtlebot3_gazebo', 'cmake_prefix_path')
[1.264s] INFO:colcon.colcon_core.shell:Creating environment hook '/root/ros_workspace/install/turtlebot3_gazebo/share/turtlebot3_gazebo/hook/cmake_prefix_path.ps1'
[1.265s] INFO:colcon.colcon_core.shell:Creating environment descriptor '/root/ros_workspace/install/turtlebot3_gazebo/share/turtlebot3_gazebo/hook/cmake_prefix_path.dsv'
[1.266s] INFO:colcon.colcon_core.shell:Creating environment hook '/root/ros_workspace/install/turtlebot3_gazebo/share/turtlebot3_gazebo/hook/cmake_prefix_path.sh'
[1.267s] Level 1:colcon.colcon_core.environment:checking '/root/ros_workspace/install/turtlebot3_gazebo/lib'
[1.268s] Level 1:colcon.colcon_core.environment:checking '/root/ros_workspace/install/turtlebot3_gazebo/bin'
[1.268s] Level 1:colcon.colcon_core.environment:checking '/root/ros_workspace/install/turtlebot3_gazebo/lib/pkgconfig/turtlebot3_gazebo.pc'
[1.268s] Level 1:colcon.colcon_core.environment:checking '/root/ros_workspace/install/turtlebot3_gazebo/lib/python3.12/site-packages'
[1.268s] Level 1:colcon.colcon_core.environment:checking '/root/ros_workspace/install/turtlebot3_gazebo/bin'
[1.269s] INFO:colcon.colcon_core.shell:Creating package script '/root/ros_workspace/install/turtlebot3_gazebo/share/turtlebot3_gazebo/package.ps1'
[1.270s] INFO:colcon.colcon_core.shell:Creating package descriptor '/root/ros_workspace/install/turtlebot3_gazebo/share/turtlebot3_gazebo/package.dsv'
[1.271s] INFO:colcon.colcon_core.shell:Creating package script '/root/ros_workspace/install/turtlebot3_gazebo/share/turtlebot3_gazebo/package.sh'
[1.272s] INFO:colcon.colcon_core.shell:Creating package script '/root/ros_workspace/install/turtlebot3_gazebo/share/turtlebot3_gazebo/package.bash'
[1.272s] INFO:colcon.colcon_core.shell:Creating package script '/root/ros_workspace/install/turtlebot3_gazebo/share/turtlebot3_gazebo/package.zsh'
[1.275s] Level 1:colcon.colcon_core.environment:create_file_with_runtime_dependencies(/root/ros_workspace/install/turtlebot3_gazebo/share/colcon-core/packages/turtlebot3_gazebo)
[1.908s] DEBUG:colcon.colcon_core.event_handler.log_command:Invoking command in '/root/ros_workspace/src/dynamic_obstacle_detector': PYTHONPATH=/root/ros_workspace/build/dynamic_obstacle_detector/prefix_override:/usr/lib/python3/dist-packages/colcon_core/task/python/colcon_distutils_commands:/root/ros_workspace/install/dynamic_obstacle_detector/lib/python3.12/site-packages:${PYTHONPATH} /usr/bin/python3 -W ignore:setup.py install is deprecated -W ignore:easy_install command is deprecated setup.py egg_info --egg-base ../../build/dynamic_obstacle_detector build --build-base /root/ros_workspace/build/dynamic_obstacle_detector/build install --record /root/ros_workspace/build/dynamic_obstacle_detector/install.log --single-version-externally-managed install_data
[2.248s] DEBUG:colcon.colcon_core.event_handler.log_command:Invoked command in '/root/ros_workspace/build/dynamic_obstacle_detector_interfaces' returned '0': CMAKE_PREFIX_PATH=${CMAKE_PREFIX_PATH}:/root/ros_workspace/install/multi_robot_bringup:/root/ros_workspace/install/dynamic_obstacle_detector:/opt/ros/jazzy /usr/bin/cmake --build /root/ros_workspace/build/dynamic_obstacle_detector_interfaces -- -j12 -l12
[2.250s] DEBUG:colcon.colcon_core.event_handler.log_command:Invoking command in '/root/ros_workspace/build/dynamic_obstacle_detector_interfaces': CMAKE_PREFIX_PATH=${CMAKE_PREFIX_PATH}:/root/ros_workspace/install/multi_robot_bringup:/root/ros_workspace/install/dynamic_obstacle_detector:/opt/ros/jazzy /usr/bin/cmake --install /root/ros_workspace/build/dynamic_obstacle_detector_interfaces
[2.378s] Level 1:colcon.colcon_core.environment:create_environment_scripts_only(dynamic_obstacle_detector_interfaces)
[2.378s] Level 1:colcon.colcon_core.environment:checking '/root/ros_workspace/install/dynamic_obstacle_detector_interfaces' for CMake module files
[2.379s] DEBUG:colcon.colcon_core.event_handler.log_command:Invoked command in '/root/ros_workspace/build/dynamic_obstacle_detector_interfaces' returned '0': CMAKE_PREFIX_PATH=${CMAKE_PREFIX_PATH}:/root/ros_workspace/install/multi_robot_bringup:/root/ros_workspace/install/dynamic_obstacle_detector:/opt/ros/jazzy /usr/bin/cmake --install /root/ros_workspace/build/dynamic_obstacle_detector_interfaces
[2.380s] Level 1:colcon.colcon_core.environment:checking '/root/ros_workspace/install/dynamic_obstacle_detector_interfaces' for CMake config files
[2.381s] Level 1:colcon.colcon_core.shell:create_environment_hook('dynamic_obstacle_detector_interfaces', 'cmake_prefix_path')
[2.381s] INFO:colcon.colcon_core.shell:Creating environment hook '/root/ros_workspace/install/dynamic_obstacle_detector_interfaces/share/dynamic_obstacle_detector_interfaces/hook/cmake_prefix_path.ps1'
[2.382s] INFO:colcon.colcon_core.shell:Creating environment descriptor '/root/ros_workspace/install/dynamic_obstacle_detector_interfaces/share/dynamic_obstacle_detector_interfaces/hook/cmake_prefix_path.dsv'
[2.382s] INFO:colcon.colcon_core.shell:Creating environment hook '/root/ros_workspace/install/dynamic_obstacle_detector_interfaces/share/dynamic_obstacle_detector_interfaces/hook/cmake_prefix_path.sh'
[2.384s] Level 1:colcon.colcon_core.environment:checking '/root/ros_workspace/install/dynamic_obstacle_detector_interfaces/lib'
[2.384s] Level 1:colcon.colcon_core.shell:create_environment_hook('dynamic_obstacle_detector_interfaces', 'ld_library_path_lib')
[2.384s] INFO:colcon.colcon_core.shell:Creating environment hook '/root/ros_workspace/install/dynamic_obstacle_detector_interfaces/share/dynamic_obstacle_detector_interfaces/hook/ld_library_path_lib.ps1'
[2.385s] INFO:colcon.colcon_core.shell:Creating environment descriptor '/root/ros_workspace/install/dynamic_obstacle_detector_interfaces/share/dynamic_obstacle_detector_interfaces/hook/ld_library_path_lib.dsv'
[2.386s] INFO:colcon.colcon_core.shell:Creating environment hook '/root/ros_workspace/install/dynamic_obstacle_detector_interfaces/share/dynamic_obstacle_detector_interfaces/hook/ld_library_path_lib.sh'
[2.386s] Level 1:colcon.colcon_core.environment:checking '/root/ros_workspace/install/dynamic_obstacle_detector_interfaces/bin'
[2.387s] Level 1:colcon.colcon_core.environment:checking '/root/ros_workspace/install/dynamic_obstacle_detector_interfaces/lib/pkgconfig/dynamic_obstacle_detector_interfaces.pc'
[2.387s] Level 1:colcon.colcon_core.environment:checking '/root/ros_workspace/install/dynamic_obstacle_detector_interfaces/lib/python3.12/site-packages'
[2.387s] Level 1:colcon.colcon_core.shell:create_environment_hook('dynamic_obstacle_detector_interfaces', 'pythonpath')
[2.388s] INFO:colcon.colcon_core.shell:Creating environment hook '/root/ros_workspace/install/dynamic_obstacle_detector_interfaces/share/dynamic_obstacle_detector_interfaces/hook/pythonpath.ps1'
[2.389s] INFO:colcon.colcon_core.shell:Creating environment descriptor '/root/ros_workspace/install/dynamic_obstacle_detector_interfaces/share/dynamic_obstacle_detector_interfaces/hook/pythonpath.dsv'
[2.389s] INFO:colcon.colcon_core.shell:Creating environment hook '/root/ros_workspace/install/dynamic_obstacle_detector_interfaces/share/dynamic_obstacle_detector_interfaces/hook/pythonpath.sh'
[2.390s] Level 1:colcon.colcon_core.environment:checking '/root/ros_workspace/install/dynamic_obstacle_detector_interfaces/bin'
[2.390s] INFO:colcon.colcon_core.shell:Creating package script '/root/ros_workspace/install/dynamic_obstacle_detector_interfaces/share/dynamic_obstacle_detector_interfaces/package.ps1'
[2.391s] INFO:colcon.colcon_core.shell:Creating package descriptor '/root/ros_workspace/install/dynamic_obstacle_detector_interfaces/share/dynamic_obstacle_detector_interfaces/package.dsv'
[2.392s] INFO:colcon.colcon_core.shell:Creating package script '/root/ros_workspace/install/dynamic_obstacle_detector_interfaces/share/dynamic_obstacle_detector_interfaces/package.sh'
[2.393s] INFO:colcon.colcon_core.shell:Creating package script '/root/ros_workspace/install/dynamic_obstacle_detector_interfaces/share/dynamic_obstacle_detector_interfaces/package.bash'
[2.393s] INFO:colcon.colcon_core.shell:Creating package script '/root/ros_workspace/install/dynamic_obstacle_detector_interfaces/share/dynamic_obstacle_detector_interfaces/package.zsh'
[2.394s] Level 1:colcon.colcon_core.environment:create_file_with_runtime_dependencies(/root/ros_workspace/install/dynamic_obstacle_detector_interfaces/share/colcon-core/packages/dynamic_obstacle_detector_interfaces)
[2.395s] Level 1:colcon.colcon_core.environment:create_environment_scripts_only(dynamic_obstacle_detector_interfaces)
[2.395s] Level 1:colcon.colcon_core.environment:checking '/root/ros_workspace/install/dynamic_obstacle_detector_interfaces' for CMake module files
[2.396s] Level 1:colcon.colcon_core.environment:checking '/root/ros_workspace/install/dynamic_obstacle_detector_interfaces' for CMake config files
[2.397s] Level 1:colcon.colcon_core.shell:create_environment_hook('dynamic_obstacle_detector_interfaces', 'cmake_prefix_path')
[2.397s] INFO:colcon.colcon_core.shell:Creating environment hook '/root/ros_workspace/install/dynamic_obstacle_detector_interfaces/share/dynamic_obstacle_detector_interfaces/hook/cmake_prefix_path.ps1'
[2.398s] INFO:colcon.colcon_core.shell:Creating environment descriptor '/root/ros_workspace/install/dynamic_obstacle_detector_interfaces/share/dynamic_obstacle_detector_interfaces/hook/cmake_prefix_path.dsv'
[2.399s] INFO:colcon.colcon_core.shell:Creating environment hook '/root/ros_workspace/install/dynamic_obstacle_detector_interfaces/share/dynamic_obstacle_detector_interfaces/hook/cmake_prefix_path.sh'
[2.401s] Level 1:colcon.colcon_core.environment:checking '/root/ros_workspace/install/dynamic_obstacle_detector_interfaces/lib'
[2.401s] Level 1:colcon.colcon_core.shell:create_environment_hook('dynamic_obstacle_detector_interfaces', 'ld_library_path_lib')
[2.401s] INFO:colcon.colcon_core.shell:Creating environment hook '/root/ros_workspace/install/dynamic_obstacle_detector_interfaces/share/dynamic_obstacle_detector_interfaces/hook/ld_library_path_lib.ps1'
[2.402s] INFO:colcon.colcon_core.shell:Creating environment descriptor '/root/ros_workspace/install/dynamic_obstacle_detector_interfaces/share/dynamic_obstacle_detector_interfaces/hook/ld_library_path_lib.dsv'
[2.403s] INFO:colcon.colcon_core.shell:Creating environment hook '/root/ros_workspace/install/dynamic_obstacle_detector_interfaces/share/dynamic_obstacle_detector_interfaces/hook/ld_library_path_lib.sh'
[2.404s] Level 1:colcon.colcon_core.environment:checking '/root/ros_workspace/install/dynamic_obstacle_detector_interfaces/bin'
[2.404s] Level 1:colcon.colcon_core.environment:checking '/root/ros_workspace/install/dynamic_obstacle_detector_interfaces/lib/pkgconfig/dynamic_obstacle_detector_interfaces.pc'
[2.405s] Level 1:colcon.colcon_core.environment:checking '/root/ros_workspace/install/dynamic_obstacle_detector_interfaces/lib/python3.12/site-packages'
[2.405s] Level 1:colcon.colcon_core.shell:create_environment_hook('dynamic_obstacle_detector_interfaces', 'pythonpath')
[2.405s] INFO:colcon.colcon_core.shell:Creating environment hook '/root/ros_workspace/install/dynamic_obstacle_detector_interfaces/share/dynamic_obstacle_detector_interfaces/hook/pythonpath.ps1'
[2.406s] INFO:colcon.colcon_core.shell:Creating environment descriptor '/root/ros_workspace/install/dynamic_obstacle_detector_interfaces/share/dynamic_obstacle_detector_interfaces/hook/pythonpath.dsv'
[2.406s] INFO:colcon.colcon_core.shell:Creating environment hook '/root/ros_workspace/install/dynamic_obstacle_detector_interfaces/share/dynamic_obstacle_detector_interfaces/hook/pythonpath.sh'
[2.407s] Level 1:colcon.colcon_core.environment:checking '/root/ros_workspace/install/dynamic_obstacle_detector_interfaces/bin'
[2.408s] INFO:colcon.colcon_core.shell:Creating package script '/root/ros_workspace/install/dynamic_obstacle_detector_interfaces/share/dynamic_obstacle_detector_interfaces/package.ps1'
[2.409s] INFO:colcon.colcon_core.shell:Creating package descriptor '/root/ros_workspace/install/dynamic_obstacle_detector_interfaces/share/dynamic_obstacle_detector_interfaces/package.dsv'
[2.410s] INFO:colcon.colcon_core.shell:Creating package script '/root/ros_workspace/install/dynamic_obstacle_detector_interfaces/share/dynamic_obstacle_detector_interfaces/package.sh'
[2.411s] INFO:colcon.colcon_core.shell:Creating package script '/root/ros_workspace/install/dynamic_obstacle_detector_interfaces/share/dynamic_obstacle_detector_interfaces/package.bash'
[2.411s] INFO:colcon.colcon_core.shell:Creating package script '/root/ros_workspace/install/dynamic_obstacle_detector_interfaces/share/dynamic_obstacle_detector_interfaces/package.zsh'
[2.412s] Level 1:colcon.colcon_core.environment:create_file_with_runtime_dependencies(/root/ros_workspace/install/dynamic_obstacle_detector_interfaces/share/colcon-core/packages/dynamic_obstacle_detector_interfaces)
[2.854s] Level 1:colcon.colcon_core.environment:checking '/root/ros_workspace/install/dynamic_obstacle_detector' for CMake module files
[2.855s] DEBUG:colcon.colcon_core.event_handler.log_command:Invoked command in '/root/ros_workspace/src/dynamic_obstacle_detector' returned '0': PYTHONPATH=/root/ros_workspace/build/dynamic_obstacle_detector/prefix_override:/usr/lib/python3/dist-packages/colcon_core/task/python/colcon_distutils_commands:/root/ros_workspace/install/dynamic_obstacle_detector/lib/python3.12/site-packages:${PYTHONPATH} /usr/bin/python3 -W ignore:setup.py install is deprecated -W ignore:easy_install command is deprecated setup.py egg_info --egg-base ../../build/dynamic_obstacle_detector build --build-base /root/ros_workspace/build/dynamic_obstacle_detector/build install --record /root/ros_workspace/build/dynamic_obstacle_detector/install.log --single-version-externally-managed install_data
[2.856s] Level 1:colcon.colcon_core.environment:checking '/root/ros_workspace/install/dynamic_obstacle_detector' for CMake config files
[2.857s] Level 1:colcon.colcon_core.environment:checking '/root/ros_workspace/install/dynamic_obstacle_detector/lib'
[2.857s] Level 1:colcon.colcon_core.environment:checking '/root/ros_workspace/install/dynamic_obstacle_detector/bin'
[2.857s] Level 1:colcon.colcon_core.environment:checking '/root/ros_workspace/install/dynamic_obstacle_detector/lib/pkgconfig/dynamic_obstacle_detector.pc'
[2.858s] Level 1:colcon.colcon_core.environment:checking '/root/ros_workspace/install/dynamic_obstacle_detector/lib/python3.12/site-packages'
[2.858s] Level 1:colcon.colcon_core.shell:create_environment_hook('dynamic_obstacle_detector', 'pythonpath')
[2.858s] INFO:colcon.colcon_core.shell:Creating environment hook '/root/ros_workspace/install/dynamic_obstacle_detector/share/dynamic_obstacle_detector/hook/pythonpath.ps1'
[2.859s] INFO:colcon.colcon_core.shell:Creating environment descriptor '/root/ros_workspace/install/dynamic_obstacle_detector/share/dynamic_obstacle_detector/hook/pythonpath.dsv'
[2.860s] INFO:colcon.colcon_core.shell:Creating environment hook '/root/ros_workspace/install/dynamic_obstacle_detector/share/dynamic_obstacle_detector/hook/pythonpath.sh'
[2.861s] Level 1:colcon.colcon_core.environment:checking '/root/ros_workspace/install/dynamic_obstacle_detector/bin'
[2.861s] Level 1:colcon.colcon_core.environment:create_environment_scripts_only(dynamic_obstacle_detector)
[2.861s] INFO:colcon.colcon_core.shell:Creating package script '/root/ros_workspace/install/dynamic_obstacle_detector/share/dynamic_obstacle_detector/package.ps1'
[2.862s] INFO:colcon.colcon_core.shell:Creating package descriptor '/root/ros_workspace/install/dynamic_obstacle_detector/share/dynamic_obstacle_detector/package.dsv'
[2.863s] INFO:colcon.colcon_core.shell:Creating package script '/root/ros_workspace/install/dynamic_obstacle_detector/share/dynamic_obstacle_detector/package.sh'
[2.863s] INFO:colcon.colcon_core.shell:Creating package script '/root/ros_workspace/install/dynamic_obstacle_detector/share/dynamic_obstacle_detector/package.bash'
[2.864s] INFO:colcon.colcon_core.shell:Creating package script '/root/ros_workspace/install/dynamic_obstacle_detector/share/dynamic_obstacle_detector/package.zsh'
[2.865s] Level 1:colcon.colcon_core.environment:create_file_with_runtime_dependencies(/root/ros_workspace/install/dynamic_obstacle_detector/share/colcon-core/packages/dynamic_obstacle_detector)
[2.866s] INFO:colcon.colcon_ros.task.ament_python.build:Building ROS package in '/root/ros_workspace/src/multi_robot_bringup' with build type 'ament_python'
[2.866s] Level 1:colcon.colcon_core.shell:create_environment_hook('multi_robot_bringup', 'ament_prefix_path')
[2.867s] INFO:colcon.colcon_core.shell:Creating environment hook '/root/ros_workspace/install/multi_robot_bringup/share/multi_robot_bringup/hook/ament_prefix_path.ps1'
[2.869s] INFO:colcon.colcon_core.shell:Creating environment descriptor '/root/ros_workspace/install/multi_robot_bringup/share/multi_robot_bringup/hook/ament_prefix_path.dsv'
[2.869s] INFO:colcon.colcon_core.shell:Creating environment hook '/root/ros_workspace/install/multi_robot_bringup/share/multi_robot_bringup/hook/ament_prefix_path.sh'
[2.870s] INFO:colcon.colcon_core.shell:Skip shell extension 'powershell' for command environment: Not usable outside of PowerShell
[2.870s] DEBUG:colcon.colcon_core.shell:Skip shell extension 'dsv' for command environment
[3.243s] INFO:colcon.colcon_core.task.python.build:Building Python package in '/root/ros_workspace/src/multi_robot_bringup'
[3.243s] INFO:colcon.colcon_core.shell:Skip shell extension 'powershell' for command environment: Not usable outside of PowerShell
[3.243s] DEBUG:colcon.colcon_core.shell:Skip shell extension 'dsv' for command environment
[4.096s] DEBUG:colcon.colcon_core.event_handler.log_command:Invoking command in '/root/ros_workspace/src/multi_robot_bringup': AMENT_PREFIX_PATH=/root/ros_workspace/install/dynamic_obstacle_detector:/root/ros_workspace/install/turtlebot3_gazebo:/root/ros_workspace/install/multi_robot_bringup:/root/ros_workspace/install/dynamic_obstacle_detector_interfaces:/opt/ros/jazzy PYTHONPATH=/root/ros_workspace/build/multi_robot_bringup/prefix_override:/usr/lib/python3/dist-packages/colcon_core/task/python/colcon_distutils_commands:/root/ros_workspace/install/multi_robot_bringup/lib/python3.12/site-packages:/root/ros_workspace/install/dynamic_obstacle_detector/lib/python3.12/site-packages:/root/ros_workspace/install/multi_robot_bringup/lib/python3.12/site-packages:/root/ros_workspace/install/dynamic_obstacle_detector_interfaces/lib/python3.12/site-packages:/opt/ros/jazzy/lib/python3.12/site-packages /usr/bin/python3 -W ignore:setup.py install is deprecated -W ignore:easy_install command is deprecated setup.py egg_info --egg-base ../../build/multi_robot_bringup build --build-base /root/ros_workspace/build/multi_robot_bringup/build install --record /root/ros_workspace/build/multi_robot_bringup/install.log --single-version-externally-managed install_data
[5.012s] Level 1:colcon.colcon_core.environment:checking '/root/ros_workspace/install/multi_robot_bringup' for CMake module files
[5.013s] DEBUG:colcon.colcon_core.event_handler.log_command:Invoked command in '/root/ros_workspace/src/multi_robot_bringup' returned '0': AMENT_PREFIX_PATH=/root/ros_workspace/install/dynamic_obstacle_detector:/root/ros_workspace/install/turtlebot3_gazebo:/root/ros_workspace/install/multi_robot_bringup:/root/ros_workspace/install/dynamic_obstacle_detector_interfaces:/opt/ros/jazzy PYTHONPATH=/root/ros_workspace/build/multi_robot_bringup/prefix_override:/usr/lib/python3/dist-packages/colcon_core/task/python/colcon_distutils_commands:/root/ros_workspace/install/multi_robot_bringup/lib/python3.12/site-packages:/root/ros_workspace/install/dynamic_obstacle_detector/lib/python3.12/site-packages:/root/ros_workspace/install/multi_robot_bringup/lib/python3.12/site-packages:/root/ros_workspace/install/dynamic_obstacle_detector_interfaces/lib/python3.12/site-packages:/opt/ros/jazzy/lib/python3.12/site-packages /usr/bin/python3 -W ignore:setup.py install is deprecated -W ignore:easy_install command is deprecated setup.py egg_info --egg-base ../../build/multi_robot_bringup build --build-base /root/ros_workspace/build/multi_robot_bringup/build install --record /root/ros_workspace/build/multi_robot_bringup/install.log --single-version-externally-managed install_data
[5.013s] Level 1:colcon.colcon_core.environment:checking '/root/ros_workspace/install/multi_robot_bringup' for CMake config files
[5.015s] Level 1:colcon.colcon_core.environment:checking '/root/ros_workspace/install/multi_robot_bringup/lib'
[5.015s] Level 1:colcon.colcon_core.environment:checking '/root/ros_workspace/install/multi_robot_bringup/bin'
[5.015s] Level 1:colcon.colcon_core.environment:checking '/root/ros_workspace/install/multi_robot_bringup/lib/pkgconfig/multi_robot_bringup.pc'
[5.015s] Level 1:colcon.colcon_core.environment:checking '/root/ros_workspace/install/multi_robot_bringup/lib/python3.12/site-packages'
[5.016s] Level 1:colcon.colcon_core.shell:create_environment_hook('multi_robot_bringup', 'pythonpath')
[5.016s] INFO:colcon.colcon_core.shell:Creating environment hook '/root/ros_workspace/install/multi_robot_bringup/share/multi_robot_bringup/hook/pythonpath.ps1'
[5.017s] INFO:colcon.colcon_core.shell:Creating environment descriptor '/root/ros_workspace/install/multi_robot_bringup/share/multi_robot_bringup/hook/pythonpath.dsv'
[5.018s] INFO:colcon.colcon_core.shell:Creating environment hook '/root/ros_workspace/install/multi_robot_bringup/share/multi_robot_bringup/hook/pythonpath.sh'
[5.019s] Level 1:colcon.colcon_core.environment:checking '/root/ros_workspace/install/multi_robot_bringup/bin'
[5.020s] Level 1:colcon.colcon_core.environment:create_environment_scripts_only(multi_robot_bringup)
[5.021s] INFO:colcon.colcon_core.shell:Creating package script '/root/ros_workspace/install/multi_robot_bringup/share/multi_robot_bringup/package.ps1'
[5.022s] INFO:colcon.colcon_core.shell:Creating package descriptor '/root/ros_workspace/install/multi_robot_bringup/share/multi_robot_bringup/package.dsv'
[5.023s] INFO:colcon.colcon_core.shell:Creating package script '/root/ros_workspace/install/multi_robot_bringup/share/multi_robot_bringup/package.sh'
[5.024s] INFO:colcon.colcon_core.shell:Creating package script '/root/ros_workspace/install/multi_robot_bringup/share/multi_robot_bringup/package.bash'
[5.024s] INFO:colcon.colcon_core.shell:Creating package script '/root/ros_workspace/install/multi_robot_bringup/share/multi_robot_bringup/package.zsh'
[5.025s] Level 1:colcon.colcon_core.environment:create_file_with_runtime_dependencies(/root/ros_workspace/install/multi_robot_bringup/share/colcon-core/packages/multi_robot_bringup)
[5.026s] DEBUG:colcon.colcon_parallel_executor.executor.parallel:closing loop
[5.027s] DEBUG:colcon.colcon_parallel_executor.executor.parallel:loop closed
[5.027s] DEBUG:colcon.colcon_parallel_executor.executor.parallel:run_until_complete finished with '0'
[5.028s] DEBUG:colcon.colcon_core.event_reactor:joining thread
[5.040s] INFO:colcon.colcon_core.plugin_system:Skipping extension 'colcon_notification.desktop_notification.notify_send': Could not find 'notify-send'
[5.040s] INFO:colcon.colcon_core.plugin_system:Skipping extension 'colcon_notification.desktop_notification.terminal_notifier': Not used on non-Darwin systems
[5.040s] INFO:colcon.colcon_core.plugin_system:Skipping extension 'colcon_notification.desktop_notification.win32': Not used on non-Windows systems
[5.040s] INFO:colcon.colcon_notification.desktop_notification:Sending desktop notification using 'notify2'
[5.045s] DEBUG:colcon.colcon_notification.desktop_notification.notify2:Failed to initialize notify2: org.freedesktop.DBus.Error.Spawn.ExecFailed: /usr/bin/dbus-launch terminated abnormally without any error message
[5.045s] DEBUG:colcon.colcon_core.event_reactor:joined thread
[5.046s] INFO:colcon.colcon_core.shell:Creating prefix script '/root/ros_workspace/install/local_setup.ps1'
[5.048s] INFO:colcon.colcon_core.shell:Creating prefix util module '/root/ros_workspace/install/_local_setup_util_ps1.py'
[5.049s] INFO:colcon.colcon_core.shell:Creating prefix chain script '/root/ros_workspace/install/setup.ps1'
[5.051s] INFO:colcon.colcon_core.shell:Creating prefix script '/root/ros_workspace/install/local_setup.sh'
[5.051s] INFO:colcon.colcon_core.shell:Creating prefix util module '/root/ros_workspace/install/_local_setup_util_sh.py'
[5.052s] INFO:colcon.colcon_core.shell:Creating prefix chain script '/root/ros_workspace/install/setup.sh'
[5.054s] INFO:colcon.colcon_core.shell:Creating prefix script '/root/ros_workspace/install/local_setup.bash'
[5.054s] INFO:colcon.colcon_core.shell:Creating prefix chain script '/root/ros_workspace/install/setup.bash'
[5.056s] INFO:colcon.colcon_core.shell:Creating prefix script '/root/ros_workspace/install/local_setup.zsh'
[5.057s] INFO:colcon.colcon_core.shell:Creating prefix chain script '/root/ros_workspace/install/setup.zsh'
