/root/ros_workspace/install/multi_robot_bringup/lib/python3.12/site-packages/multi_robot_scripts/utils.py
/root/ros_workspace/install/multi_robot_bringup/lib/python3.12/site-packages/multi_robot_scripts/__init__.py
/root/ros_workspace/install/multi_robot_bringup/lib/python3.12/site-packages/multi_robot_bringup/__init__.py
/root/ros_workspace/install/multi_robot_bringup/lib/python3.12/site-packages/multi_robot_scripts/__pycache__/utils.cpython-312.pyc
/root/ros_workspace/install/multi_robot_bringup/lib/python3.12/site-packages/multi_robot_scripts/__pycache__/__init__.cpython-312.pyc
/root/ros_workspace/install/multi_robot_bringup/lib/python3.12/site-packages/multi_robot_bringup/__pycache__/__init__.cpython-312.pyc
/root/ros_workspace/install/multi_robot_bringup/share/ament_index/resource_index/packages/multi_robot_bringup
/root/ros_workspace/install/multi_robot_bringup/share/multi_robot_bringup/package.xml
/root/ros_workspace/install/multi_robot_bringup/share/multi_robot_bringup/launch/tb3_nav2.launch.py
/root/ros_workspace/install/multi_robot_bringup/share/multi_robot_bringup/launch/tb3_world.launch.py
/root/ros_workspace/install/multi_robot_bringup/share/multi_robot_bringup/params/burger_nav2_params.yaml
/root/ros_workspace/install/multi_robot_bringup/share/multi_robot_bringup/rviz/tb3_navigation2.rviz
/root/ros_workspace/install/multi_robot_bringup/share/multi_robot_bringup/config/robots.yaml
/root/ros_workspace/install/multi_robot_bringup/share/multi_robot_bringup/map/map.yaml
/root/ros_workspace/install/multi_robot_bringup/share/multi_robot_bringup/map/map2.yaml
/root/ros_workspace/install/multi_robot_bringup/share/multi_robot_bringup/map/map.pgm
/root/ros_workspace/install/multi_robot_bringup/share/multi_robot_bringup/map/map2.pgm
/root/ros_workspace/install/multi_robot_bringup/share/multi_robot_bringup/launch/nav2_custom
/root/ros_workspace/install/multi_robot_bringup/lib/python3.12/site-packages/multi_robot_bringup-0.0.0-py3.12.egg-info/top_level.txt
/root/ros_workspace/install/multi_robot_bringup/lib/python3.12/site-packages/multi_robot_bringup-0.0.0-py3.12.egg-info/dependency_links.txt
/root/ros_workspace/install/multi_robot_bringup/lib/python3.12/site-packages/multi_robot_bringup-0.0.0-py3.12.egg-info/SOURCES.txt
/root/ros_workspace/install/multi_robot_bringup/lib/python3.12/site-packages/multi_robot_bringup-0.0.0-py3.12.egg-info/requires.txt
/root/ros_workspace/install/multi_robot_bringup/lib/python3.12/site-packages/multi_robot_bringup-0.0.0-py3.12.egg-info/PKG-INFO
/root/ros_workspace/install/multi_robot_bringup/lib/python3.12/site-packages/multi_robot_bringup-0.0.0-py3.12.egg-info/zip-safe
